{"preview":false,"offset":5137,"result":{"ComputerName":"we2256srv.waynecorpinc.local","EventCode":"326","EventType":"4","Internal_Timing_Sequence":"[1] 0.000, [2] 0.000, [3] 0.000, [4] 0.000, [5] 0.000, [6] 0.000, [7] 0.000, [8] 0.000, [9] 0.000, [10] 0.000, [11] 0.000, [12] 0.000.","Keywords":"Classic","LogName":"Application","Message":"svchost (1060) The database engine attached a database (2, C:\\Windows\\system32\\LogFiles\\Sum\\SystemIdentity.mdb). (Time=0 seconds) \n \nInternal Timing Sequence: [1] 0.000, [2] 0.000, [3] 0.000, [4] 0.000, [5] 0.000, [6] 0.000, [7] 0.000, [8] 0.000, [9] 0.000, [10] 0.000, [11] 0.000, [12] 0.000. \nSaved Cache: 1 0","OpCode":"Info","RecordNumber":"899","Saved_Cache":"1 0","SourceName":"ESENT","TaskCategory":"General","Type":"Information","date_hour":"3","date_mday":"1","date_minute":"16","date_month":"august","date_second":"36","date_wday":"monday","date_year":"2016","date_zone":"local","dest":"we2256srv.waynecorpinc.local","dvc":"we2256srv","dvc_nt_host":"we2256srv","event_id":"899","eventtype":["winapp","wineventlog_application","wineventlog_windows"],"host":"we2256srv","id":"899","index":"botsv1","linecount":"16","punct":"//_::_======..=====_()_______(,_:\\\\\\\\\\.)._(=_)____","severity":"Information","severity_id":"4","signature_id":"326","source":"WinEventLog:Application","sourcetype":"WinEventLog:Application","splunk_server":"kraken.local","tag":["os","windows"],"tag::eventtype":["os","windows"],"timeendpos":"23","timestartpos":"0","_bkt":"botsv1~59~25FE58F7-C438-478E-AC42-625F7A4D81D6","_cd":"59:18503604","_eventtype_color":"none","_indextime":"1473351777","_pre_msg":"08/01/2016 03:16:36 AM\nLogName=Application\nSourceName=ESENT\nEventCode=326\nEventType=4\nType=Information\nComputerName=we2256srv.waynecorpinc.local\nTaskCategory=General\nOpCode=Info\nRecordNumber=899\nKeywords=Classic","_raw":"08/01/2016 03:16:36 AM\nLogName=Application\nSourceName=ESENT\nEventCode=326\nEventType=4\nType=Information\nComputerName=we2256srv.waynecorpinc.local\nTaskCategory=General\nOpCode=Info\nRecordNumber=899\nKeywords=Classic\nMessage=svchost (1060) The database engine attached a database (2, C:\\Windows\\system32\\LogFiles\\Sum\\SystemIdentity.mdb). (Time=0 seconds) \n \nInternal Timing Sequence: [1] 0.000, [2] 0.000, [3] 0.000, [4] 0.000, [5] 0.000, [6] 0.000, [7] 0.000, [8] 0.000, [9] 0.000, [10] 0.000, [11] 0.000, [12] 0.000. \nSaved Cache: 1 0\n","_serial":"5137","_si":["kraken.local","botsv1"],"_sourcetype":"WinEventLog:Application","_time":"2016-07-31 21:16:36.000 MDT"}}
{"preview":false,"offset":5138,"result":{"ComputerName":"we6471srv.waynecorpinc.local","EventCode":"301","EventType":"4","Keywords":"Classic","LogName":"Application","Message":"svchost (968) DS_Token_DB: The database engine has begun replaying logfile C:\\Windows\\system32\\config\\systemprofile\\AppData\\Local\\DataSharing\\Storage\\DSS.log.","OpCode":"Info","RecordNumber":"1091","SourceName":"ESENT","TaskCategory":"Logging/Recovery","Type":"Information","date_hour":"3","date_mday":"1","date_minute":"12","date_month":"august","date_second":"30","date_wday":"monday","date_year":"2016","date_zone":"local","dest":"we6471srv.waynecorpinc.local","dvc":"we6471srv","dvc_nt_host":"we6471srv","event_id":"1091","eventtype":["winapp","wineventlog_application","wineventlog_windows"],"host":"we6471srv","id":"1091","index":"botsv1","linecount":"13","punct":"//_::_======..=/====_()_:________:\\\\\\\\\\\\\\\\\\..","severity":"Information","severity_id":"4","signature_id":"301","source":"WinEventLog:Application","sourcetype":"WinEventLog:Application","splunk_server":"kraken.local","tag":["os","windows"],"tag::eventtype":["os","windows"],"timeendpos":"23","timestartpos":"0","_bkt":"botsv1~59~25FE58F7-C438-478E-AC42-625F7A4D81D6","_cd":"59:260165342","_eventtype_color":"none","_indextime":"1473355558","_pre_msg":"08/01/2016 03:12:30 AM\nLogName=Application\nSourceName=ESENT\nEventCode=301\nEventType=4\nType=Information\nComputerName=we6471srv.waynecorpinc.local\nTaskCategory=Logging/Recovery\nOpCode=Info\nRecordNumber=1091\nKeywords=Classic","_raw":"08/01/2016 03:12:30 AM\nLogName=Application\nSourceName=ESENT\nEventCode=301\nEventType=4\nType=Information\nComputerName=we6471srv.waynecorpinc.local\nTaskCategory=Logging/Recovery\nOpCode=Info\nRecordNumber=1091\nKeywords=Classic\nMessage=svchost (968) DS_Token_DB: The database engine has begun replaying logfile C:\\Windows\\system32\\config\\systemprofile\\AppData\\Local\\DataSharing\\Storage\\DSS.log.\n","_serial":"5138","_si":["kraken.local","botsv1"],"_sourcetype":"WinEventLog:Application","_time":"2016-07-31 21:12:30.000 MDT"}}
{"preview":false,"offset":5139,"result":{"ComputerName":"we1143srv.waynecorpinc.local","EventCode":"327","EventType":"4","Internal_Timing_Sequence":"[1] 0.000, [2] 0.000, [3] 0.000, [4] 0.000, [5] 0.000, [6] 0.016, [7] 0.000, [8] 0.000, [9] 0.000, [10] 0.000, [11] 0.000, [12] 0.000.","Keywords":"Classic","LogName":"Application","Message":"svchost (1060) The database engine detached a database (2, C:\\Windows\\system32\\LogFiles\\Sum\\SystemIdentity.mdb). (Time=0 seconds) \n \nInternal Timing Sequence: [1] 0.000, [2] 0.000, [3] 0.000, [4] 0.000, [5] 0.000, [6] 0.016, [7] 0.000, [8] 0.000, [9] 0.000, [10] 0.000, [11] 0.000, [12] 0.000. \nRevived Cache: 0 0","OpCode":"Info","RecordNumber":"900","Revived_Cache":"0 0","SourceName":"ESENT","TaskCategory":"General","Type":"Information","date_hour":"2","date_mday":"1","date_minute":"55","date_month":"august","date_second":"46","date_wday":"monday","date_year":"2016","date_zone":"local","dest":"we1143srv.waynecorpinc.local","dvc":"we1143srv","dvc_nt_host":"we1143srv","event_id":"900","eventtype":["winapp","wineventlog_application","wineventlog_windows"],"host":"we1143srv","id":"900","index":"botsv1","linecount":"16","punct":"//_::_======..=====_()_______(,_:\\\\\\\\\\.)._(=_)____","severity":"Information","severity_id":"4","signature_id":"327","source":"WinEventLog:Application","sourcetype":"WinEventLog:Application","splunk_server":"kraken.local","tag":["os","windows"],"tag::eventtype":["os","windows"],"timeendpos":"23","timestartpos":"0","_bkt":"botsv1~59~25FE58F7-C438-478E-AC42-625F7A4D81D6","_cd":"59:287488365","_eventtype_color":"none","_indextime":"1473355989","_pre_msg":"08/01/2016 02:55:46 AM\nLogName=Application\nSourceName=ESENT\nEventCode=327\nEventType=4\nType=Information\nComputerName=we1143srv.waynecorpinc.local\nTaskCategory=General\nOpCode=Info\nRecordNumber=900\nKeywords=Classic","_raw":"08/01/2016 02:55:46 AM\nLogName=Application\nSourceName=ESENT\nEventCode=327\nEventType=4\nType=Information\nComputerName=we1143srv.waynecorpinc.local\nTaskCategory=General\nOpCode=Info\nRecordNumber=900\nKeywords=Classic\nMessage=svchost (1060) The database engine detached a database (2, C:\\Windows\\system32\\LogFiles\\Sum\\SystemIdentity.mdb). (Time=0 seconds) \n \nInternal Timing Sequence: [1] 0.000, [2] 0.000, [3] 0.000, [4] 0.000, [5] 0.000, [6] 0.016, [7] 0.000, [8] 0.000, [9] 0.000, [10] 0.000, [11] 0.000, [12] 0.000. \nRevived Cache: 0 0\n","_serial":"5139","_si":["kraken.local","botsv1"],"_sourcetype":"WinEventLog:Application","_time":"2016-07-31 20:55:46.000 MDT"}}
{"preview":false,"offset":5140,"result":{"ComputerName":"we7028srv.waynecorpinc.local","EventCode":"300","EventType":"4","Keywords":"Classic","LogName":"Application","Message":"svchost (968) DS_Token_DB: The database engine is initiating recovery steps.","OpCode":"Info","RecordNumber":"1090","SourceName":"ESENT","TaskCategory":"Logging/Recovery","Type":"Information","date_hour":"2","date_mday":"1","date_minute":"54","date_month":"august","date_second":"25","date_wday":"monday","date_year":"2016","date_zone":"local","dest":"we7028srv.waynecorpinc.local","dvc":"we7028srv","dvc_nt_host":"we7028srv","event_id":"1090","eventtype":["winapp","wineventlog_application","wineventlog_windows"],"host":"we7028srv","id":"1090","index":"botsv1","linecount":"13","punct":"//_::_======..=/====_()_:_______.","severity":"Information","severity_id":"4","signature_id":"300","source":"WinEventLog:Application","sourcetype":"WinEventLog:Application","splunk_server":"kraken.local","tag":["os","windows"],"tag::eventtype":["os","windows"],"timeendpos":"23","timestartpos":"0","_bkt":"botsv1~59~25FE58F7-C438-478E-AC42-625F7A4D81D6","_cd":"59:709830650","_eventtype_color":"none","_indextime":"1473362591","_pre_msg":"08/01/2016 02:54:25 AM\nLogName=Application\nSourceName=ESENT\nEventCode=300\nEventType=4\nType=Information\nComputerName=we7028srv.waynecorpinc.local\nTaskCategory=Logging/Recovery\nOpCode=Info\nRecordNumber=1090\nKeywords=Classic","_raw":"08/01/2016 02:54:25 AM\nLogName=Application\nSourceName=ESENT\nEventCode=300\nEventType=4\nType=Information\nComputerName=we7028srv.waynecorpinc.local\nTaskCategory=Logging/Recovery\nOpCode=Info\nRecordNumber=1090\nKeywords=Classic\nMessage=svchost (968) DS_Token_DB: The database engine is initiating recovery steps.\n","_serial":"5140","_si":["kraken.local","botsv1"],"_sourcetype":"WinEventLog:Application","_time":"2016-07-31 20:54:25.000 MDT"}}
{"preview":false,"offset":5141,"result":{"ComputerName":"we9945srv.waynecorpinc.local","EventCode":"326","EventType":"4","Internal_Timing_Sequence":"[1] 0.000, [2] 0.000, [3] 0.000, [4] 0.000, [5] 0.000, [6] 0.000, [7] 0.000, [8] 0.000, [9] 0.000, [10] 0.000, [11] 0.000, [12] 0.000.","Keywords":"Classic","LogName":"Application","Message":"svchost (1060) The database engine attached a database (2, C:\\Windows\\system32\\LogFiles\\Sum\\SystemIdentity.mdb). (Time=0 seconds) \n \nInternal Timing Sequence: [1] 0.000, [2] 0.000, [3] 0.000, [4] 0.000, [5] 0.000, [6] 0.000, [7] 0.000, [8] 0.000, [9] 0.000, [10] 0.000, [11] 0.000, [12] 0.000. \nSaved Cache: 1 0","OpCode":"Info","RecordNumber":"891","Saved_Cache":"1 0","SourceName":"ESENT","TaskCategory":"General","Type":"Information","date_hour":"2","date_mday":"1","date_minute":"44","date_month":"august","date_second":"48","date_wday":"monday","date_year":"2016","date_zone":"local","dest":"we9945srv.waynecorpinc.local","dvc":"we9945srv","dvc_nt_host":"we9945srv","event_id":"891","eventtype":["winapp","wineventlog_application","wineventlog_windows"],"host":"we9945srv","id":"891","index":"botsv1","linecount":"16","punct":"//_::_======..=====_()_______(,_:\\\\\\\\\\.)._(=_)____","severity":"Information","severity_id":"4","signature_id":"326","source":"WinEventLog:Application","sourcetype":"WinEventLog:Application","splunk_server":"kraken.local","tag":["os","windows"],"tag::eventtype":["os","windows"],"timeendpos":"23","timestartpos":"0","_bkt":"botsv1~59~25FE58F7-C438-478E-AC42-625F7A4D81D6","_cd":"59:278201816","_eventtype_color":"none","_indextime":"1473355845","_pre_msg":"08/01/2016 02:44:48 AM\nLogName=Application\nSourceName=ESENT\nEventCode=326\nEventType=4\nType=Information\nComputerName=we9945srv.waynecorpinc.local\nTaskCategory=General\nOpCode=Info\nRecordNumber=891\nKeywords=Classic","_raw":"08/01/2016 02:44:48 AM\nLogName=Application\nSourceName=ESENT\nEventCode=326\nEventType=4\nType=Information\nComputerName=we9945srv.waynecorpinc.local\nTaskCategory=General\nOpCode=Info\nRecordNumber=891\nKeywords=Classic\nMessage=svchost (1060) The database engine attached a database (2, C:\\Windows\\system32\\LogFiles\\Sum\\SystemIdentity.mdb). (Time=0 seconds) \n \nInternal Timing Sequence: [1] 0.000, [2] 0.000, [3] 0.000, [4] 0.000, [5] 0.000, [6] 0.000, [7] 0.000, [8] 0.000, [9] 0.000, [10] 0.000, [11] 0.000, [12] 0.000. \nSaved Cache: 1 0\n","_serial":"5141","_si":["kraken.local","botsv1"],"_sourcetype":"WinEventLog:Application","_time":"2016-07-31 20:44:48.000 MDT"}}
{"preview":false,"offset":5142,"result":{"ComputerName":"we2794srv.waynecorpinc.local","EventCode":"102","EventType":"4","Keywords":"Classic","LogName":"Application","Message":"svchost (968) DS_Token_DB: The database engine (10.00.10586.0000) is starting a new instance (0).","OpCode":"Info","RecordNumber":"1089","SourceName":"ESENT","TaskCategory":"General","Type":"Information","date_hour":"2","date_mday":"1","date_minute":"40","date_month":"august","date_second":"11","date_wday":"monday","date_year":"2016","date_zone":"local","dest":"we2794srv.waynecorpinc.local","dvc":"we2794srv","dvc_nt_host":"we2794srv","event_id":"1089","eventtype":["winapp","wineventlog_application","wineventlog_windows"],"host":"we2794srv","id":"1089","index":"botsv1","linecount":"13","punct":"//_::_======..=====_()_:____(...)______().","severity":"Information","severity_id":"4","signature_id":"102","source":"WinEventLog:Application","sourcetype":"WinEventLog:Application","splunk_server":"kraken.local","tag":["os","windows"],"tag::eventtype":["os","windows"],"timeendpos":"23","timestartpos":"0","_bkt":"botsv1~59~25FE58F7-C438-478E-AC42-625F7A4D81D6","_cd":"59:85455478","_eventtype_color":"none","_indextime":"1473352820","_pre_msg":"08/01/2016 02:40:11 AM\nLogName=Application\nSourceName=ESENT\nEventCode=102\nEventType=4\nType=Information\nComputerName=we2794srv.waynecorpinc.local\nTaskCategory=General\nOpCode=Info\nRecordNumber=1089\nKeywords=Classic","_raw":"08/01/2016 02:40:11 AM\nLogName=Application\nSourceName=ESENT\nEventCode=102\nEventType=4\nType=Information\nComputerName=we2794srv.waynecorpinc.local\nTaskCategory=General\nOpCode=Info\nRecordNumber=1089\nKeywords=Classic\nMessage=svchost (968) DS_Token_DB: The database engine (10.00.10586.0000) is starting a new instance (0).\n","_serial":"5142","_si":["kraken.local","botsv1"],"_sourcetype":"WinEventLog:Application","_time":"2016-07-31 20:40:11.000 MDT"}}
{"preview":false,"offset":5143,"result":{"ComputerName":"we9764srv.waynecorpinc.local","EventCode":"326","EventType":"4","Internal_Timing_Sequence":"[1] 0.000, [2] 0.000, [3] 0.000, [4] 0.000, [5] 0.000, [6] 0.000, [7] 0.000, [8] 0.000, [9] 0.000, [10] 0.000, [11] 0.000, [12] 0.000.","Keywords":"Classic","LogName":"Application","Message":"svchost (1060) The database engine attached a database (2, C:\\Windows\\system32\\LogFiles\\Sum\\SystemIdentity.mdb). (Time=0 seconds) \n \nInternal Timing Sequence: [1] 0.000, [2] 0.000, [3] 0.000, [4] 0.000, [5] 0.000, [6] 0.000, [7] 0.000, [8] 0.000, [9] 0.000, [10] 0.000, [11] 0.000, [12] 0.000. \nSaved Cache: 1 0","OpCode":"Info","RecordNumber":"895","Saved_Cache":"1 0","SourceName":"ESENT","TaskCategory":"General","Type":"Information","date_hour":"2","date_mday":"1","date_minute":"33","date_month":"august","date_second":"41","date_wday":"monday","date_year":"2016","date_zone":"local","dest":"we9764srv.waynecorpinc.local","dvc":"we9764srv","dvc_nt_host":"we9764srv","event_id":"895","eventtype":["winapp","wineventlog_application","wineventlog_windows"],"host":"we9764srv","id":"895","index":"botsv1","linecount":"16","punct":"//_::_======..=====_()_______(,_:\\\\\\\\\\.)._(=_)____","severity":"Information","severity_id":"4","signature_id":"326","source":"WinEventLog:Application","sourcetype":"WinEventLog:Application","splunk_server":"kraken.local","tag":["os","windows"],"tag::eventtype":["os","windows"],"timeendpos":"23","timestartpos":"0","_bkt":"botsv1~59~25FE58F7-C438-478E-AC42-625F7A4D81D6","_cd":"59:256740746","_eventtype_color":"none","_indextime":"1473355504","_pre_msg":"08/01/2016 02:33:41 AM\nLogName=Application\nSourceName=ESENT\nEventCode=326\nEventType=4\nType=Information\nComputerName=we9764srv.waynecorpinc.local\nTaskCategory=General\nOpCode=Info\nRecordNumber=895\nKeywords=Classic","_raw":"08/01/2016 02:33:41 AM\nLogName=Application\nSourceName=ESENT\nEventCode=326\nEventType=4\nType=Information\nComputerName=we9764srv.waynecorpinc.local\nTaskCategory=General\nOpCode=Info\nRecordNumber=895\nKeywords=Classic\nMessage=svchost (1060) The database engine attached a database (2, C:\\Windows\\system32\\LogFiles\\Sum\\SystemIdentity.mdb). (Time=0 seconds) \n \nInternal Timing Sequence: [1] 0.000, [2] 0.000, [3] 0.000, [4] 0.000, [5] 0.000, [6] 0.000, [7] 0.000, [8] 0.000, [9] 0.000, [10] 0.000, [11] 0.000, [12] 0.000. \nSaved Cache: 1 0\n","_serial":"5143","_si":["kraken.local","botsv1"],"_sourcetype":"WinEventLog:Application","_time":"2016-07-31 20:33:41.000 MDT"}}
{"preview":false,"offset":5144,"result":{"ComputerName":"we7050srv.waynecorpinc.local","EventCode":"327","EventType":"4","Internal_Timing_Sequence":"[1] 0.000, [2] 0.000, [3] 0.000, [4] 0.000, [5] 0.000, [6] 0.031, [7] 0.000, [8] 0.000, [9] 0.000, [10] 0.000, [11] 0.000, [12] 0.000.","Keywords":"Classic","LogName":"Application","Message":"svchost (1060) The database engine detached a database (2, C:\\Windows\\system32\\LogFiles\\Sum\\SystemIdentity.mdb). (Time=0 seconds) \n \nInternal Timing Sequence: [1] 0.000, [2] 0.000, [3] 0.000, [4] 0.000, [5] 0.000, [6] 0.031, [7] 0.000, [8] 0.000, [9] 0.000, [10] 0.000, [11] 0.000, [12] 0.000. \nRevived Cache: 0 0","OpCode":"Info","RecordNumber":"892","Revived_Cache":"0 0","SourceName":"ESENT","TaskCategory":"General","Type":"Information","date_hour":"2","date_mday":"1","date_minute":"32","date_month":"august","date_second":"21","date_wday":"monday","date_year":"2016","date_zone":"local","dest":"we7050srv.waynecorpinc.local","dvc":"we7050srv","dvc_nt_host":"we7050srv","event_id":"892","eventtype":["winapp","wineventlog_application","wineventlog_windows"],"host":"we7050srv","id":"892","index":"botsv1","linecount":"16","punct":"//_::_======..=====_()_______(,_:\\\\\\\\\\.)._(=_)____","severity":"Information","severity_id":"4","signature_id":"327","source":"WinEventLog:Application","sourcetype":"WinEventLog:Application","splunk_server":"kraken.local","tag":["os","windows"],"tag::eventtype":["os","windows"],"timeendpos":"23","timestartpos":"0","_bkt":"botsv1~59~25FE58F7-C438-478E-AC42-625F7A4D81D6","_cd":"59:243201844","_eventtype_color":"none","_indextime":"1473355292","_pre_msg":"08/01/2016 02:32:21 AM\nLogName=Application\nSourceName=ESENT\nEventCode=327\nEventType=4\nType=Information\nComputerName=we7050srv.waynecorpinc.local\nTaskCategory=General\nOpCode=Info\nRecordNumber=892\nKeywords=Classic","_raw":"08/01/2016 02:32:21 AM\nLogName=Application\nSourceName=ESENT\nEventCode=327\nEventType=4\nType=Information\nComputerName=we7050srv.waynecorpinc.local\nTaskCategory=General\nOpCode=Info\nRecordNumber=892\nKeywords=Classic\nMessage=svchost (1060) The database engine detached a database (2, C:\\Windows\\system32\\LogFiles\\Sum\\SystemIdentity.mdb). (Time=0 seconds) \n \nInternal Timing Sequence: [1] 0.000, [2] 0.000, [3] 0.000, [4] 0.000, [5] 0.000, [6] 0.031, [7] 0.000, [8] 0.000, [9] 0.000, [10] 0.000, [11] 0.000, [12] 0.000. \nRevived Cache: 0 0\n","_serial":"5144","_si":["kraken.local","botsv1"],"_sourcetype":"WinEventLog:Application","_time":"2016-07-31 20:32:21.000 MDT"}}
{"preview":false,"offset":5145,"result":{"ComputerName":"we7547srv.waynecorpinc.local","EventCode":"102","EventType":"4","Keywords":"Classic","LogName":"Application","Message":"svchost (968) DS_Token_DB: The database engine (10.00.10586.0000) is starting a new instance (0).","OpCode":"Info","RecordNumber":"1089","SourceName":"ESENT","TaskCategory":"General","Type":"Information","date_hour":"2","date_mday":"1","date_minute":"30","date_month":"august","date_second":"46","date_wday":"monday","date_year":"2016","date_zone":"local","dest":"we7547srv.waynecorpinc.local","dvc":"we7547srv","dvc_nt_host":"we7547srv","event_id":"1089","eventtype":["winapp","wineventlog_application","wineventlog_windows"],"host":"we7547srv","id":"1089","index":"botsv1","linecount":"13","punct":"//_::_======..=====_()_:____(...)______().","severity":"Information","severity_id":"4","signature_id":"102","source":"WinEventLog:Application","sourcetype":"WinEventLog:Application","splunk_server":"kraken.local","tag":["os","windows"],"tag::eventtype":["os","windows"],"timeendpos":"23","timestartpos":"0","_bkt":"botsv1~59~25FE58F7-C438-478E-AC42-625F7A4D81D6","_cd":"59:139091655","_eventtype_color":"none","_indextime":"1473353657","_pre_msg":"08/01/2016 02:30:46 AM\nLogName=Application\nSourceName=ESENT\nEventCode=102\nEventType=4\nType=Information\nComputerName=we7547srv.waynecorpinc.local\nTaskCategory=General\nOpCode=Info\nRecordNumber=1089\nKeywords=Classic","_raw":"08/01/2016 02:30:46 AM\nLogName=Application\nSourceName=ESENT\nEventCode=102\nEventType=4\nType=Information\nComputerName=we7547srv.waynecorpinc.local\nTaskCategory=General\nOpCode=Info\nRecordNumber=1089\nKeywords=Classic\nMessage=svchost (968) DS_Token_DB: The database engine (10.00.10586.0000) is starting a new instance (0).\n","_serial":"5145","_si":["kraken.local","botsv1"],"_sourcetype":"WinEventLog:Application","_time":"2016-07-31 20:30:46.000 MDT"}}
{"preview":false,"offset":5146,"result":{"ComputerName":"we5111srv.waynecorpinc.local","EventCode":"327","EventType":"4","Internal_Timing_Sequence":"[1] 0.000, [2] 0.000, [3] 0.000, [4] 0.000, [5] 0.000, [6] 0.016, [7] 0.000, [8] 0.000, [9] 0.000, [10] 0.000, [11] 0.000, [12] 0.000.","Keywords":"Classic","LogName":"Application","Message":"svchost (1060) The database engine detached a database (2, C:\\Windows\\system32\\LogFiles\\Sum\\SystemIdentity.mdb). (Time=0 seconds) \n \nInternal Timing Sequence: [1] 0.000, [2] 0.000, [3] 0.000, [4] 0.000, [5] 0.000, [6] 0.016, [7] 0.000, [8] 0.000, [9] 0.000, [10] 0.000, [11] 0.000, [12] 0.000. \nRevived Cache: 0 0","OpCode":"Info","RecordNumber":"900","Revived_Cache":"0 0","SourceName":"ESENT","TaskCategory":"General","Type":"Information","date_hour":"2","date_mday":"1","date_minute":"26","date_month":"august","date_second":"21","date_wday":"monday","date_year":"2016","date_zone":"local","dest":"we5111srv.waynecorpinc.local","dvc":"we5111srv","dvc_nt_host":"we5111srv","event_id":"900","eventtype":["winapp","wineventlog_application","wineventlog_windows"],"host":"we5111srv","id":"900","index":"botsv1","linecount":"16","punct":"//_::_======..=====_()_______(,_:\\\\\\\\\\.)._(=_)____","severity":"Information","severity_id":"4","signature_id":"327","source":"WinEventLog:Application","sourcetype":"WinEventLog:Application","splunk_server":"kraken.local","tag":["os","windows"],"tag::eventtype":["os","windows"],"timeendpos":"23","timestartpos":"0","_bkt":"botsv1~59~25FE58F7-C438-478E-AC42-625F7A4D81D6","_cd":"59:900804940","_eventtype_color":"none","_indextime":"1473365638","_pre_msg":"08/01/2016 02:26:21 AM\nLogName=Application\nSourceName=ESENT\nEventCode=327\nEventType=4\nType=Information\nComputerName=we5111srv.waynecorpinc.local\nTaskCategory=General\nOpCode=Info\nRecordNumber=900\nKeywords=Classic","_raw":"08/01/2016 02:26:21 AM\nLogName=Application\nSourceName=ESENT\nEventCode=327\nEventType=4\nType=Information\nComputerName=we5111srv.waynecorpinc.local\nTaskCategory=General\nOpCode=Info\nRecordNumber=900\nKeywords=Classic\nMessage=svchost (1060) The database engine detached a database (2, C:\\Windows\\system32\\LogFiles\\Sum\\SystemIdentity.mdb). (Time=0 seconds) \n \nInternal Timing Sequence: [1] 0.000, [2] 0.000, [3] 0.000, [4] 0.000, [5] 0.000, [6] 0.016, [7] 0.000, [8] 0.000, [9] 0.000, [10] 0.000, [11] 0.000, [12] 0.000. \nRevived Cache: 0 0\n","_serial":"5146","_si":["kraken.local","botsv1"],"_sourcetype":"WinEventLog:Application","_time":"2016-07-31 20:26:21.000 MDT"}}
{"preview":false,"offset":5147,"result":{"ComputerName":"we6200srv.waynecorpinc.local","EventCode":"326","EventType":"4","Internal_Timing_Sequence":"[1] 0.000, [2] 0.000, [3] 0.000, [4] 0.000, [5] 0.000, [6] 0.000, [7] 0.000, [8] 0.000, [9] 0.000, [10] 0.000, [11] 0.000, [12] 0.000.","Keywords":"Classic","LogName":"Application","Message":"svchost (1060) The database engine attached a database (2, C:\\Windows\\system32\\LogFiles\\Sum\\SystemIdentity.mdb). (Time=0 seconds) \n \nInternal Timing Sequence: [1] 0.000, [2] 0.000, [3] 0.000, [4] 0.000, [5] 0.000, [6] 0.000, [7] 0.000, [8] 0.000, [9] 0.000, [10] 0.000, [11] 0.000, [12] 0.000. \nSaved Cache: 1 0","OpCode":"Info","RecordNumber":"895","Saved_Cache":"1 0","SourceName":"ESENT","TaskCategory":"General","Type":"Information","date_hour":"2","date_mday":"1","date_minute":"11","date_month":"august","date_second":"15","date_wday":"monday","date_year":"2016","date_zone":"local","dest":"we6200srv.waynecorpinc.local","dvc":"we6200srv","dvc_nt_host":"we6200srv","event_id":"895","eventtype":["winapp","wineventlog_application","wineventlog_windows"],"host":"we6200srv","id":"895","index":"botsv1","linecount":"16","punct":"//_::_======..=====_()_______(,_:\\\\\\\\\\.)._(=_)____","severity":"Information","severity_id":"4","signature_id":"326","source":"WinEventLog:Application","sourcetype":"WinEventLog:Application","splunk_server":"kraken.local","tag":["os","windows"],"tag::eventtype":["os","windows"],"timeendpos":"23","timestartpos":"0","_bkt":"botsv1~59~25FE58F7-C438-478E-AC42-625F7A4D81D6","_cd":"59:283432563","_eventtype_color":"none","_indextime":"1473355924","_pre_msg":"08/01/2016 02:11:15 AM\nLogName=Application\nSourceName=ESENT\nEventCode=326\nEventType=4\nType=Information\nComputerName=we6200srv.waynecorpinc.local\nTaskCategory=General\nOpCode=Info\nRecordNumber=895\nKeywords=Classic","_raw":"08/01/2016 02:11:15 AM\nLogName=Application\nSourceName=ESENT\nEventCode=326\nEventType=4\nType=Information\nComputerName=we6200srv.waynecorpinc.local\nTaskCategory=General\nOpCode=Info\nRecordNumber=895\nKeywords=Classic\nMessage=svchost (1060) The database engine attached a database (2, C:\\Windows\\system32\\LogFiles\\Sum\\SystemIdentity.mdb). (Time=0 seconds) \n \nInternal Timing Sequence: [1] 0.000, [2] 0.000, [3] 0.000, [4] 0.000, [5] 0.000, [6] 0.000, [7] 0.000, [8] 0.000, [9] 0.000, [10] 0.000, [11] 0.000, [12] 0.000. \nSaved Cache: 1 0\n","_serial":"5147","_si":["kraken.local","botsv1"],"_sourcetype":"WinEventLog:Application","_time":"2016-07-31 20:11:15.000 MDT"}}
{"preview":false,"offset":5148,"result":{"ComputerName":"we6104srv.waynecorpinc.local","EventCode":"326","EventType":"4","Internal_Timing_Sequence":"[1] 0.000, [2] 0.000, [3] 0.000, [4] 0.000, [5] 0.000, [6] 0.000, [7] 0.000, [8] 0.000, [9] 0.000, [10] 0.000, [11] 0.000, [12] 0.000.","Keywords":"Classic","LogName":"Application","Message":"svchost (1060) The database engine attached a database (2, C:\\Windows\\system32\\LogFiles\\Sum\\SystemIdentity.mdb). (Time=0 seconds) \n \nInternal Timing Sequence: [1] 0.000, [2] 0.000, [3] 0.000, [4] 0.000, [5] 0.000, [6] 0.000, [7] 0.000, [8] 0.000, [9] 0.000, [10] 0.000, [11] 0.000, [12] 0.000. \nSaved Cache: 1 0","OpCode":"Info","RecordNumber":"889","Saved_Cache":"1 0","SourceName":"ESENT","TaskCategory":"General","Type":"Information","date_hour":"2","date_mday":"1","date_minute":"6","date_month":"august","date_second":"43","date_wday":"monday","date_year":"2016","date_zone":"local","dest":"we6104srv.waynecorpinc.local","dvc":"we6104srv","dvc_nt_host":"we6104srv","event_id":"889","eventtype":["winapp","wineventlog_application","wineventlog_windows"],"host":"we6104srv","id":"889","index":"botsv1","linecount":"16","punct":"//_::_======..=====_()_______(,_:\\\\\\\\\\.)._(=_)____","severity":"Information","severity_id":"4","signature_id":"326","source":"WinEventLog:Application","sourcetype":"WinEventLog:Application","splunk_server":"kraken.local","tag":["os","windows"],"tag::eventtype":["os","windows"],"timeendpos":"23","timestartpos":"0","_bkt":"botsv1~59~25FE58F7-C438-478E-AC42-625F7A4D81D6","_cd":"59:579874209","_eventtype_color":"none","_indextime":"1473360560","_pre_msg":"08/01/2016 02:06:43 AM\nLogName=Application\nSourceName=ESENT\nEventCode=326\nEventType=4\nType=Information\nComputerName=we6104srv.waynecorpinc.local\nTaskCategory=General\nOpCode=Info\nRecordNumber=889\nKeywords=Classic","_raw":"08/01/2016 02:06:43 AM\nLogName=Application\nSourceName=ESENT\nEventCode=326\nEventType=4\nType=Information\nComputerName=we6104srv.waynecorpinc.local\nTaskCategory=General\nOpCode=Info\nRecordNumber=889\nKeywords=Classic\nMessage=svchost (1060) The database engine attached a database (2, C:\\Windows\\system32\\LogFiles\\Sum\\SystemIdentity.mdb). (Time=0 seconds) \n \nInternal Timing Sequence: [1] 0.000, [2] 0.000, [3] 0.000, [4] 0.000, [5] 0.000, [6] 0.000, [7] 0.000, [8] 0.000, [9] 0.000, [10] 0.000, [11] 0.000, [12] 0.000. \nSaved Cache: 1 0\n","_serial":"5148","_si":["kraken.local","botsv1"],"_sourcetype":"WinEventLog:Application","_time":"2016-07-31 20:06:43.000 MDT"}}
{"preview":false,"offset":5149,"result":{"ComputerName":"we9666srv.waynecorpinc.local","EventCode":"102","EventType":"4","Keywords":"Classic","LogName":"Application","Message":"svchost (968) DS_Token_DB: The database engine (10.00.10586.0000) is starting a new instance (0).","OpCode":"Info","RecordNumber":"1089","SourceName":"ESENT","TaskCategory":"General","Type":"Information","date_hour":"1","date_mday":"1","date_minute":"49","date_month":"august","date_second":"54","date_wday":"monday","date_year":"2016","date_zone":"local","dest":"we9666srv.waynecorpinc.local","dvc":"we9666srv","dvc_nt_host":"we9666srv","event_id":"1089","eventtype":["winapp","wineventlog_application","wineventlog_windows"],"host":"we9666srv","id":"1089","index":"botsv1","linecount":"13","punct":"//_::_======..=====_()_:____(...)______().","severity":"Information","severity_id":"4","signature_id":"102","source":"WinEventLog:Application","sourcetype":"WinEventLog:Application","splunk_server":"kraken.local","tag":["os","windows"],"tag::eventtype":["os","windows"],"timeendpos":"23","timestartpos":"0","_bkt":"botsv1~59~25FE58F7-C438-478E-AC42-625F7A4D81D6","_cd":"59:737033328","_eventtype_color":"none","_indextime":"1473363018","_pre_msg":"08/01/2016 01:49:54 AM\nLogName=Application\nSourceName=ESENT\nEventCode=102\nEventType=4\nType=Information\nComputerName=we9666srv.waynecorpinc.local\nTaskCategory=General\nOpCode=Info\nRecordNumber=1089\nKeywords=Classic","_raw":"08/01/2016 01:49:54 AM\nLogName=Application\nSourceName=ESENT\nEventCode=102\nEventType=4\nType=Information\nComputerName=we9666srv.waynecorpinc.local\nTaskCategory=General\nOpCode=Info\nRecordNumber=1089\nKeywords=Classic\nMessage=svchost (968) DS_Token_DB: The database engine (10.00.10586.0000) is starting a new instance (0).\n","_serial":"5149","_si":["kraken.local","botsv1"],"_sourcetype":"WinEventLog:Application","_time":"2016-07-31 19:49:54.000 MDT"}}
{"preview":false,"offset":5150,"result":{"ComputerName":"we8673srv.waynecorpinc.local","EventCode":"327","EventType":"4","Internal_Timing_Sequence":"[1] 0.000, [2] 0.000, [3] 0.000, [4] 0.000, [5] 0.000, [6] 0.015, [7] 0.000, [8] 0.000, [9] 0.000, [10] 0.000, [11] 0.000, [12] 0.000.","Keywords":"Classic","LogName":"Application","Message":"svchost (1060) The database engine detached a database (2, C:\\Windows\\system32\\LogFiles\\Sum\\SystemIdentity.mdb). (Time=0 seconds) \n \nInternal Timing Sequence: [1] 0.000, [2] 0.000, [3] 0.000, [4] 0.000, [5] 0.000, [6] 0.015, [7] 0.000, [8] 0.000, [9] 0.000, [10] 0.000, [11] 0.000, [12] 0.000. \nRevived Cache: 0 0","OpCode":"Info","RecordNumber":"890","Revived_Cache":"0 0","SourceName":"ESENT","TaskCategory":"General","Type":"Information","date_hour":"1","date_mday":"1","date_minute":"38","date_month":"august","date_second":"14","date_wday":"monday","date_year":"2016","date_zone":"local","dest":"we8673srv.waynecorpinc.local","dvc":"we8673srv","dvc_nt_host":"we8673srv","event_id":"890","eventtype":["winapp","wineventlog_application","wineventlog_windows"],"host":"we8673srv","id":"890","index":"botsv1","linecount":"16","punct":"//_::_======..=====_()_______(,_:\\\\\\\\\\.)._(=_)____","severity":"Information","severity_id":"4","signature_id":"327","source":"WinEventLog:Application","sourcetype":"WinEventLog:Application","splunk_server":"kraken.local","tag":["os","windows"],"tag::eventtype":["os","windows"],"timeendpos":"23","timestartpos":"0","_bkt":"botsv1~59~25FE58F7-C438-478E-AC42-625F7A4D81D6","_cd":"59:776207903","_eventtype_color":"none","_indextime":"1473363632","_pre_msg":"08/01/2016 01:38:14 AM\nLogName=Application\nSourceName=ESENT\nEventCode=327\nEventType=4\nType=Information\nComputerName=we8673srv.waynecorpinc.local\nTaskCategory=General\nOpCode=Info\nRecordNumber=890\nKeywords=Classic","_raw":"08/01/2016 01:38:14 AM\nLogName=Application\nSourceName=ESENT\nEventCode=327\nEventType=4\nType=Information\nComputerName=we8673srv.waynecorpinc.local\nTaskCategory=General\nOpCode=Info\nRecordNumber=890\nKeywords=Classic\nMessage=svchost (1060) The database engine detached a database (2, C:\\Windows\\system32\\LogFiles\\Sum\\SystemIdentity.mdb). (Time=0 seconds) \n \nInternal Timing Sequence: [1] 0.000, [2] 0.000, [3] 0.000, [4] 0.000, [5] 0.000, [6] 0.015, [7] 0.000, [8] 0.000, [9] 0.000, [10] 0.000, [11] 0.000, [12] 0.000. \nRevived Cache: 0 0\n","_serial":"5150","_si":["kraken.local","botsv1"],"_sourcetype":"WinEventLog:Application","_time":"2016-07-31 19:38:14.000 MDT"}}
{"preview":false,"offset":5151,"result":{"ComputerName":"we9866srv.waynecorpinc.local","EventCode":"327","EventType":"4","Internal_Timing_Sequence":"[1] 0.000, [2] 0.000, [3] 0.000, [4] 0.000, [5] 0.000, [6] 0.015, [7] 0.000, [8] 0.000, [9] 0.000, [10] 0.000, [11] 0.000, [12] 0.000.","Keywords":"Classic","LogName":"Application","Message":"svchost (1060) The database engine detached a database (2, C:\\Windows\\system32\\LogFiles\\Sum\\SystemIdentity.mdb). (Time=0 seconds) \n \nInternal Timing Sequence: [1] 0.000, [2] 0.000, [3] 0.000, [4] 0.000, [5] 0.000, [6] 0.015, [7] 0.000, [8] 0.000, [9] 0.000, [10] 0.000, [11] 0.000, [12] 0.000. \nRevived Cache: 0 0","OpCode":"Info","RecordNumber":"894","Revived_Cache":"0 0","SourceName":"ESENT","TaskCategory":"General","Type":"Information","date_hour":"1","date_mday":"1","date_minute":"36","date_month":"august","date_second":"53","date_wday":"monday","date_year":"2016","date_zone":"local","dest":"we9866srv.waynecorpinc.local","dvc":"we9866srv","dvc_nt_host":"we9866srv","event_id":"894","eventtype":["winapp","wineventlog_application","wineventlog_windows"],"host":"we9866srv","id":"894","index":"botsv1","linecount":"16","punct":"//_::_======..=====_()_______(,_:\\\\\\\\\\.)._(=_)____","severity":"Information","severity_id":"4","signature_id":"327","source":"WinEventLog:Application","sourcetype":"WinEventLog:Application","splunk_server":"kraken.local","tag":["os","windows"],"tag::eventtype":["os","windows"],"timeendpos":"23","timestartpos":"0","_bkt":"botsv1~59~25FE58F7-C438-478E-AC42-625F7A4D81D6","_cd":"59:60825376","_eventtype_color":"none","_indextime":"1473352437","_pre_msg":"08/01/2016 01:36:53 AM\nLogName=Application\nSourceName=ESENT\nEventCode=327\nEventType=4\nType=Information\nComputerName=we9866srv.waynecorpinc.local\nTaskCategory=General\nOpCode=Info\nRecordNumber=894\nKeywords=Classic","_raw":"08/01/2016 01:36:53 AM\nLogName=Application\nSourceName=ESENT\nEventCode=327\nEventType=4\nType=Information\nComputerName=we9866srv.waynecorpinc.local\nTaskCategory=General\nOpCode=Info\nRecordNumber=894\nKeywords=Classic\nMessage=svchost (1060) The database engine detached a database (2, C:\\Windows\\system32\\LogFiles\\Sum\\SystemIdentity.mdb). (Time=0 seconds) \n \nInternal Timing Sequence: [1] 0.000, [2] 0.000, [3] 0.000, [4] 0.000, [5] 0.000, [6] 0.015, [7] 0.000, [8] 0.000, [9] 0.000, [10] 0.000, [11] 0.000, [12] 0.000. \nRevived Cache: 0 0\n","_serial":"5151","_si":["kraken.local","botsv1"],"_sourcetype":"WinEventLog:Application","_time":"2016-07-31 19:36:53.000 MDT"}}
{"preview":false,"offset":5152,"result":{"ComputerName":"we6122srv.waynecorpinc.local","EventCode":"327","EventType":"4","Internal_Timing_Sequence":"[1] 0.000, [2] 0.000, [3] 0.000, [4] 0.000, [5] 0.000, [6] 0.016, [7] 0.000, [8] 0.000, [9] 0.031, [10] 0.000, [11] 0.000, [12] 0.000.","Keywords":"Classic","LogName":"Application","Message":"svchost (1060) The database engine detached a database (2, C:\\Windows\\system32\\LogFiles\\Sum\\SystemIdentity.mdb). (Time=0 seconds) \n \nInternal Timing Sequence: [1] 0.000, [2] 0.000, [3] 0.000, [4] 0.000, [5] 0.000, [6] 0.016, [7] 0.000, [8] 0.000, [9] 0.031, [10] 0.000, [11] 0.000, [12] 0.000. \nRevived Cache: 0 0","OpCode":"Info","RecordNumber":"888","Revived_Cache":"0 0","SourceName":"ESENT","TaskCategory":"General","Type":"Information","date_hour":"1","date_mday":"1","date_minute":"34","date_month":"august","date_second":"9","date_wday":"monday","date_year":"2016","date_zone":"local","dest":"we6122srv.waynecorpinc.local","dvc":"we6122srv","dvc_nt_host":"we6122srv","event_id":"888","eventtype":["winapp","wineventlog_application","wineventlog_windows"],"host":"we6122srv","id":"888","index":"botsv1","linecount":"16","punct":"//_::_======..=====_()_______(,_:\\\\\\\\\\.)._(=_)____","severity":"Information","severity_id":"4","signature_id":"327","source":"WinEventLog:Application","sourcetype":"WinEventLog:Application","splunk_server":"kraken.local","tag":["os","windows"],"tag::eventtype":["os","windows"],"timeendpos":"23","timestartpos":"0","_bkt":"botsv1~59~25FE58F7-C438-478E-AC42-625F7A4D81D6","_cd":"59:755909252","_eventtype_color":"none","_indextime":"1473363310","_pre_msg":"08/01/2016 01:34:09 AM\nLogName=Application\nSourceName=ESENT\nEventCode=327\nEventType=4\nType=Information\nComputerName=we6122srv.waynecorpinc.local\nTaskCategory=General\nOpCode=Info\nRecordNumber=888\nKeywords=Classic","_raw":"08/01/2016 01:34:09 AM\nLogName=Application\nSourceName=ESENT\nEventCode=327\nEventType=4\nType=Information\nComputerName=we6122srv.waynecorpinc.local\nTaskCategory=General\nOpCode=Info\nRecordNumber=888\nKeywords=Classic\nMessage=svchost (1060) The database engine detached a database (2, C:\\Windows\\system32\\LogFiles\\Sum\\SystemIdentity.mdb). (Time=0 seconds) \n \nInternal Timing Sequence: [1] 0.000, [2] 0.000, [3] 0.000, [4] 0.000, [5] 0.000, [6] 0.016, [7] 0.000, [8] 0.000, [9] 0.031, [10] 0.000, [11] 0.000, [12] 0.000. \nRevived Cache: 0 0\n","_serial":"5152","_si":["kraken.local","botsv1"],"_sourcetype":"WinEventLog:Application","_time":"2016-07-31 19:34:09.000 MDT"}}
{"preview":false,"offset":5153,"result":{"ComputerName":"we8951srv.waynecorpinc.local","EventCode":"1001","EventType":"4","Keywords":"None","LogName":"Application","Message":"Performance counters for the WmiApRpl (WmiApRpl) service were removed successfully. The Record Data contains the new values of the system Last Counter and Last Help registry entries.","OpCode":"Info","RecordNumber":"1095","Sid":"S-1-5-18","SidType":"0","SourceName":"Microsoft-Windows-LoadPerf","TaskCategory":"None","Type":"Information","User":"NOT_TRANSLATED","date_hour":"1","date_mday":"1","date_minute":"29","date_month":"august","date_second":"4","date_wday":"monday","date_year":"2016","date_zone":"local","dest":"we8951srv.waynecorpinc.local","dvc":"we8951srv","dvc_nt_host":"we8951srv","event_id":"1095","eventtype":["winapp","wineventlog_application","wineventlog_windows"],"host":"we8951srv","id":"1095","index":"botsv1","linecount":"16","punct":"//_::_==--====..==---======_____()____.___________","severity":"Information","severity_id":"4","signature_id":"1001","source":"WinEventLog:Application","sourcetype":"WinEventLog:Application","splunk_server":"kraken.local","tag":["os","windows"],"tag::eventtype":["os","windows"],"timeendpos":"23","timestartpos":"0","_bkt":"botsv1~59~25FE58F7-C438-478E-AC42-625F7A4D81D6","_cd":"59:825299833","_eventtype_color":"none","_indextime":"1473364412","_pre_msg":"08/01/2016 01:29:04 AM\nLogName=Application\nSourceName=Microsoft-Windows-LoadPerf\nEventCode=1001\nEventType=4\nType=Information\nComputerName=we8951srv.waynecorpinc.local\nUser=NOT_TRANSLATED\nSid=S-1-5-18\nSidType=0\nTaskCategory=None\nOpCode=Info\nRecordNumber=1095\nKeywords=None","_raw":"08/01/2016 01:29:04 AM\nLogName=Application\nSourceName=Microsoft-Windows-LoadPerf\nEventCode=1001\nEventType=4\nType=Information\nComputerName=we8951srv.waynecorpinc.local\nUser=NOT_TRANSLATED\nSid=S-1-5-18\nSidType=0\nTaskCategory=None\nOpCode=Info\nRecordNumber=1095\nKeywords=None\nMessage=Performance counters for the WmiApRpl (WmiApRpl) service were removed successfully. The Record Data contains the new values of the system Last Counter and Last Help registry entries.\n","_serial":"5153","_si":["kraken.local","botsv1"],"_sourcetype":"WinEventLog:Application","_time":"2016-07-31 19:29:04.000 MDT"}}
{"preview":false,"offset":5154,"result":{"ComputerName":"we8020srv.waynecorpinc.local","EventCode":"302","EventType":"4","Keywords":"Classic","LogName":"Application","Message":"svchost (968) DS_Token_DB: The database engine has successfully completed recovery steps.","OpCode":"Info","RecordNumber":"1092","SourceName":"ESENT","TaskCategory":"Logging/Recovery","Type":"Information","date_hour":"1","date_mday":"1","date_minute":"17","date_month":"august","date_second":"54","date_wday":"monday","date_year":"2016","date_zone":"local","dest":"we8020srv.waynecorpinc.local","dvc":"we8020srv","dvc_nt_host":"we8020srv","event_id":"1092","eventtype":["winapp","wineventlog_application","wineventlog_windows"],"host":"we8020srv","id":"1092","index":"botsv1","linecount":"13","punct":"//_::_======..=/====_()_:________.","severity":"Information","severity_id":"4","signature_id":"302","source":"WinEventLog:Application","sourcetype":"WinEventLog:Application","splunk_server":"kraken.local","tag":["os","windows"],"tag::eventtype":["os","windows"],"timeendpos":"23","timestartpos":"0","_bkt":"botsv1~59~25FE58F7-C438-478E-AC42-625F7A4D81D6","_cd":"59:445395146","_eventtype_color":"none","_indextime":"1473358454","_pre_msg":"08/01/2016 01:17:54 AM\nLogName=Application\nSourceName=ESENT\nEventCode=302\nEventType=4\nType=Information\nComputerName=we8020srv.waynecorpinc.local\nTaskCategory=Logging/Recovery\nOpCode=Info\nRecordNumber=1092\nKeywords=Classic","_raw":"08/01/2016 01:17:54 AM\nLogName=Application\nSourceName=ESENT\nEventCode=302\nEventType=4\nType=Information\nComputerName=we8020srv.waynecorpinc.local\nTaskCategory=Logging/Recovery\nOpCode=Info\nRecordNumber=1092\nKeywords=Classic\nMessage=svchost (968) DS_Token_DB: The database engine has successfully completed recovery steps.\n","_serial":"5154","_si":["kraken.local","botsv1"],"_sourcetype":"WinEventLog:Application","_time":"2016-07-31 19:17:54.000 MDT"}}
{"preview":false,"offset":5155,"result":{"ComputerName":"we2523srv.waynecorpinc.local","EventCode":"327","EventType":"4","Internal_Timing_Sequence":"[1] 0.000, [2] 0.000, [3] 0.000, [4] 0.000, [5] 0.000, [6] 0.015, [7] 0.000, [8] 0.000, [9] 0.000, [10] 0.000, [11] 0.000, [12] 0.000.","Keywords":"Classic","LogName":"Application","Message":"svchost (1060) The database engine detached a database (2, C:\\Windows\\system32\\LogFiles\\Sum\\SystemIdentity.mdb). (Time=0 seconds) \n \nInternal Timing Sequence: [1] 0.000, [2] 0.000, [3] 0.000, [4] 0.000, [5] 0.000, [6] 0.015, [7] 0.000, [8] 0.000, [9] 0.000, [10] 0.000, [11] 0.000, [12] 0.000. \nRevived Cache: 0 0","OpCode":"Info","RecordNumber":"898","Revived_Cache":"0 0","SourceName":"ESENT","TaskCategory":"General","Type":"Information","date_hour":"1","date_mday":"1","date_minute":"4","date_month":"august","date_second":"34","date_wday":"monday","date_year":"2016","date_zone":"local","dest":"we2523srv.waynecorpinc.local","dvc":"we2523srv","dvc_nt_host":"we2523srv","event_id":"898","eventtype":["winapp","wineventlog_application","wineventlog_windows"],"host":"we2523srv","id":"898","index":"botsv1","linecount":"16","punct":"//_::_======..=====_()_______(,_:\\\\\\\\\\.)._(=_)____","severity":"Information","severity_id":"4","signature_id":"327","source":"WinEventLog:Application","sourcetype":"WinEventLog:Application","splunk_server":"kraken.local","tag":["os","windows"],"tag::eventtype":["os","windows"],"timeendpos":"23","timestartpos":"0","_bkt":"botsv1~59~25FE58F7-C438-478E-AC42-625F7A4D81D6","_cd":"59:487858545","_eventtype_color":"none","_indextime":"1473359118","_pre_msg":"08/01/2016 01:04:34 AM\nLogName=Application\nSourceName=ESENT\nEventCode=327\nEventType=4\nType=Information\nComputerName=we2523srv.waynecorpinc.local\nTaskCategory=General\nOpCode=Info\nRecordNumber=898\nKeywords=Classic","_raw":"08/01/2016 01:04:34 AM\nLogName=Application\nSourceName=ESENT\nEventCode=327\nEventType=4\nType=Information\nComputerName=we2523srv.waynecorpinc.local\nTaskCategory=General\nOpCode=Info\nRecordNumber=898\nKeywords=Classic\nMessage=svchost (1060) The database engine detached a database (2, C:\\Windows\\system32\\LogFiles\\Sum\\SystemIdentity.mdb). (Time=0 seconds) \n \nInternal Timing Sequence: [1] 0.000, [2] 0.000, [3] 0.000, [4] 0.000, [5] 0.000, [6] 0.015, [7] 0.000, [8] 0.000, [9] 0.000, [10] 0.000, [11] 0.000, [12] 0.000. \nRevived Cache: 0 0\n","_serial":"5155","_si":["kraken.local","botsv1"],"_sourcetype":"WinEventLog:Application","_time":"2016-07-31 19:04:34.000 MDT"}}
{"preview":false,"offset":5156,"result":{"ComputerName":"we6433srv.waynecorpinc.local","EventCode":"326","EventType":"4","Internal_Timing_Sequence":"[1] 0.000, [2] 0.000, [3] 0.000, [4] 0.000, [5] 0.000, [6] 0.000, [7] 0.000, [8] 0.000, [9] 0.000, [10] 0.000, [11] 0.000, [12] 0.000.","Keywords":"Classic","LogName":"Application","Message":"svchost (1060) The database engine attached a database (2, C:\\Windows\\system32\\LogFiles\\Sum\\SystemIdentity.mdb). (Time=0 seconds) \n \nInternal Timing Sequence: [1] 0.000, [2] 0.000, [3] 0.000, [4] 0.000, [5] 0.000, [6] 0.000, [7] 0.000, [8] 0.000, [9] 0.000, [10] 0.000, [11] 0.000, [12] 0.000. \nSaved Cache: 1 0","OpCode":"Info","RecordNumber":"899","Saved_Cache":"1 0","SourceName":"ESENT","TaskCategory":"General","Type":"Information","date_hour":"1","date_mday":"1","date_minute":"1","date_month":"august","date_second":"3","date_wday":"monday","date_year":"2016","date_zone":"local","dest":"we6433srv.waynecorpinc.local","dvc":"we6433srv","dvc_nt_host":"we6433srv","event_id":"899","eventtype":["winapp","wineventlog_application","wineventlog_windows"],"host":"we6433srv","id":"899","index":"botsv1","linecount":"16","punct":"//_::_======..=====_()_______(,_:\\\\\\\\\\.)._(=_)____","severity":"Information","severity_id":"4","signature_id":"326","source":"WinEventLog:Application","sourcetype":"WinEventLog:Application","splunk_server":"kraken.local","tag":["os","windows"],"tag::eventtype":["os","windows"],"timeendpos":"23","timestartpos":"0","_bkt":"botsv1~59~25FE58F7-C438-478E-AC42-625F7A4D81D6","_cd":"59:310785659","_eventtype_color":"none","_indextime":"1473356356","_pre_msg":"08/01/2016 01:01:03 AM\nLogName=Application\nSourceName=ESENT\nEventCode=326\nEventType=4\nType=Information\nComputerName=we6433srv.waynecorpinc.local\nTaskCategory=General\nOpCode=Info\nRecordNumber=899\nKeywords=Classic","_raw":"08/01/2016 01:01:03 AM\nLogName=Application\nSourceName=ESENT\nEventCode=326\nEventType=4\nType=Information\nComputerName=we6433srv.waynecorpinc.local\nTaskCategory=General\nOpCode=Info\nRecordNumber=899\nKeywords=Classic\nMessage=svchost (1060) The database engine attached a database (2, C:\\Windows\\system32\\LogFiles\\Sum\\SystemIdentity.mdb). (Time=0 seconds) \n \nInternal Timing Sequence: [1] 0.000, [2] 0.000, [3] 0.000, [4] 0.000, [5] 0.000, [6] 0.000, [7] 0.000, [8] 0.000, [9] 0.000, [10] 0.000, [11] 0.000, [12] 0.000. \nSaved Cache: 1 0\n","_serial":"5156","_si":["kraken.local","botsv1"],"_sourcetype":"WinEventLog:Application","_time":"2016-07-31 19:01:03.000 MDT"}}
{"preview":false,"offset":5157,"result":{"ComputerName":"we5364srv.waynecorpinc.local","EventCode":"1000","EventType":"4","Keywords":"None","LogName":"Application","Message":"Performance counters for the WmiApRpl (WmiApRpl) service were loaded successfully. The Record Data in the data section contains the new index values assigned to this service.","OpCode":"Info","RecordNumber":"1096","Sid":"S-1-5-18","SidType":"0","SourceName":"Microsoft-Windows-LoadPerf","TaskCategory":"None","Type":"Information","User":"NOT_TRANSLATED","date_hour":"0","date_mday":"1","date_minute":"55","date_month":"august","date_second":"28","date_wday":"monday","date_year":"2016","date_zone":"local","dest":"we5364srv.waynecorpinc.local","dvc":"we5364srv","dvc_nt_host":"we5364srv","event_id":"1096","eventtype":["winapp","wineventlog_application","wineventlog_windows"],"host":"we5364srv","id":"1096","index":"botsv1","linecount":"16","punct":"//_::_==--====..==---======_____()____.___________","severity":"Information","severity_id":"4","signature_id":"1000","source":"WinEventLog:Application","sourcetype":"WinEventLog:Application","splunk_server":"kraken.local","tag":["os","windows"],"tag::eventtype":["os","windows"],"timeendpos":"23","timestartpos":"0","_bkt":"botsv1~59~25FE58F7-C438-478E-AC42-625F7A4D81D6","_cd":"59:650702655","_eventtype_color":"none","_indextime":"1473361663","_pre_msg":"08/01/2016 00:55:28 AM\nLogName=Application\nSourceName=Microsoft-Windows-LoadPerf\nEventCode=1000\nEventType=4\nType=Information\nComputerName=we5364srv.waynecorpinc.local\nUser=NOT_TRANSLATED\nSid=S-1-5-18\nSidType=0\nTaskCategory=None\nOpCode=Info\nRecordNumber=1096\nKeywords=None","_raw":"08/01/2016 00:55:28 AM\nLogName=Application\nSourceName=Microsoft-Windows-LoadPerf\nEventCode=1000\nEventType=4\nType=Information\nComputerName=we5364srv.waynecorpinc.local\nUser=NOT_TRANSLATED\nSid=S-1-5-18\nSidType=0\nTaskCategory=None\nOpCode=Info\nRecordNumber=1096\nKeywords=None\nMessage=Performance counters for the WmiApRpl (WmiApRpl) service were loaded successfully. The Record Data in the data section contains the new index values assigned to this service.\n","_serial":"5157","_si":["kraken.local","botsv1"],"_sourcetype":"WinEventLog:Application","_time":"2016-07-31 18:55:28.000 MDT"}}
