{"preview":false,"offset":5074,"result":{"ComputerName":"we2806srv.waynecorpinc.local","EventCode":"302","EventType":"4","Keywords":"Classic","LogName":"Application","Message":"svchost (968) DS_Token_DB: The database engine has successfully completed recovery steps.","OpCode":"Info","RecordNumber":"1092","SourceName":"ESENT","TaskCategory":"Logging/Recovery","Type":"Information","date_hour":"11","date_mday":"1","date_minute":"58","date_month":"august","date_second":"1","date_wday":"monday","date_year":"2016","date_zone":"local","dest":"we2806srv.waynecorpinc.local","dvc":"we2806srv","dvc_nt_host":"we2806srv","event_id":"1092","eventtype":["winapp","wineventlog_application","wineventlog_windows"],"host":"we2806srv","id":"1092","index":"botsv1","linecount":"13","punct":"//_::_======..=/====_()_:________.","severity":"Information","severity_id":"4","signature_id":"302","source":"WinEventLog:Application","sourcetype":"WinEventLog:Application","splunk_server":"kraken.local","tag":["os","windows"],"tag::eventtype":["os","windows"],"timeendpos":"23","timestartpos":"0","_bkt":"botsv1~59~25FE58F7-C438-478E-AC42-625F7A4D81D6","_cd":"59:658521831","_eventtype_color":"none","_indextime":"1473361790","_pre_msg":"08/01/2016 11:58:01 AM\nLogName=Application\nSourceName=ESENT\nEventCode=302\nEventType=4\nType=Information\nComputerName=we2806srv.waynecorpinc.local\nTaskCategory=Logging/Recovery\nOpCode=Info\nRecordNumber=1092\nKeywords=Classic","_raw":"08/01/2016 11:58:01 AM\nLogName=Application\nSourceName=ESENT\nEventCode=302\nEventType=4\nType=Information\nComputerName=we2806srv.waynecorpinc.local\nTaskCategory=Logging/Recovery\nOpCode=Info\nRecordNumber=1092\nKeywords=Classic\nMessage=svchost (968) DS_Token_DB: The database engine has successfully completed recovery steps.\n","_serial":"5074","_si":["kraken.local","botsv1"],"_sourcetype":"WinEventLog:Application","_time":"2016-08-01 05:58:01.000 MDT"}}
{"preview":false,"offset":5075,"result":{"ComputerName":"we5289srv.waynecorpinc.local","EventCode":"327","EventType":"4","Internal_Timing_Sequence":"[1] 0.000, [2] 0.000, [3] 0.000, [4] 0.000, [5] 0.000, [6] 0.016, [7] 0.000, [8] 0.000, [9] 0.031, [10] 0.000, [11] 0.000, [12] 0.000.","Keywords":"Classic","LogName":"Application","Message":"svchost (1060) The database engine detached a database (2, C:\\Windows\\system32\\LogFiles\\Sum\\SystemIdentity.mdb). (Time=0 seconds) \n \nInternal Timing Sequence: [1] 0.000, [2] 0.000, [3] 0.000, [4] 0.000, [5] 0.000, [6] 0.016, [7] 0.000, [8] 0.000, [9] 0.031, [10] 0.000, [11] 0.000, [12] 0.000. \nRevived Cache: 0 0","OpCode":"Info","RecordNumber":"888","Revived_Cache":"0 0","SourceName":"ESENT","TaskCategory":"General","Type":"Information","date_hour":"11","date_mday":"1","date_minute":"31","date_month":"august","date_second":"45","date_wday":"monday","date_year":"2016","date_zone":"local","dest":"we5289srv.waynecorpinc.local","dvc":"we5289srv","dvc_nt_host":"we5289srv","event_id":"888","eventtype":["winapp","wineventlog_application","wineventlog_windows"],"host":"we5289srv","id":"888","index":"botsv1","linecount":"16","punct":"//_::_======..=====_()_______(,_:\\\\\\\\\\.)._(=_)____","severity":"Information","severity_id":"4","signature_id":"327","source":"WinEventLog:Application","sourcetype":"WinEventLog:Application","splunk_server":"kraken.local","tag":["os","windows"],"tag::eventtype":["os","windows"],"timeendpos":"23","timestartpos":"0","_bkt":"botsv1~59~25FE58F7-C438-478E-AC42-625F7A4D81D6","_cd":"59:107851437","_eventtype_color":"none","_indextime":"1473353166","_pre_msg":"08/01/2016 11:31:45 AM\nLogName=Application\nSourceName=ESENT\nEventCode=327\nEventType=4\nType=Information\nComputerName=we5289srv.waynecorpinc.local\nTaskCategory=General\nOpCode=Info\nRecordNumber=888\nKeywords=Classic","_raw":"08/01/2016 11:31:45 AM\nLogName=Application\nSourceName=ESENT\nEventCode=327\nEventType=4\nType=Information\nComputerName=we5289srv.waynecorpinc.local\nTaskCategory=General\nOpCode=Info\nRecordNumber=888\nKeywords=Classic\nMessage=svchost (1060) The database engine detached a database (2, C:\\Windows\\system32\\LogFiles\\Sum\\SystemIdentity.mdb). (Time=0 seconds) \n \nInternal Timing Sequence: [1] 0.000, [2] 0.000, [3] 0.000, [4] 0.000, [5] 0.000, [6] 0.016, [7] 0.000, [8] 0.000, [9] 0.031, [10] 0.000, [11] 0.000, [12] 0.000. \nRevived Cache: 0 0\n","_serial":"5075","_si":["kraken.local","botsv1"],"_sourcetype":"WinEventLog:Application","_time":"2016-08-01 05:31:45.000 MDT"}}
{"preview":false,"offset":5076,"result":{"ComputerName":"we9748srv.waynecorpinc.local","EventCode":"327","EventType":"4","Internal_Timing_Sequence":"[1] 0.000, [2] 0.000, [3] 0.000, [4] 0.000, [5] 0.000, [6] 0.015, [7] 0.000, [8] 0.000, [9] 0.000, [10] 0.000, [11] 0.000, [12] 0.000.","Keywords":"Classic","LogName":"Application","Message":"svchost (1060) The database engine detached a database (2, C:\\Windows\\system32\\LogFiles\\Sum\\SystemIdentity.mdb). (Time=0 seconds) \n \nInternal Timing Sequence: [1] 0.000, [2] 0.000, [3] 0.000, [4] 0.000, [5] 0.000, [6] 0.015, [7] 0.000, [8] 0.000, [9] 0.000, [10] 0.000, [11] 0.000, [12] 0.000. \nRevived Cache: 0 0","OpCode":"Info","RecordNumber":"898","Revived_Cache":"0 0","SourceName":"ESENT","TaskCategory":"General","Type":"Information","date_hour":"11","date_mday":"1","date_minute":"29","date_month":"august","date_second":"7","date_wday":"monday","date_year":"2016","date_zone":"local","dest":"we9748srv.waynecorpinc.local","dvc":"we9748srv","dvc_nt_host":"we9748srv","event_id":"898","eventtype":["winapp","wineventlog_application","wineventlog_windows"],"host":"we9748srv","id":"898","index":"botsv1","linecount":"16","punct":"//_::_======..=====_()_______(,_:\\\\\\\\\\.)._(=_)____","severity":"Information","severity_id":"4","signature_id":"327","source":"WinEventLog:Application","sourcetype":"WinEventLog:Application","splunk_server":"kraken.local","tag":["os","windows"],"tag::eventtype":["os","windows"],"timeendpos":"23","timestartpos":"0","_bkt":"botsv1~59~25FE58F7-C438-478E-AC42-625F7A4D81D6","_cd":"59:153985483","_eventtype_color":"none","_indextime":"1473353886","_pre_msg":"08/01/2016 11:29:07 AM\nLogName=Application\nSourceName=ESENT\nEventCode=327\nEventType=4\nType=Information\nComputerName=we9748srv.waynecorpinc.local\nTaskCategory=General\nOpCode=Info\nRecordNumber=898\nKeywords=Classic","_raw":"08/01/2016 11:29:07 AM\nLogName=Application\nSourceName=ESENT\nEventCode=327\nEventType=4\nType=Information\nComputerName=we9748srv.waynecorpinc.local\nTaskCategory=General\nOpCode=Info\nRecordNumber=898\nKeywords=Classic\nMessage=svchost (1060) The database engine detached a database (2, C:\\Windows\\system32\\LogFiles\\Sum\\SystemIdentity.mdb). (Time=0 seconds) \n \nInternal Timing Sequence: [1] 0.000, [2] 0.000, [3] 0.000, [4] 0.000, [5] 0.000, [6] 0.015, [7] 0.000, [8] 0.000, [9] 0.000, [10] 0.000, [11] 0.000, [12] 0.000. \nRevived Cache: 0 0\n","_serial":"5076","_si":["kraken.local","botsv1"],"_sourcetype":"WinEventLog:Application","_time":"2016-08-01 05:29:07.000 MDT"}}
{"preview":false,"offset":5077,"result":{"ComputerName":"we4517srv.waynecorpinc.local","EventCode":"327","EventType":"4","Internal_Timing_Sequence":"[1] 0.000, [2] 0.000, [3] 0.000, [4] 0.000, [5] 0.000, [6] 0.016, [7] 0.000, [8] 0.000, [9] 0.031, [10] 0.000, [11] 0.000, [12] 0.000.","Keywords":"Classic","LogName":"Application","Message":"svchost (1060) The database engine detached a database (2, C:\\Windows\\system32\\LogFiles\\Sum\\SystemIdentity.mdb). (Time=0 seconds) \n \nInternal Timing Sequence: [1] 0.000, [2] 0.000, [3] 0.000, [4] 0.000, [5] 0.000, [6] 0.016, [7] 0.000, [8] 0.000, [9] 0.031, [10] 0.000, [11] 0.000, [12] 0.000. \nRevived Cache: 0 0","OpCode":"Info","RecordNumber":"888","Revived_Cache":"0 0","SourceName":"ESENT","TaskCategory":"General","Type":"Information","date_hour":"11","date_mday":"1","date_minute":"18","date_month":"august","date_second":"50","date_wday":"monday","date_year":"2016","date_zone":"local","dest":"we4517srv.waynecorpinc.local","dvc":"we4517srv","dvc_nt_host":"we4517srv","event_id":"888","eventtype":["winapp","wineventlog_application","wineventlog_windows"],"host":"we4517srv","id":"888","index":"botsv1","linecount":"16","punct":"//_::_======..=====_()_______(,_:\\\\\\\\\\.)._(=_)____","severity":"Information","severity_id":"4","signature_id":"327","source":"WinEventLog:Application","sourcetype":"WinEventLog:Application","splunk_server":"kraken.local","tag":["os","windows"],"tag::eventtype":["os","windows"],"timeendpos":"23","timestartpos":"0","_bkt":"botsv1~59~25FE58F7-C438-478E-AC42-625F7A4D81D6","_cd":"59:913034298","_eventtype_color":"none","_indextime":"1473365867","_pre_msg":"08/01/2016 11:18:50 AM\nLogName=Application\nSourceName=ESENT\nEventCode=327\nEventType=4\nType=Information\nComputerName=we4517srv.waynecorpinc.local\nTaskCategory=General\nOpCode=Info\nRecordNumber=888\nKeywords=Classic","_raw":"08/01/2016 11:18:50 AM\nLogName=Application\nSourceName=ESENT\nEventCode=327\nEventType=4\nType=Information\nComputerName=we4517srv.waynecorpinc.local\nTaskCategory=General\nOpCode=Info\nRecordNumber=888\nKeywords=Classic\nMessage=svchost (1060) The database engine detached a database (2, C:\\Windows\\system32\\LogFiles\\Sum\\SystemIdentity.mdb). (Time=0 seconds) \n \nInternal Timing Sequence: [1] 0.000, [2] 0.000, [3] 0.000, [4] 0.000, [5] 0.000, [6] 0.016, [7] 0.000, [8] 0.000, [9] 0.031, [10] 0.000, [11] 0.000, [12] 0.000. \nRevived Cache: 0 0\n","_serial":"5077","_si":["kraken.local","botsv1"],"_sourcetype":"WinEventLog:Application","_time":"2016-08-01 05:18:50.000 MDT"}}
{"preview":false,"offset":5078,"result":{"ComputerName":"we6517srv.waynecorpinc.local","EventCode":"327","EventType":"4","Internal_Timing_Sequence":"[1] 0.000, [2] 0.000, [3] 0.000, [4] 0.000, [5] 0.000, [6] 0.016, [7] 0.000, [8] 0.000, [9] 0.000, [10] 0.000, [11] 0.000, [12] 0.000.","Keywords":"Classic","LogName":"Application","Message":"svchost (1060) The database engine detached a database (2, C:\\Windows\\system32\\LogFiles\\Sum\\SystemIdentity.mdb). (Time=0 seconds) \n \nInternal Timing Sequence: [1] 0.000, [2] 0.000, [3] 0.000, [4] 0.000, [5] 0.000, [6] 0.016, [7] 0.000, [8] 0.000, [9] 0.000, [10] 0.000, [11] 0.000, [12] 0.000. \nRevived Cache: 0 0","OpCode":"Info","RecordNumber":"900","Revived_Cache":"0 0","SourceName":"ESENT","TaskCategory":"General","Type":"Information","date_hour":"11","date_mday":"1","date_minute":"9","date_month":"august","date_second":"9","date_wday":"monday","date_year":"2016","date_zone":"local","dest":"we6517srv.waynecorpinc.local","dvc":"we6517srv","dvc_nt_host":"we6517srv","event_id":"900","eventtype":["winapp","wineventlog_application","wineventlog_windows"],"host":"we6517srv","id":"900","index":"botsv1","linecount":"16","punct":"//_::_======..=====_()_______(,_:\\\\\\\\\\.)._(=_)____","severity":"Information","severity_id":"4","signature_id":"327","source":"WinEventLog:Application","sourcetype":"WinEventLog:Application","splunk_server":"kraken.local","tag":["os","windows"],"tag::eventtype":["os","windows"],"timeendpos":"23","timestartpos":"0","_bkt":"botsv1~59~25FE58F7-C438-478E-AC42-625F7A4D81D6","_cd":"59:414143075","_eventtype_color":"none","_indextime":"1473357965","_pre_msg":"08/01/2016 11:09:09 AM\nLogName=Application\nSourceName=ESENT\nEventCode=327\nEventType=4\nType=Information\nComputerName=we6517srv.waynecorpinc.local\nTaskCategory=General\nOpCode=Info\nRecordNumber=900\nKeywords=Classic","_raw":"08/01/2016 11:09:09 AM\nLogName=Application\nSourceName=ESENT\nEventCode=327\nEventType=4\nType=Information\nComputerName=we6517srv.waynecorpinc.local\nTaskCategory=General\nOpCode=Info\nRecordNumber=900\nKeywords=Classic\nMessage=svchost (1060) The database engine detached a database (2, C:\\Windows\\system32\\LogFiles\\Sum\\SystemIdentity.mdb). (Time=0 seconds) \n \nInternal Timing Sequence: [1] 0.000, [2] 0.000, [3] 0.000, [4] 0.000, [5] 0.000, [6] 0.016, [7] 0.000, [8] 0.000, [9] 0.000, [10] 0.000, [11] 0.000, [12] 0.000. \nRevived Cache: 0 0\n","_serial":"5078","_si":["kraken.local","botsv1"],"_sourcetype":"WinEventLog:Application","_time":"2016-08-01 05:09:09.000 MDT"}}
{"preview":false,"offset":5079,"result":{"ComputerName":"we5650srv.waynecorpinc.local","EventCode":"1000","EventType":"4","Keywords":"None","LogName":"Application","Message":"Performance counters for the WmiApRpl (WmiApRpl) service were loaded successfully. The Record Data in the data section contains the new index values assigned to this service.","OpCode":"Info","RecordNumber":"1096","Sid":"S-1-5-18","SidType":"0","SourceName":"Microsoft-Windows-LoadPerf","TaskCategory":"None","Type":"Information","User":"NOT_TRANSLATED","date_hour":"11","date_mday":"1","date_minute":"3","date_month":"august","date_second":"23","date_wday":"monday","date_year":"2016","date_zone":"local","dest":"we5650srv.waynecorpinc.local","dvc":"we5650srv","dvc_nt_host":"we5650srv","event_id":"1096","eventtype":["winapp","wineventlog_application","wineventlog_windows"],"host":"we5650srv","id":"1096","index":"botsv1","linecount":"16","punct":"//_::_==--====..==---======_____()____.___________","severity":"Information","severity_id":"4","signature_id":"1000","source":"WinEventLog:Application","sourcetype":"WinEventLog:Application","splunk_server":"kraken.local","tag":["os","windows"],"tag::eventtype":["os","windows"],"timeendpos":"23","timestartpos":"0","_bkt":"botsv1~59~25FE58F7-C438-478E-AC42-625F7A4D81D6","_cd":"59:19437083","_eventtype_color":"none","_indextime":"1473351790","_pre_msg":"08/01/2016 11:03:23 AM\nLogName=Application\nSourceName=Microsoft-Windows-LoadPerf\nEventCode=1000\nEventType=4\nType=Information\nComputerName=we5650srv.waynecorpinc.local\nUser=NOT_TRANSLATED\nSid=S-1-5-18\nSidType=0\nTaskCategory=None\nOpCode=Info\nRecordNumber=1096\nKeywords=None","_raw":"08/01/2016 11:03:23 AM\nLogName=Application\nSourceName=Microsoft-Windows-LoadPerf\nEventCode=1000\nEventType=4\nType=Information\nComputerName=we5650srv.waynecorpinc.local\nUser=NOT_TRANSLATED\nSid=S-1-5-18\nSidType=0\nTaskCategory=None\nOpCode=Info\nRecordNumber=1096\nKeywords=None\nMessage=Performance counters for the WmiApRpl (WmiApRpl) service were loaded successfully. The Record Data in the data section contains the new index values assigned to this service.\n","_serial":"5079","_si":["kraken.local","botsv1"],"_sourcetype":"WinEventLog:Application","_time":"2016-08-01 05:03:23.000 MDT"}}
{"preview":false,"offset":5080,"result":{"ComputerName":"we2084srv.waynecorpinc.local","EventCode":"327","EventType":"4","Internal_Timing_Sequence":"[1] 0.000, [2] 0.000, [3] 0.000, [4] 0.000, [5] 0.000, [6] 0.031, [7] 0.000, [8] 0.000, [9] 0.000, [10] 0.000, [11] 0.000, [12] 0.000.","Keywords":"Classic","LogName":"Application","Message":"svchost (1060) The database engine detached a database (2, C:\\Windows\\system32\\LogFiles\\Sum\\SystemIdentity.mdb). (Time=0 seconds) \n \nInternal Timing Sequence: [1] 0.000, [2] 0.000, [3] 0.000, [4] 0.000, [5] 0.000, [6] 0.031, [7] 0.000, [8] 0.000, [9] 0.000, [10] 0.000, [11] 0.000, [12] 0.000. \nRevived Cache: 0 0","OpCode":"Info","RecordNumber":"896","Revived_Cache":"0 0","SourceName":"ESENT","TaskCategory":"General","Type":"Information","date_hour":"11","date_mday":"1","date_minute":"2","date_month":"august","date_second":"49","date_wday":"monday","date_year":"2016","date_zone":"local","dest":"we2084srv.waynecorpinc.local","dvc":"we2084srv","dvc_nt_host":"we2084srv","event_id":"896","eventtype":["winapp","wineventlog_application","wineventlog_windows"],"host":"we2084srv","id":"896","index":"botsv1","linecount":"16","punct":"//_::_======..=====_()_______(,_:\\\\\\\\\\.)._(=_)____","severity":"Information","severity_id":"4","signature_id":"327","source":"WinEventLog:Application","sourcetype":"WinEventLog:Application","splunk_server":"kraken.local","tag":["os","windows"],"tag::eventtype":["os","windows"],"timeendpos":"23","timestartpos":"0","_bkt":"botsv1~59~25FE58F7-C438-478E-AC42-625F7A4D81D6","_cd":"59:454924470","_eventtype_color":"none","_indextime":"1473358601","_pre_msg":"08/01/2016 11:02:49 AM\nLogName=Application\nSourceName=ESENT\nEventCode=327\nEventType=4\nType=Information\nComputerName=we2084srv.waynecorpinc.local\nTaskCategory=General\nOpCode=Info\nRecordNumber=896\nKeywords=Classic","_raw":"08/01/2016 11:02:49 AM\nLogName=Application\nSourceName=ESENT\nEventCode=327\nEventType=4\nType=Information\nComputerName=we2084srv.waynecorpinc.local\nTaskCategory=General\nOpCode=Info\nRecordNumber=896\nKeywords=Classic\nMessage=svchost (1060) The database engine detached a database (2, C:\\Windows\\system32\\LogFiles\\Sum\\SystemIdentity.mdb). (Time=0 seconds) \n \nInternal Timing Sequence: [1] 0.000, [2] 0.000, [3] 0.000, [4] 0.000, [5] 0.000, [6] 0.031, [7] 0.000, [8] 0.000, [9] 0.000, [10] 0.000, [11] 0.000, [12] 0.000. \nRevived Cache: 0 0\n","_serial":"5080","_si":["kraken.local","botsv1"],"_sourcetype":"WinEventLog:Application","_time":"2016-08-01 05:02:49.000 MDT"}}
{"preview":false,"offset":5081,"result":{"ComputerName":"we4404srv.waynecorpinc.local","EventCode":"326","EventType":"4","Internal_Timing_Sequence":"[1] 0.000, [2] 0.000, [3] 0.000, [4] 0.000, [5] 0.000, [6] 0.000, [7] 0.000, [8] 0.000, [9] 0.000, [10] 0.000, [11] 0.000, [12] 0.000.","Keywords":"Classic","LogName":"Application","Message":"svchost (1060) The database engine attached a database (2, C:\\Windows\\system32\\LogFiles\\Sum\\SystemIdentity.mdb). (Time=0 seconds) \n \nInternal Timing Sequence: [1] 0.000, [2] 0.000, [3] 0.000, [4] 0.000, [5] 0.000, [6] 0.000, [7] 0.000, [8] 0.000, [9] 0.000, [10] 0.000, [11] 0.000, [12] 0.000. \nSaved Cache: 1 0","OpCode":"Info","RecordNumber":"889","Saved_Cache":"1 0","SourceName":"ESENT","TaskCategory":"General","Type":"Information","date_hour":"10","date_mday":"1","date_minute":"58","date_month":"august","date_second":"26","date_wday":"monday","date_year":"2016","date_zone":"local","dest":"we4404srv.waynecorpinc.local","dvc":"we4404srv","dvc_nt_host":"we4404srv","event_id":"889","eventtype":["winapp","wineventlog_application","wineventlog_windows"],"host":"we4404srv","id":"889","index":"botsv1","linecount":"16","punct":"//_::_======..=====_()_______(,_:\\\\\\\\\\.)._(=_)____","severity":"Information","severity_id":"4","signature_id":"326","source":"WinEventLog:Application","sourcetype":"WinEventLog:Application","splunk_server":"kraken.local","tag":["os","windows"],"tag::eventtype":["os","windows"],"timeendpos":"23","timestartpos":"0","_bkt":"botsv1~59~25FE58F7-C438-478E-AC42-625F7A4D81D6","_cd":"59:301634537","_eventtype_color":"none","_indextime":"1473356208","_pre_msg":"08/01/2016 10:58:26 AM\nLogName=Application\nSourceName=ESENT\nEventCode=326\nEventType=4\nType=Information\nComputerName=we4404srv.waynecorpinc.local\nTaskCategory=General\nOpCode=Info\nRecordNumber=889\nKeywords=Classic","_raw":"08/01/2016 10:58:26 AM\nLogName=Application\nSourceName=ESENT\nEventCode=326\nEventType=4\nType=Information\nComputerName=we4404srv.waynecorpinc.local\nTaskCategory=General\nOpCode=Info\nRecordNumber=889\nKeywords=Classic\nMessage=svchost (1060) The database engine attached a database (2, C:\\Windows\\system32\\LogFiles\\Sum\\SystemIdentity.mdb). (Time=0 seconds) \n \nInternal Timing Sequence: [1] 0.000, [2] 0.000, [3] 0.000, [4] 0.000, [5] 0.000, [6] 0.000, [7] 0.000, [8] 0.000, [9] 0.000, [10] 0.000, [11] 0.000, [12] 0.000. \nSaved Cache: 1 0\n","_serial":"5081","_si":["kraken.local","botsv1"],"_sourcetype":"WinEventLog:Application","_time":"2016-08-01 04:58:26.000 MDT"}}
{"preview":false,"offset":5082,"result":{"ComputerName":"we5885srv.waynecorpinc.local","EventCode":"1704","EventType":"4","Keywords":"Classic","LogName":"Application","Message":"Security policy in the Group policy objects has been applied successfully.","OpCode":"None","RecordNumber":"886","SourceName":"SceCli","TaskCategory":"None","Type":"Information","date_hour":"10","date_mday":"1","date_minute":"51","date_month":"august","date_second":"13","date_wday":"monday","date_year":"2016","date_zone":"local","dest":"we5885srv.waynecorpinc.local","dvc":"we5885srv","dvc_nt_host":"we5885srv","event_id":"886","eventtype":["winapp","wineventlog_application","wineventlog_windows"],"host":"we5885srv","id":"886","index":"botsv1","linecount":"13","punct":"//_::_======..=====__________.","severity":"Information","severity_id":"4","signature_id":"1704","source":"WinEventLog:Application","sourcetype":"WinEventLog:Application","splunk_server":"kraken.local","tag":["os","windows"],"tag::eventtype":["os","windows"],"timeendpos":"23","timestartpos":"0","_bkt":"botsv1~59~25FE58F7-C438-478E-AC42-625F7A4D81D6","_cd":"59:576458915","_eventtype_color":"none","_indextime":"1473360503","_pre_msg":"08/01/2016 10:51:13 AM\nLogName=Application\nSourceName=SceCli\nEventCode=1704\nEventType=4\nType=Information\nComputerName=we5885srv.waynecorpinc.local\nTaskCategory=None\nOpCode=None\nRecordNumber=886\nKeywords=Classic","_raw":"08/01/2016 10:51:13 AM\nLogName=Application\nSourceName=SceCli\nEventCode=1704\nEventType=4\nType=Information\nComputerName=we5885srv.waynecorpinc.local\nTaskCategory=None\nOpCode=None\nRecordNumber=886\nKeywords=Classic\nMessage=Security policy in the Group policy objects has been applied successfully.\n","_serial":"5082","_si":["kraken.local","botsv1"],"_sourcetype":"WinEventLog:Application","_time":"2016-08-01 04:51:13.000 MDT"}}
{"preview":false,"offset":5083,"result":{"ComputerName":"we2431srv.waynecorpinc.local","EventCode":"1001","EventType":"4","Keywords":"None","LogName":"Application","Message":"Performance counters for the WmiApRpl (WmiApRpl) service were removed successfully. The Record Data contains the new values of the system Last Counter and Last Help registry entries.","OpCode":"Info","RecordNumber":"1095","Sid":"S-1-5-18","SidType":"0","SourceName":"Microsoft-Windows-LoadPerf","TaskCategory":"None","Type":"Information","User":"NOT_TRANSLATED","date_hour":"10","date_mday":"1","date_minute":"39","date_month":"august","date_second":"50","date_wday":"monday","date_year":"2016","date_zone":"local","dest":"we2431srv.waynecorpinc.local","dvc":"we2431srv","dvc_nt_host":"we2431srv","event_id":"1095","eventtype":["winapp","wineventlog_application","wineventlog_windows"],"host":"we2431srv","id":"1095","index":"botsv1","linecount":"16","punct":"//_::_==--====..==---======_____()____.___________","severity":"Information","severity_id":"4","signature_id":"1001","source":"WinEventLog:Application","sourcetype":"WinEventLog:Application","splunk_server":"kraken.local","tag":["os","windows"],"tag::eventtype":["os","windows"],"timeendpos":"23","timestartpos":"0","_bkt":"botsv1~59~25FE58F7-C438-478E-AC42-625F7A4D81D6","_cd":"59:345141827","_eventtype_color":"none","_indextime":"1473356882","_pre_msg":"08/01/2016 10:39:50 AM\nLogName=Application\nSourceName=Microsoft-Windows-LoadPerf\nEventCode=1001\nEventType=4\nType=Information\nComputerName=we2431srv.waynecorpinc.local\nUser=NOT_TRANSLATED\nSid=S-1-5-18\nSidType=0\nTaskCategory=None\nOpCode=Info\nRecordNumber=1095\nKeywords=None","_raw":"08/01/2016 10:39:50 AM\nLogName=Application\nSourceName=Microsoft-Windows-LoadPerf\nEventCode=1001\nEventType=4\nType=Information\nComputerName=we2431srv.waynecorpinc.local\nUser=NOT_TRANSLATED\nSid=S-1-5-18\nSidType=0\nTaskCategory=None\nOpCode=Info\nRecordNumber=1095\nKeywords=None\nMessage=Performance counters for the WmiApRpl (WmiApRpl) service were removed successfully. The Record Data contains the new values of the system Last Counter and Last Help registry entries.\n","_serial":"5083","_si":["kraken.local","botsv1"],"_sourcetype":"WinEventLog:Application","_time":"2016-08-01 04:39:50.000 MDT"}}
{"preview":false,"offset":5084,"result":{"ComputerName":"we7221srv.waynecorpinc.local","EventCode":"1704","EventType":"4","Keywords":"Classic","LogName":"Application","Message":"Security policy in the Group policy objects has been applied successfully.","OpCode":"None","RecordNumber":"886","SourceName":"SceCli","TaskCategory":"None","Type":"Information","date_hour":"10","date_mday":"1","date_minute":"19","date_month":"august","date_second":"59","date_wday":"monday","date_year":"2016","date_zone":"local","dest":"we7221srv.waynecorpinc.local","dvc":"we7221srv","dvc_nt_host":"we7221srv","event_id":"886","eventtype":["winapp","wineventlog_application","wineventlog_windows"],"host":"we7221srv","id":"886","index":"botsv1","linecount":"13","punct":"//_::_======..=====__________.","severity":"Information","severity_id":"4","signature_id":"1704","source":"WinEventLog:Application","sourcetype":"WinEventLog:Application","splunk_server":"kraken.local","tag":["os","windows"],"tag::eventtype":["os","windows"],"timeendpos":"23","timestartpos":"0","_bkt":"botsv1~59~25FE58F7-C438-478E-AC42-625F7A4D81D6","_cd":"59:553781524","_eventtype_color":"none","_indextime":"1473360141","_pre_msg":"08/01/2016 10:19:59 AM\nLogName=Application\nSourceName=SceCli\nEventCode=1704\nEventType=4\nType=Information\nComputerName=we7221srv.waynecorpinc.local\nTaskCategory=None\nOpCode=None\nRecordNumber=886\nKeywords=Classic","_raw":"08/01/2016 10:19:59 AM\nLogName=Application\nSourceName=SceCli\nEventCode=1704\nEventType=4\nType=Information\nComputerName=we7221srv.waynecorpinc.local\nTaskCategory=None\nOpCode=None\nRecordNumber=886\nKeywords=Classic\nMessage=Security policy in the Group policy objects has been applied successfully.\n","_serial":"5084","_si":["kraken.local","botsv1"],"_sourcetype":"WinEventLog:Application","_time":"2016-08-01 04:19:59.000 MDT"}}
{"preview":false,"offset":5085,"result":{"ComputerName":"we2959srv.waynecorpinc.local","EventCode":"326","EventType":"4","Internal_Timing_Sequence":"[1] 0.000, [2] 0.000, [3] 0.000, [4] 0.000, [5] 0.000, [6] 0.000, [7] 0.000, [8] 0.000, [9] 0.000, [10] 0.000, [11] 0.000, [12] 0.000.","Keywords":"Classic","LogName":"Application","Message":"svchost (1060) The database engine attached a database (2, C:\\Windows\\system32\\LogFiles\\Sum\\SystemIdentity.mdb). (Time=0 seconds) \n \nInternal Timing Sequence: [1] 0.000, [2] 0.000, [3] 0.000, [4] 0.000, [5] 0.000, [6] 0.000, [7] 0.000, [8] 0.000, [9] 0.000, [10] 0.000, [11] 0.000, [12] 0.000. \nSaved Cache: 1 0","OpCode":"Info","RecordNumber":"891","Saved_Cache":"1 0","SourceName":"ESENT","TaskCategory":"General","Type":"Information","date_hour":"10","date_mday":"1","date_minute":"15","date_month":"august","date_second":"23","date_wday":"monday","date_year":"2016","date_zone":"local","dest":"we2959srv.waynecorpinc.local","dvc":"we2959srv","dvc_nt_host":"we2959srv","event_id":"891","eventtype":["winapp","wineventlog_application","wineventlog_windows"],"host":"we2959srv","id":"891","index":"botsv1","linecount":"16","punct":"//_::_======..=====_()_______(,_:\\\\\\\\\\.)._(=_)____","severity":"Information","severity_id":"4","signature_id":"326","source":"WinEventLog:Application","sourcetype":"WinEventLog:Application","splunk_server":"kraken.local","tag":["os","windows"],"tag::eventtype":["os","windows"],"timeendpos":"23","timestartpos":"0","_bkt":"botsv1~59~25FE58F7-C438-478E-AC42-625F7A4D81D6","_cd":"59:775905343","_eventtype_color":"none","_indextime":"1473363627","_pre_msg":"08/01/2016 10:15:23 AM\nLogName=Application\nSourceName=ESENT\nEventCode=326\nEventType=4\nType=Information\nComputerName=we2959srv.waynecorpinc.local\nTaskCategory=General\nOpCode=Info\nRecordNumber=891\nKeywords=Classic","_raw":"08/01/2016 10:15:23 AM\nLogName=Application\nSourceName=ESENT\nEventCode=326\nEventType=4\nType=Information\nComputerName=we2959srv.waynecorpinc.local\nTaskCategory=General\nOpCode=Info\nRecordNumber=891\nKeywords=Classic\nMessage=svchost (1060) The database engine attached a database (2, C:\\Windows\\system32\\LogFiles\\Sum\\SystemIdentity.mdb). (Time=0 seconds) \n \nInternal Timing Sequence: [1] 0.000, [2] 0.000, [3] 0.000, [4] 0.000, [5] 0.000, [6] 0.000, [7] 0.000, [8] 0.000, [9] 0.000, [10] 0.000, [11] 0.000, [12] 0.000. \nSaved Cache: 1 0\n","_serial":"5085","_si":["kraken.local","botsv1"],"_sourcetype":"WinEventLog:Application","_time":"2016-08-01 04:15:23.000 MDT"}}
{"preview":false,"offset":5086,"result":{"ComputerName":"we5207srv.waynecorpinc.local","EventCode":"326","EventType":"4","Internal_Timing_Sequence":"[1] 0.000, [2] 0.000, [3] 0.000, [4] 0.000, [5] 0.000, [6] 0.000, [7] 0.000, [8] 0.000, [9] 0.000, [10] 0.000, [11] 0.000, [12] 0.000.","Keywords":"Classic","LogName":"Application","Message":"svchost (1060) The database engine attached a database (2, C:\\Windows\\system32\\LogFiles\\Sum\\SystemIdentity.mdb). (Time=0 seconds) \n \nInternal Timing Sequence: [1] 0.000, [2] 0.000, [3] 0.000, [4] 0.000, [5] 0.000, [6] 0.000, [7] 0.000, [8] 0.000, [9] 0.000, [10] 0.000, [11] 0.000, [12] 0.000. \nSaved Cache: 1 0","OpCode":"Info","RecordNumber":"895","Saved_Cache":"1 0","SourceName":"ESENT","TaskCategory":"General","Type":"Information","date_hour":"10","date_mday":"1","date_minute":"13","date_month":"august","date_second":"48","date_wday":"monday","date_year":"2016","date_zone":"local","dest":"we5207srv.waynecorpinc.local","dvc":"we5207srv","dvc_nt_host":"we5207srv","event_id":"895","eventtype":["winapp","wineventlog_application","wineventlog_windows"],"host":"we5207srv","id":"895","index":"botsv1","linecount":"16","punct":"//_::_======..=====_()_______(,_:\\\\\\\\\\.)._(=_)____","severity":"Information","severity_id":"4","signature_id":"326","source":"WinEventLog:Application","sourcetype":"WinEventLog:Application","splunk_server":"kraken.local","tag":["os","windows"],"tag::eventtype":["os","windows"],"timeendpos":"23","timestartpos":"0","_bkt":"botsv1~59~25FE58F7-C438-478E-AC42-625F7A4D81D6","_cd":"59:561233744","_eventtype_color":"none","_indextime":"1473360269","_pre_msg":"08/01/2016 10:13:48 AM\nLogName=Application\nSourceName=ESENT\nEventCode=326\nEventType=4\nType=Information\nComputerName=we5207srv.waynecorpinc.local\nTaskCategory=General\nOpCode=Info\nRecordNumber=895\nKeywords=Classic","_raw":"08/01/2016 10:13:48 AM\nLogName=Application\nSourceName=ESENT\nEventCode=326\nEventType=4\nType=Information\nComputerName=we5207srv.waynecorpinc.local\nTaskCategory=General\nOpCode=Info\nRecordNumber=895\nKeywords=Classic\nMessage=svchost (1060) The database engine attached a database (2, C:\\Windows\\system32\\LogFiles\\Sum\\SystemIdentity.mdb). (Time=0 seconds) \n \nInternal Timing Sequence: [1] 0.000, [2] 0.000, [3] 0.000, [4] 0.000, [5] 0.000, [6] 0.000, [7] 0.000, [8] 0.000, [9] 0.000, [10] 0.000, [11] 0.000, [12] 0.000. \nSaved Cache: 1 0\n","_serial":"5086","_si":["kraken.local","botsv1"],"_sourcetype":"WinEventLog:Application","_time":"2016-08-01 04:13:48.000 MDT"}}
{"preview":false,"offset":5087,"result":{"ComputerName":"we5091srv.waynecorpinc.local","EventCode":"327","EventType":"4","Internal_Timing_Sequence":"[1] 0.000, [2] 0.000, [3] 0.000, [4] 0.000, [5] 0.000, [6] 0.015, [7] 0.000, [8] 0.000, [9] 0.000, [10] 0.000, [11] 0.000, [12] 0.000.","Keywords":"Classic","LogName":"Application","Message":"svchost (1060) The database engine detached a database (2, C:\\Windows\\system32\\LogFiles\\Sum\\SystemIdentity.mdb). (Time=0 seconds) \n \nInternal Timing Sequence: [1] 0.000, [2] 0.000, [3] 0.000, [4] 0.000, [5] 0.000, [6] 0.015, [7] 0.000, [8] 0.000, [9] 0.000, [10] 0.000, [11] 0.000, [12] 0.000. \nRevived Cache: 0 0","OpCode":"Info","RecordNumber":"898","Revived_Cache":"0 0","SourceName":"ESENT","TaskCategory":"General","Type":"Information","date_hour":"10","date_mday":"1","date_minute":"6","date_month":"august","date_second":"29","date_wday":"monday","date_year":"2016","date_zone":"local","dest":"we5091srv.waynecorpinc.local","dvc":"we5091srv","dvc_nt_host":"we5091srv","event_id":"898","eventtype":["winapp","wineventlog_application","wineventlog_windows"],"host":"we5091srv","id":"898","index":"botsv1","linecount":"16","punct":"//_::_======..=====_()_______(,_:\\\\\\\\\\.)._(=_)____","severity":"Information","severity_id":"4","signature_id":"327","source":"WinEventLog:Application","sourcetype":"WinEventLog:Application","splunk_server":"kraken.local","tag":["os","windows"],"tag::eventtype":["os","windows"],"timeendpos":"23","timestartpos":"0","_bkt":"botsv1~59~25FE58F7-C438-478E-AC42-625F7A4D81D6","_cd":"59:129847453","_eventtype_color":"none","_indextime":"1473353509","_pre_msg":"08/01/2016 10:06:29 AM\nLogName=Application\nSourceName=ESENT\nEventCode=327\nEventType=4\nType=Information\nComputerName=we5091srv.waynecorpinc.local\nTaskCategory=General\nOpCode=Info\nRecordNumber=898\nKeywords=Classic","_raw":"08/01/2016 10:06:29 AM\nLogName=Application\nSourceName=ESENT\nEventCode=327\nEventType=4\nType=Information\nComputerName=we5091srv.waynecorpinc.local\nTaskCategory=General\nOpCode=Info\nRecordNumber=898\nKeywords=Classic\nMessage=svchost (1060) The database engine detached a database (2, C:\\Windows\\system32\\LogFiles\\Sum\\SystemIdentity.mdb). (Time=0 seconds) \n \nInternal Timing Sequence: [1] 0.000, [2] 0.000, [3] 0.000, [4] 0.000, [5] 0.000, [6] 0.015, [7] 0.000, [8] 0.000, [9] 0.000, [10] 0.000, [11] 0.000, [12] 0.000. \nRevived Cache: 0 0\n","_serial":"5087","_si":["kraken.local","botsv1"],"_sourcetype":"WinEventLog:Application","_time":"2016-08-01 04:06:29.000 MDT"}}
{"preview":false,"offset":5088,"result":{"ComputerName":"we6071srv.waynecorpinc.local","EventCode":"105","EventType":"4","Internal_Timing_Sequence":"[1] 0.000, [2] 0.000, [3] 0.015, [4] 0.016, [5] 0.016, [6] 0.047, [7] 0.015, [8] 0.000, [9] 0.000, [10] 0.000.","Keywords":"Classic","LogName":"Application","Message":"svchost (968) DS_Token_DB: The database engine started a new instance (0). (Time=0 seconds) \n \nInternal Timing Sequence: [1] 0.000, [2] 0.000, [3] 0.015, [4] 0.016, [5] 0.016, [6] 0.047, [7] 0.015, [8] 0.000, [9] 0.000, [10] 0.000.","OpCode":"Info","RecordNumber":"1093","SourceName":"ESENT","TaskCategory":"General","Type":"Information","date_hour":"9","date_mday":"1","date_minute":"59","date_month":"august","date_second":"46","date_wday":"monday","date_year":"2016","date_zone":"local","dest":"we6071srv.waynecorpinc.local","dvc":"we6071srv","dvc_nt_host":"we6071srv","event_id":"1093","eventtype":["winapp","wineventlog_application","wineventlog_windows"],"host":"we6071srv","id":"1093","index":"botsv1","linecount":"15","punct":"//_::_======..=====_()_:________()._(=_)____:_[]_.","severity":"Information","severity_id":"4","signature_id":"105","source":"WinEventLog:Application","sourcetype":"WinEventLog:Application","splunk_server":"kraken.local","tag":["os","windows"],"tag::eventtype":["os","windows"],"timeendpos":"23","timestartpos":"0","_bkt":"botsv1~59~25FE58F7-C438-478E-AC42-625F7A4D81D6","_cd":"59:52190075","_eventtype_color":"none","_indextime":"1473352302","_pre_msg":"08/01/2016 09:59:46 AM\nLogName=Application\nSourceName=ESENT\nEventCode=105\nEventType=4\nType=Information\nComputerName=we6071srv.waynecorpinc.local\nTaskCategory=General\nOpCode=Info\nRecordNumber=1093\nKeywords=Classic","_raw":"08/01/2016 09:59:46 AM\nLogName=Application\nSourceName=ESENT\nEventCode=105\nEventType=4\nType=Information\nComputerName=we6071srv.waynecorpinc.local\nTaskCategory=General\nOpCode=Info\nRecordNumber=1093\nKeywords=Classic\nMessage=svchost (968) DS_Token_DB: The database engine started a new instance (0). (Time=0 seconds) \n \nInternal Timing Sequence: [1] 0.000, [2] 0.000, [3] 0.015, [4] 0.016, [5] 0.016, [6] 0.047, [7] 0.015, [8] 0.000, [9] 0.000, [10] 0.000.\n","_serial":"5088","_si":["kraken.local","botsv1"],"_sourcetype":"WinEventLog:Application","_time":"2016-08-01 03:59:46.000 MDT"}}
{"preview":false,"offset":5089,"result":{"ComputerName":"we9334srv.waynecorpinc.local","EventCode":"326","EventType":"4","Internal_Timing_Sequence":"[1] 0.000, [2] 0.000, [3] 0.000, [4] 0.000, [5] 0.000, [6] 0.000, [7] 0.000, [8] 0.000, [9] 0.000, [10] 0.000, [11] 0.000, [12] 0.000.","Keywords":"Classic","LogName":"Application","Message":"svchost (1060) The database engine attached a database (2, C:\\Windows\\system32\\LogFiles\\Sum\\SystemIdentity.mdb). (Time=0 seconds) \n \nInternal Timing Sequence: [1] 0.000, [2] 0.000, [3] 0.000, [4] 0.000, [5] 0.000, [6] 0.000, [7] 0.000, [8] 0.000, [9] 0.000, [10] 0.000, [11] 0.000, [12] 0.000. \nSaved Cache: 1 0","OpCode":"Info","RecordNumber":"895","Saved_Cache":"1 0","SourceName":"ESENT","TaskCategory":"General","Type":"Information","date_hour":"9","date_mday":"1","date_minute":"58","date_month":"august","date_second":"52","date_wday":"monday","date_year":"2016","date_zone":"local","dest":"we9334srv.waynecorpinc.local","dvc":"we9334srv","dvc_nt_host":"we9334srv","event_id":"895","eventtype":["winapp","wineventlog_application","wineventlog_windows"],"host":"we9334srv","id":"895","index":"botsv1","linecount":"16","punct":"//_::_======..=====_()_______(,_:\\\\\\\\\\.)._(=_)____","severity":"Information","severity_id":"4","signature_id":"326","source":"WinEventLog:Application","sourcetype":"WinEventLog:Application","splunk_server":"kraken.local","tag":["os","windows"],"tag::eventtype":["os","windows"],"timeendpos":"23","timestartpos":"0","_bkt":"botsv1~59~25FE58F7-C438-478E-AC42-625F7A4D81D6","_cd":"59:252272658","_eventtype_color":"none","_indextime":"1473355435","_pre_msg":"08/01/2016 09:58:52 AM\nLogName=Application\nSourceName=ESENT\nEventCode=326\nEventType=4\nType=Information\nComputerName=we9334srv.waynecorpinc.local\nTaskCategory=General\nOpCode=Info\nRecordNumber=895\nKeywords=Classic","_raw":"08/01/2016 09:58:52 AM\nLogName=Application\nSourceName=ESENT\nEventCode=326\nEventType=4\nType=Information\nComputerName=we9334srv.waynecorpinc.local\nTaskCategory=General\nOpCode=Info\nRecordNumber=895\nKeywords=Classic\nMessage=svchost (1060) The database engine attached a database (2, C:\\Windows\\system32\\LogFiles\\Sum\\SystemIdentity.mdb). (Time=0 seconds) \n \nInternal Timing Sequence: [1] 0.000, [2] 0.000, [3] 0.000, [4] 0.000, [5] 0.000, [6] 0.000, [7] 0.000, [8] 0.000, [9] 0.000, [10] 0.000, [11] 0.000, [12] 0.000. \nSaved Cache: 1 0\n","_serial":"5089","_si":["kraken.local","botsv1"],"_sourcetype":"WinEventLog:Application","_time":"2016-08-01 03:58:52.000 MDT"}}
{"preview":false,"offset":5090,"result":{"ComputerName":"we4790srv.waynecorpinc.local","EventCode":"102","EventType":"4","Keywords":"Classic","LogName":"Application","Message":"svchost (968) DS_Token_DB: The database engine (10.00.10586.0000) is starting a new instance (0).","OpCode":"Info","RecordNumber":"1089","SourceName":"ESENT","TaskCategory":"General","Type":"Information","date_hour":"9","date_mday":"1","date_minute":"47","date_month":"august","date_second":"33","date_wday":"monday","date_year":"2016","date_zone":"local","dest":"we4790srv.waynecorpinc.local","dvc":"we4790srv","dvc_nt_host":"we4790srv","event_id":"1089","eventtype":["winapp","wineventlog_application","wineventlog_windows"],"host":"we4790srv","id":"1089","index":"botsv1","linecount":"13","punct":"//_::_======..=====_()_:____(...)______().","severity":"Information","severity_id":"4","signature_id":"102","source":"WinEventLog:Application","sourcetype":"WinEventLog:Application","splunk_server":"kraken.local","tag":["os","windows"],"tag::eventtype":["os","windows"],"timeendpos":"23","timestartpos":"0","_bkt":"botsv1~59~25FE58F7-C438-478E-AC42-625F7A4D81D6","_cd":"59:593642952","_eventtype_color":"none","_indextime":"1473360773","_pre_msg":"08/01/2016 09:47:33 AM\nLogName=Application\nSourceName=ESENT\nEventCode=102\nEventType=4\nType=Information\nComputerName=we4790srv.waynecorpinc.local\nTaskCategory=General\nOpCode=Info\nRecordNumber=1089\nKeywords=Classic","_raw":"08/01/2016 09:47:33 AM\nLogName=Application\nSourceName=ESENT\nEventCode=102\nEventType=4\nType=Information\nComputerName=we4790srv.waynecorpinc.local\nTaskCategory=General\nOpCode=Info\nRecordNumber=1089\nKeywords=Classic\nMessage=svchost (968) DS_Token_DB: The database engine (10.00.10586.0000) is starting a new instance (0).\n","_serial":"5090","_si":["kraken.local","botsv1"],"_sourcetype":"WinEventLog:Application","_time":"2016-08-01 03:47:33.000 MDT"}}
{"preview":false,"offset":5091,"result":{"ComputerName":"we3907srv.waynecorpinc.local","EventCode":"326","EventType":"4","Internal_Timing_Sequence":"[1] 0.000, [2] 0.000, [3] 0.000, [4] 0.000, [5] 0.000, [6] 0.000, [7] 0.000, [8] 0.000, [9] 0.000, [10] 0.000, [11] 0.000, [12] 0.000.","Keywords":"Classic","LogName":"Application","Message":"svchost (1060) The database engine attached a database (2, C:\\Windows\\system32\\LogFiles\\Sum\\SystemIdentity.mdb). (Time=0 seconds) \n \nInternal Timing Sequence: [1] 0.000, [2] 0.000, [3] 0.000, [4] 0.000, [5] 0.000, [6] 0.000, [7] 0.000, [8] 0.000, [9] 0.000, [10] 0.000, [11] 0.000, [12] 0.000. \nSaved Cache: 1 0","OpCode":"Info","RecordNumber":"891","Saved_Cache":"1 0","SourceName":"ESENT","TaskCategory":"General","Type":"Information","date_hour":"9","date_mday":"1","date_minute":"34","date_month":"august","date_second":"35","date_wday":"monday","date_year":"2016","date_zone":"local","dest":"we3907srv.waynecorpinc.local","dvc":"we3907srv","dvc_nt_host":"we3907srv","event_id":"891","eventtype":["winapp","wineventlog_application","wineventlog_windows"],"host":"we3907srv","id":"891","index":"botsv1","linecount":"16","punct":"//_::_======..=====_()_______(,_:\\\\\\\\\\.)._(=_)____","severity":"Information","severity_id":"4","signature_id":"326","source":"WinEventLog:Application","sourcetype":"WinEventLog:Application","splunk_server":"kraken.local","tag":["os","windows"],"tag::eventtype":["os","windows"],"timeendpos":"23","timestartpos":"0","_bkt":"botsv1~59~25FE58F7-C438-478E-AC42-625F7A4D81D6","_cd":"59:399093724","_eventtype_color":"none","_indextime":"1473357731","_pre_msg":"08/01/2016 09:34:35 AM\nLogName=Application\nSourceName=ESENT\nEventCode=326\nEventType=4\nType=Information\nComputerName=we3907srv.waynecorpinc.local\nTaskCategory=General\nOpCode=Info\nRecordNumber=891\nKeywords=Classic","_raw":"08/01/2016 09:34:35 AM\nLogName=Application\nSourceName=ESENT\nEventCode=326\nEventType=4\nType=Information\nComputerName=we3907srv.waynecorpinc.local\nTaskCategory=General\nOpCode=Info\nRecordNumber=891\nKeywords=Classic\nMessage=svchost (1060) The database engine attached a database (2, C:\\Windows\\system32\\LogFiles\\Sum\\SystemIdentity.mdb). (Time=0 seconds) \n \nInternal Timing Sequence: [1] 0.000, [2] 0.000, [3] 0.000, [4] 0.000, [5] 0.000, [6] 0.000, [7] 0.000, [8] 0.000, [9] 0.000, [10] 0.000, [11] 0.000, [12] 0.000. \nSaved Cache: 1 0\n","_serial":"5091","_si":["kraken.local","botsv1"],"_sourcetype":"WinEventLog:Application","_time":"2016-08-01 03:34:35.000 MDT"}}
{"preview":false,"offset":5092,"result":{"ComputerName":"we1145srv.waynecorpinc.local","EventCode":"327","EventType":"4","Internal_Timing_Sequence":"[1] 0.000, [2] 0.000, [3] 0.000, [4] 0.000, [5] 0.000, [6] 0.031, [7] 0.000, [8] 0.000, [9] 0.000, [10] 0.000, [11] 0.000, [12] 0.000.","Keywords":"Classic","LogName":"Application","Message":"svchost (1060) The database engine detached a database (2, C:\\Windows\\system32\\LogFiles\\Sum\\SystemIdentity.mdb). (Time=0 seconds) \n \nInternal Timing Sequence: [1] 0.000, [2] 0.000, [3] 0.000, [4] 0.000, [5] 0.000, [6] 0.031, [7] 0.000, [8] 0.000, [9] 0.000, [10] 0.000, [11] 0.000, [12] 0.000. \nRevived Cache: 0 0","OpCode":"Info","RecordNumber":"896","Revived_Cache":"0 0","SourceName":"ESENT","TaskCategory":"General","Type":"Information","date_hour":"9","date_mday":"1","date_minute":"33","date_month":"august","date_second":"42","date_wday":"monday","date_year":"2016","date_zone":"local","dest":"we1145srv.waynecorpinc.local","dvc":"we1145srv","dvc_nt_host":"we1145srv","event_id":"896","eventtype":["winapp","wineventlog_application","wineventlog_windows"],"host":"we1145srv","id":"896","index":"botsv1","linecount":"16","punct":"//_::_======..=====_()_______(,_:\\\\\\\\\\.)._(=_)____","severity":"Information","severity_id":"4","signature_id":"327","source":"WinEventLog:Application","sourcetype":"WinEventLog:Application","splunk_server":"kraken.local","tag":["os","windows"],"tag::eventtype":["os","windows"],"timeendpos":"23","timestartpos":"0","_bkt":"botsv1~59~25FE58F7-C438-478E-AC42-625F7A4D81D6","_cd":"59:583842406","_eventtype_color":"none","_indextime":"1473360622","_pre_msg":"08/01/2016 09:33:42 AM\nLogName=Application\nSourceName=ESENT\nEventCode=327\nEventType=4\nType=Information\nComputerName=we1145srv.waynecorpinc.local\nTaskCategory=General\nOpCode=Info\nRecordNumber=896\nKeywords=Classic","_raw":"08/01/2016 09:33:42 AM\nLogName=Application\nSourceName=ESENT\nEventCode=327\nEventType=4\nType=Information\nComputerName=we1145srv.waynecorpinc.local\nTaskCategory=General\nOpCode=Info\nRecordNumber=896\nKeywords=Classic\nMessage=svchost (1060) The database engine detached a database (2, C:\\Windows\\system32\\LogFiles\\Sum\\SystemIdentity.mdb). (Time=0 seconds) \n \nInternal Timing Sequence: [1] 0.000, [2] 0.000, [3] 0.000, [4] 0.000, [5] 0.000, [6] 0.031, [7] 0.000, [8] 0.000, [9] 0.000, [10] 0.000, [11] 0.000, [12] 0.000. \nRevived Cache: 0 0\n","_serial":"5092","_si":["kraken.local","botsv1"],"_sourcetype":"WinEventLog:Application","_time":"2016-08-01 03:33:42.000 MDT"}}
{"preview":false,"offset":5093,"result":{"ComputerName":"we1779srv.waynecorpinc.local","EventCode":"102","EventType":"4","Keywords":"Classic","LogName":"Application","Message":"svchost (968) DS_Token_DB: The database engine (10.00.10586.0000) is starting a new instance (0).","OpCode":"Info","RecordNumber":"1089","SourceName":"ESENT","TaskCategory":"General","Type":"Information","date_hour":"9","date_mday":"1","date_minute":"33","date_month":"august","date_second":"1","date_wday":"monday","date_year":"2016","date_zone":"local","dest":"we1779srv.waynecorpinc.local","dvc":"we1779srv","dvc_nt_host":"we1779srv","event_id":"1089","eventtype":["winapp","wineventlog_application","wineventlog_windows"],"host":"we1779srv","id":"1089","index":"botsv1","linecount":"13","punct":"//_::_======..=====_()_:____(...)______().","severity":"Information","severity_id":"4","signature_id":"102","source":"WinEventLog:Application","sourcetype":"WinEventLog:Application","splunk_server":"kraken.local","tag":["os","windows"],"tag::eventtype":["os","windows"],"timeendpos":"23","timestartpos":"0","_bkt":"botsv1~59~25FE58F7-C438-478E-AC42-625F7A4D81D6","_cd":"59:864274082","_eventtype_color":"none","_indextime":"1473365023","_pre_msg":"08/01/2016 09:33:01 AM\nLogName=Application\nSourceName=ESENT\nEventCode=102\nEventType=4\nType=Information\nComputerName=we1779srv.waynecorpinc.local\nTaskCategory=General\nOpCode=Info\nRecordNumber=1089\nKeywords=Classic","_raw":"08/01/2016 09:33:01 AM\nLogName=Application\nSourceName=ESENT\nEventCode=102\nEventType=4\nType=Information\nComputerName=we1779srv.waynecorpinc.local\nTaskCategory=General\nOpCode=Info\nRecordNumber=1089\nKeywords=Classic\nMessage=svchost (968) DS_Token_DB: The database engine (10.00.10586.0000) is starting a new instance (0).\n","_serial":"5093","_si":["kraken.local","botsv1"],"_sourcetype":"WinEventLog:Application","_time":"2016-08-01 03:33:01.000 MDT"}}
{"preview":false,"offset":5094,"result":{"ComputerName":"we1675srv.waynecorpinc.local","EventCode":"102","EventType":"4","Keywords":"Classic","LogName":"Application","Message":"svchost (968) DS_Token_DB: The database engine (10.00.10586.0000) is starting a new instance (0).","OpCode":"Info","RecordNumber":"1089","SourceName":"ESENT","TaskCategory":"General","Type":"Information","date_hour":"9","date_mday":"1","date_minute":"25","date_month":"august","date_second":"40","date_wday":"monday","date_year":"2016","date_zone":"local","dest":"we1675srv.waynecorpinc.local","dvc":"we1675srv","dvc_nt_host":"we1675srv","event_id":"1089","eventtype":["winapp","wineventlog_application","wineventlog_windows"],"host":"we1675srv","id":"1089","index":"botsv1","linecount":"13","punct":"//_::_======..=====_()_:____(...)______().","severity":"Information","severity_id":"4","signature_id":"102","source":"WinEventLog:Application","sourcetype":"WinEventLog:Application","splunk_server":"kraken.local","tag":["os","windows"],"tag::eventtype":["os","windows"],"timeendpos":"23","timestartpos":"0","_bkt":"botsv1~59~25FE58F7-C438-478E-AC42-625F7A4D81D6","_cd":"59:167395487","_eventtype_color":"none","_indextime":"1473354098","_pre_msg":"08/01/2016 09:25:40 AM\nLogName=Application\nSourceName=ESENT\nEventCode=102\nEventType=4\nType=Information\nComputerName=we1675srv.waynecorpinc.local\nTaskCategory=General\nOpCode=Info\nRecordNumber=1089\nKeywords=Classic","_raw":"08/01/2016 09:25:40 AM\nLogName=Application\nSourceName=ESENT\nEventCode=102\nEventType=4\nType=Information\nComputerName=we1675srv.waynecorpinc.local\nTaskCategory=General\nOpCode=Info\nRecordNumber=1089\nKeywords=Classic\nMessage=svchost (968) DS_Token_DB: The database engine (10.00.10586.0000) is starting a new instance (0).\n","_serial":"5094","_si":["kraken.local","botsv1"],"_sourcetype":"WinEventLog:Application","_time":"2016-08-01 03:25:40.000 MDT"}}
