{"preview":false,"offset":5095,"result":{"ComputerName":"we5882srv.waynecorpinc.local","EventCode":"326","EventType":"4","Internal_Timing_Sequence":"[1] 0.000, [2] 0.031, [3] 0.000, [4] 0.000, [5] 0.000, [6] 0.000, [7] 0.000, [8] 0.000, [9] 0.000, [10] 0.000, [11] 0.000, [12] 0.000.","Keywords":"Classic","LogName":"Application","Message":"svchost (1060) The database engine attached a database (2, C:\\Windows\\system32\\LogFiles\\Sum\\SystemIdentity.mdb). (Time=0 seconds) \n \nInternal Timing Sequence: [1] 0.000, [2] 0.031, [3] 0.000, [4] 0.000, [5] 0.000, [6] 0.000, [7] 0.000, [8] 0.000, [9] 0.000, [10] 0.000, [11] 0.000, [12] 0.000. \nSaved Cache: 1 0","OpCode":"Info","RecordNumber":"887","Saved_Cache":"1 0","SourceName":"ESENT","TaskCategory":"General","Type":"Information","date_hour":"9","date_mday":"1","date_minute":"18","date_month":"august","date_second":"55","date_wday":"monday","date_year":"2016","date_zone":"local","dest":"we5882srv.waynecorpinc.local","dvc":"we5882srv","dvc_nt_host":"we5882srv","event_id":"887","eventtype":["winapp","wineventlog_application","wineventlog_windows"],"host":"we5882srv","id":"887","index":"botsv1","linecount":"16","punct":"//_::_======..=====_()_______(,_:\\\\\\\\\\.)._(=_)____","severity":"Information","severity_id":"4","signature_id":"326","source":"WinEventLog:Application","sourcetype":"WinEventLog:Application","splunk_server":"kraken.local","tag":["os","windows"],"tag::eventtype":["os","windows"],"timeendpos":"23","timestartpos":"0","_bkt":"botsv1~59~25FE58F7-C438-478E-AC42-625F7A4D81D6","_cd":"59:914133173","_eventtype_color":"none","_indextime":"1473365885","_pre_msg":"08/01/2016 09:18:55 AM\nLogName=Application\nSourceName=ESENT\nEventCode=326\nEventType=4\nType=Information\nComputerName=we5882srv.waynecorpinc.local\nTaskCategory=General\nOpCode=Info\nRecordNumber=887\nKeywords=Classic","_raw":"08/01/2016 09:18:55 AM\nLogName=Application\nSourceName=ESENT\nEventCode=326\nEventType=4\nType=Information\nComputerName=we5882srv.waynecorpinc.local\nTaskCategory=General\nOpCode=Info\nRecordNumber=887\nKeywords=Classic\nMessage=svchost (1060) The database engine attached a database (2, C:\\Windows\\system32\\LogFiles\\Sum\\SystemIdentity.mdb). (Time=0 seconds) \n \nInternal Timing Sequence: [1] 0.000, [2] 0.031, [3] 0.000, [4] 0.000, [5] 0.000, [6] 0.000, [7] 0.000, [8] 0.000, [9] 0.000, [10] 0.000, [11] 0.000, [12] 0.000. \nSaved Cache: 1 0\n","_serial":"5095","_si":["kraken.local","botsv1"],"_sourcetype":"WinEventLog:Application","_time":"2016-08-01 03:18:55.000 MDT"}}
{"preview":false,"offset":5096,"result":{"ComputerName":"we1180srv.waynecorpinc.local","EventCode":"326","EventType":"4","Internal_Timing_Sequence":"[1] 0.000, [2] 0.000, [3] 0.000, [4] 0.000, [5] 0.000, [6] 0.000, [7] 0.000, [8] 0.000, [9] 0.000, [10] 0.000, [11] 0.000, [12] 0.000.","Keywords":"Classic","LogName":"Application","Message":"svchost (1060) The database engine attached a database (2, C:\\Windows\\system32\\LogFiles\\Sum\\SystemIdentity.mdb). (Time=0 seconds) \n \nInternal Timing Sequence: [1] 0.000, [2] 0.000, [3] 0.000, [4] 0.000, [5] 0.000, [6] 0.000, [7] 0.000, [8] 0.000, [9] 0.000, [10] 0.000, [11] 0.000, [12] 0.000. \nSaved Cache: 1 0","OpCode":"Info","RecordNumber":"895","Saved_Cache":"1 0","SourceName":"ESENT","TaskCategory":"General","Type":"Information","date_hour":"9","date_mday":"1","date_minute":"12","date_month":"august","date_second":"54","date_wday":"monday","date_year":"2016","date_zone":"local","dest":"we1180srv.waynecorpinc.local","dvc":"we1180srv","dvc_nt_host":"we1180srv","event_id":"895","eventtype":["winapp","wineventlog_application","wineventlog_windows"],"host":"we1180srv","id":"895","index":"botsv1","linecount":"16","punct":"//_::_======..=====_()_______(,_:\\\\\\\\\\.)._(=_)____","severity":"Information","severity_id":"4","signature_id":"326","source":"WinEventLog:Application","sourcetype":"WinEventLog:Application","splunk_server":"kraken.local","tag":["os","windows"],"tag::eventtype":["os","windows"],"timeendpos":"23","timestartpos":"0","_bkt":"botsv1~59~25FE58F7-C438-478E-AC42-625F7A4D81D6","_cd":"59:321257105","_eventtype_color":"none","_indextime":"1473356514","_pre_msg":"08/01/2016 09:12:54 AM\nLogName=Application\nSourceName=ESENT\nEventCode=326\nEventType=4\nType=Information\nComputerName=we1180srv.waynecorpinc.local\nTaskCategory=General\nOpCode=Info\nRecordNumber=895\nKeywords=Classic","_raw":"08/01/2016 09:12:54 AM\nLogName=Application\nSourceName=ESENT\nEventCode=326\nEventType=4\nType=Information\nComputerName=we1180srv.waynecorpinc.local\nTaskCategory=General\nOpCode=Info\nRecordNumber=895\nKeywords=Classic\nMessage=svchost (1060) The database engine attached a database (2, C:\\Windows\\system32\\LogFiles\\Sum\\SystemIdentity.mdb). (Time=0 seconds) \n \nInternal Timing Sequence: [1] 0.000, [2] 0.000, [3] 0.000, [4] 0.000, [5] 0.000, [6] 0.000, [7] 0.000, [8] 0.000, [9] 0.000, [10] 0.000, [11] 0.000, [12] 0.000. \nSaved Cache: 1 0\n","_serial":"5096","_si":["kraken.local","botsv1"],"_sourcetype":"WinEventLog:Application","_time":"2016-08-01 03:12:54.000 MDT"}}
{"preview":false,"offset":5097,"result":{"ComputerName":"we7725srv.waynecorpinc.local","EventCode":"326","EventType":"4","Internal_Timing_Sequence":"[1] 0.000, [2] 0.000, [3] 0.000, [4] 0.000, [5] 0.000, [6] 0.000, [7] 0.000, [8] 0.000, [9] 0.000, [10] 0.000, [11] 0.000, [12] 0.000.","Keywords":"Classic","LogName":"Application","Message":"svchost (1060) The database engine attached a database (2, C:\\Windows\\system32\\LogFiles\\Sum\\SystemIdentity.mdb). (Time=0 seconds) \n \nInternal Timing Sequence: [1] 0.000, [2] 0.000, [3] 0.000, [4] 0.000, [5] 0.000, [6] 0.000, [7] 0.000, [8] 0.000, [9] 0.000, [10] 0.000, [11] 0.000, [12] 0.000. \nSaved Cache: 1 0","OpCode":"Info","RecordNumber":"897","Saved_Cache":"1 0","SourceName":"ESENT","TaskCategory":"General","Type":"Information","date_hour":"8","date_mday":"1","date_minute":"53","date_month":"august","date_second":"47","date_wday":"monday","date_year":"2016","date_zone":"local","dest":"we7725srv.waynecorpinc.local","dvc":"we7725srv","dvc_nt_host":"we7725srv","event_id":"897","eventtype":["winapp","wineventlog_application","wineventlog_windows"],"host":"we7725srv","id":"897","index":"botsv1","linecount":"16","punct":"//_::_======..=====_()_______(,_:\\\\\\\\\\.)._(=_)____","severity":"Information","severity_id":"4","signature_id":"326","source":"WinEventLog:Application","sourcetype":"WinEventLog:Application","splunk_server":"kraken.local","tag":["os","windows"],"tag::eventtype":["os","windows"],"timeendpos":"23","timestartpos":"0","_bkt":"botsv1~59~25FE58F7-C438-478E-AC42-625F7A4D81D6","_cd":"59:553048992","_eventtype_color":"none","_indextime":"1473360130","_pre_msg":"08/01/2016 08:53:47 AM\nLogName=Application\nSourceName=ESENT\nEventCode=326\nEventType=4\nType=Information\nComputerName=we7725srv.waynecorpinc.local\nTaskCategory=General\nOpCode=Info\nRecordNumber=897\nKeywords=Classic","_raw":"08/01/2016 08:53:47 AM\nLogName=Application\nSourceName=ESENT\nEventCode=326\nEventType=4\nType=Information\nComputerName=we7725srv.waynecorpinc.local\nTaskCategory=General\nOpCode=Info\nRecordNumber=897\nKeywords=Classic\nMessage=svchost (1060) The database engine attached a database (2, C:\\Windows\\system32\\LogFiles\\Sum\\SystemIdentity.mdb). (Time=0 seconds) \n \nInternal Timing Sequence: [1] 0.000, [2] 0.000, [3] 0.000, [4] 0.000, [5] 0.000, [6] 0.000, [7] 0.000, [8] 0.000, [9] 0.000, [10] 0.000, [11] 0.000, [12] 0.000. \nSaved Cache: 1 0\n","_serial":"5097","_si":["kraken.local","botsv1"],"_sourcetype":"WinEventLog:Application","_time":"2016-08-01 02:53:47.000 MDT"}}
{"preview":false,"offset":5098,"result":{"ComputerName":"we6198srv.waynecorpinc.local","EventCode":"327","EventType":"4","Internal_Timing_Sequence":"[1] 0.000, [2] 0.000, [3] 0.000, [4] 0.000, [5] 0.000, [6] 0.015, [7] 0.000, [8] 0.000, [9] 0.000, [10] 0.000, [11] 0.000, [12] 0.000.","Keywords":"Classic","LogName":"Application","Message":"svchost (1060) The database engine detached a database (2, C:\\Windows\\system32\\LogFiles\\Sum\\SystemIdentity.mdb). (Time=0 seconds) \n \nInternal Timing Sequence: [1] 0.000, [2] 0.000, [3] 0.000, [4] 0.000, [5] 0.000, [6] 0.015, [7] 0.000, [8] 0.000, [9] 0.000, [10] 0.000, [11] 0.000, [12] 0.000. \nRevived Cache: 0 0","OpCode":"Info","RecordNumber":"894","Revived_Cache":"0 0","SourceName":"ESENT","TaskCategory":"General","Type":"Information","date_hour":"8","date_mday":"1","date_minute":"31","date_month":"august","date_second":"44","date_wday":"monday","date_year":"2016","date_zone":"local","dest":"we6198srv.waynecorpinc.local","dvc":"we6198srv","dvc_nt_host":"we6198srv","event_id":"894","eventtype":["winapp","wineventlog_application","wineventlog_windows"],"host":"we6198srv","id":"894","index":"botsv1","linecount":"16","punct":"//_::_======..=====_()_______(,_:\\\\\\\\\\.)._(=_)____","severity":"Information","severity_id":"4","signature_id":"327","source":"WinEventLog:Application","sourcetype":"WinEventLog:Application","splunk_server":"kraken.local","tag":["os","windows"],"tag::eventtype":["os","windows"],"timeendpos":"23","timestartpos":"0","_bkt":"botsv1~59~25FE58F7-C438-478E-AC42-625F7A4D81D6","_cd":"59:233857616","_eventtype_color":"none","_indextime":"1473355134","_pre_msg":"08/01/2016 08:31:44 AM\nLogName=Application\nSourceName=ESENT\nEventCode=327\nEventType=4\nType=Information\nComputerName=we6198srv.waynecorpinc.local\nTaskCategory=General\nOpCode=Info\nRecordNumber=894\nKeywords=Classic","_raw":"08/01/2016 08:31:44 AM\nLogName=Application\nSourceName=ESENT\nEventCode=327\nEventType=4\nType=Information\nComputerName=we6198srv.waynecorpinc.local\nTaskCategory=General\nOpCode=Info\nRecordNumber=894\nKeywords=Classic\nMessage=svchost (1060) The database engine detached a database (2, C:\\Windows\\system32\\LogFiles\\Sum\\SystemIdentity.mdb). (Time=0 seconds) \n \nInternal Timing Sequence: [1] 0.000, [2] 0.000, [3] 0.000, [4] 0.000, [5] 0.000, [6] 0.015, [7] 0.000, [8] 0.000, [9] 0.000, [10] 0.000, [11] 0.000, [12] 0.000. \nRevived Cache: 0 0\n","_serial":"5098","_si":["kraken.local","botsv1"],"_sourcetype":"WinEventLog:Application","_time":"2016-08-01 02:31:44.000 MDT"}}
{"preview":false,"offset":5099,"result":{"ComputerName":"we3873srv.waynecorpinc.local","EventCode":"1704","EventType":"4","Keywords":"Classic","LogName":"Application","Message":"Security policy in the Group policy objects has been applied successfully.","OpCode":"None","RecordNumber":"469","SourceName":"SceCli","TaskCategory":"None","Type":"Information","date_hour":"8","date_mday":"1","date_minute":"30","date_month":"august","date_second":"30","date_wday":"monday","date_year":"2016","date_zone":"local","dest":"we3873srv.waynecorpinc.local","dvc":"we3873srv","dvc_nt_host":"we3873srv","event_id":"469","eventtype":["winapp","wineventlog_application","wineventlog_windows"],"host":"we3873srv","id":"469","index":"botsv1","linecount":"13","punct":"//_::_======..=====__________.","severity":"Information","severity_id":"4","signature_id":"1704","source":"WinEventLog:Application","sourcetype":"WinEventLog:Application","splunk_server":"kraken.local","tag":["os","windows"],"tag::eventtype":["os","windows"],"timeendpos":"23","timestartpos":"0","_bkt":"botsv1~59~25FE58F7-C438-478E-AC42-625F7A4D81D6","_cd":"59:616499954","_eventtype_color":"none","_indextime":"1473361131","_pre_msg":"08/01/2016 08:30:30 AM\nLogName=Application\nSourceName=SceCli\nEventCode=1704\nEventType=4\nType=Information\nComputerName=we3873srv.waynecorpinc.local\nTaskCategory=None\nOpCode=None\nRecordNumber=469\nKeywords=Classic","_raw":"08/01/2016 08:30:30 AM\nLogName=Application\nSourceName=SceCli\nEventCode=1704\nEventType=4\nType=Information\nComputerName=we3873srv.waynecorpinc.local\nTaskCategory=None\nOpCode=None\nRecordNumber=469\nKeywords=Classic\nMessage=Security policy in the Group policy objects has been applied successfully.\n","_serial":"5099","_si":["kraken.local","botsv1"],"_sourcetype":"WinEventLog:Application","_time":"2016-08-01 02:30:30.000 MDT"}}
{"preview":false,"offset":5100,"result":{"ComputerName":"we7657srv.waynecorpinc.local","EventCode":"326","EventType":"4","Internal_Timing_Sequence":"[1] 0.000, [2] 0.031, [3] 0.000, [4] 0.000, [5] 0.000, [6] 0.000, [7] 0.000, [8] 0.000, [9] 0.000, [10] 0.000, [11] 0.000, [12] 0.000.","Keywords":"Classic","LogName":"Application","Message":"svchost (1060) The database engine attached a database (2, C:\\Windows\\system32\\LogFiles\\Sum\\SystemIdentity.mdb). (Time=0 seconds) \n \nInternal Timing Sequence: [1] 0.000, [2] 0.031, [3] 0.000, [4] 0.000, [5] 0.000, [6] 0.000, [7] 0.000, [8] 0.000, [9] 0.000, [10] 0.000, [11] 0.000, [12] 0.000. \nSaved Cache: 1 0","OpCode":"Info","RecordNumber":"887","Saved_Cache":"1 0","SourceName":"ESENT","TaskCategory":"General","Type":"Information","date_hour":"8","date_mday":"1","date_minute":"30","date_month":"august","date_second":"16","date_wday":"monday","date_year":"2016","date_zone":"local","dest":"we7657srv.waynecorpinc.local","dvc":"we7657srv","dvc_nt_host":"we7657srv","event_id":"887","eventtype":["winapp","wineventlog_application","wineventlog_windows"],"host":"we7657srv","id":"887","index":"botsv1","linecount":"16","punct":"//_::_======..=====_()_______(,_:\\\\\\\\\\.)._(=_)____","severity":"Information","severity_id":"4","signature_id":"326","source":"WinEventLog:Application","sourcetype":"WinEventLog:Application","splunk_server":"kraken.local","tag":["os","windows"],"tag::eventtype":["os","windows"],"timeendpos":"23","timestartpos":"0","_bkt":"botsv1~59~25FE58F7-C438-478E-AC42-625F7A4D81D6","_cd":"59:561199150","_eventtype_color":"none","_indextime":"1473360269","_pre_msg":"08/01/2016 08:30:16 AM\nLogName=Application\nSourceName=ESENT\nEventCode=326\nEventType=4\nType=Information\nComputerName=we7657srv.waynecorpinc.local\nTaskCategory=General\nOpCode=Info\nRecordNumber=887\nKeywords=Classic","_raw":"08/01/2016 08:30:16 AM\nLogName=Application\nSourceName=ESENT\nEventCode=326\nEventType=4\nType=Information\nComputerName=we7657srv.waynecorpinc.local\nTaskCategory=General\nOpCode=Info\nRecordNumber=887\nKeywords=Classic\nMessage=svchost (1060) The database engine attached a database (2, C:\\Windows\\system32\\LogFiles\\Sum\\SystemIdentity.mdb). (Time=0 seconds) \n \nInternal Timing Sequence: [1] 0.000, [2] 0.031, [3] 0.000, [4] 0.000, [5] 0.000, [6] 0.000, [7] 0.000, [8] 0.000, [9] 0.000, [10] 0.000, [11] 0.000, [12] 0.000. \nSaved Cache: 1 0\n","_serial":"5100","_si":["kraken.local","botsv1"],"_sourcetype":"WinEventLog:Application","_time":"2016-08-01 02:30:16.000 MDT"}}
{"preview":false,"offset":5101,"result":{"ComputerName":"we3337srv.waynecorpinc.local","EventCode":"326","EventType":"4","Internal_Timing_Sequence":"[1] 0.000, [2] 0.031, [3] 0.000, [4] 0.000, [5] 0.000, [6] 0.000, [7] 0.000, [8] 0.000, [9] 0.000, [10] 0.000, [11] 0.000, [12] 0.000.","Keywords":"Classic","LogName":"Application","Message":"svchost (1060) The database engine attached a database (2, C:\\Windows\\system32\\LogFiles\\Sum\\SystemIdentity.mdb). (Time=0 seconds) \n \nInternal Timing Sequence: [1] 0.000, [2] 0.031, [3] 0.000, [4] 0.000, [5] 0.000, [6] 0.000, [7] 0.000, [8] 0.000, [9] 0.000, [10] 0.000, [11] 0.000, [12] 0.000. \nSaved Cache: 1 0","OpCode":"Info","RecordNumber":"887","Saved_Cache":"1 0","SourceName":"ESENT","TaskCategory":"General","Type":"Information","date_hour":"8","date_mday":"1","date_minute":"26","date_month":"august","date_second":"40","date_wday":"monday","date_year":"2016","date_zone":"local","dest":"we3337srv.waynecorpinc.local","dvc":"we3337srv","dvc_nt_host":"we3337srv","event_id":"887","eventtype":["winapp","wineventlog_application","wineventlog_windows"],"host":"we3337srv","id":"887","index":"botsv1","linecount":"16","punct":"//_::_======..=====_()_______(,_:\\\\\\\\\\.)._(=_)____","severity":"Information","severity_id":"4","signature_id":"326","source":"WinEventLog:Application","sourcetype":"WinEventLog:Application","splunk_server":"kraken.local","tag":["os","windows"],"tag::eventtype":["os","windows"],"timeendpos":"23","timestartpos":"0","_bkt":"botsv1~59~25FE58F7-C438-478E-AC42-625F7A4D81D6","_cd":"59:676947245","_eventtype_color":"none","_indextime":"1473362075","_pre_msg":"08/01/2016 08:26:40 AM\nLogName=Application\nSourceName=ESENT\nEventCode=326\nEventType=4\nType=Information\nComputerName=we3337srv.waynecorpinc.local\nTaskCategory=General\nOpCode=Info\nRecordNumber=887\nKeywords=Classic","_raw":"08/01/2016 08:26:40 AM\nLogName=Application\nSourceName=ESENT\nEventCode=326\nEventType=4\nType=Information\nComputerName=we3337srv.waynecorpinc.local\nTaskCategory=General\nOpCode=Info\nRecordNumber=887\nKeywords=Classic\nMessage=svchost (1060) The database engine attached a database (2, C:\\Windows\\system32\\LogFiles\\Sum\\SystemIdentity.mdb). (Time=0 seconds) \n \nInternal Timing Sequence: [1] 0.000, [2] 0.031, [3] 0.000, [4] 0.000, [5] 0.000, [6] 0.000, [7] 0.000, [8] 0.000, [9] 0.000, [10] 0.000, [11] 0.000, [12] 0.000. \nSaved Cache: 1 0\n","_serial":"5101","_si":["kraken.local","botsv1"],"_sourcetype":"WinEventLog:Application","_time":"2016-08-01 02:26:40.000 MDT"}}
{"preview":false,"offset":5102,"result":{"ComputerName":"we2672srv.waynecorpinc.local","EventCode":"1704","EventType":"4","Keywords":"Classic","LogName":"Application","Message":"Security policy in the Group policy objects has been applied successfully.","OpCode":"None","RecordNumber":"469","SourceName":"SceCli","TaskCategory":"None","Type":"Information","date_hour":"8","date_mday":"1","date_minute":"7","date_month":"august","date_second":"24","date_wday":"monday","date_year":"2016","date_zone":"local","dest":"we2672srv.waynecorpinc.local","dvc":"we2672srv","dvc_nt_host":"we2672srv","event_id":"469","eventtype":["winapp","wineventlog_application","wineventlog_windows"],"host":"we2672srv","id":"469","index":"botsv1","linecount":"13","punct":"//_::_======..=====__________.","severity":"Information","severity_id":"4","signature_id":"1704","source":"WinEventLog:Application","sourcetype":"WinEventLog:Application","splunk_server":"kraken.local","tag":["os","windows"],"tag::eventtype":["os","windows"],"timeendpos":"23","timestartpos":"0","_bkt":"botsv1~59~25FE58F7-C438-478E-AC42-625F7A4D81D6","_cd":"59:292746062","_eventtype_color":"none","_indextime":"1473356066","_pre_msg":"08/01/2016 08:07:24 AM\nLogName=Application\nSourceName=SceCli\nEventCode=1704\nEventType=4\nType=Information\nComputerName=we2672srv.waynecorpinc.local\nTaskCategory=None\nOpCode=None\nRecordNumber=469\nKeywords=Classic","_raw":"08/01/2016 08:07:24 AM\nLogName=Application\nSourceName=SceCli\nEventCode=1704\nEventType=4\nType=Information\nComputerName=we2672srv.waynecorpinc.local\nTaskCategory=None\nOpCode=None\nRecordNumber=469\nKeywords=Classic\nMessage=Security policy in the Group policy objects has been applied successfully.\n","_serial":"5102","_si":["kraken.local","botsv1"],"_sourcetype":"WinEventLog:Application","_time":"2016-08-01 02:07:24.000 MDT"}}
{"preview":false,"offset":5103,"result":{"ComputerName":"we6867srv.waynecorpinc.local","EventCode":"102","EventType":"4","Keywords":"Classic","LogName":"Application","Message":"svchost (968) DS_Token_DB: The database engine (10.00.10586.0000) is starting a new instance (0).","OpCode":"Info","RecordNumber":"1089","SourceName":"ESENT","TaskCategory":"General","Type":"Information","date_hour":"8","date_mday":"1","date_minute":"4","date_month":"august","date_second":"45","date_wday":"monday","date_year":"2016","date_zone":"local","dest":"we6867srv.waynecorpinc.local","dvc":"we6867srv","dvc_nt_host":"we6867srv","event_id":"1089","eventtype":["winapp","wineventlog_application","wineventlog_windows"],"host":"we6867srv","id":"1089","index":"botsv1","linecount":"13","punct":"//_::_======..=====_()_:____(...)______().","severity":"Information","severity_id":"4","signature_id":"102","source":"WinEventLog:Application","sourcetype":"WinEventLog:Application","splunk_server":"kraken.local","tag":["os","windows"],"tag::eventtype":["os","windows"],"timeendpos":"23","timestartpos":"0","_bkt":"botsv1~59~25FE58F7-C438-478E-AC42-625F7A4D81D6","_cd":"59:650866094","_eventtype_color":"none","_indextime":"1473361665","_pre_msg":"08/01/2016 08:04:45 AM\nLogName=Application\nSourceName=ESENT\nEventCode=102\nEventType=4\nType=Information\nComputerName=we6867srv.waynecorpinc.local\nTaskCategory=General\nOpCode=Info\nRecordNumber=1089\nKeywords=Classic","_raw":"08/01/2016 08:04:45 AM\nLogName=Application\nSourceName=ESENT\nEventCode=102\nEventType=4\nType=Information\nComputerName=we6867srv.waynecorpinc.local\nTaskCategory=General\nOpCode=Info\nRecordNumber=1089\nKeywords=Classic\nMessage=svchost (968) DS_Token_DB: The database engine (10.00.10586.0000) is starting a new instance (0).\n","_serial":"5103","_si":["kraken.local","botsv1"],"_sourcetype":"WinEventLog:Application","_time":"2016-08-01 02:04:45.000 MDT"}}
{"preview":false,"offset":5104,"result":{"ComputerName":"we8855srv.waynecorpinc.local","EventCode":"1001","EventType":"4","Keywords":"None","LogName":"Application","Message":"Performance counters for the WmiApRpl (WmiApRpl) service were removed successfully. The Record Data contains the new values of the system Last Counter and Last Help registry entries.","OpCode":"Info","RecordNumber":"1095","Sid":"S-1-5-18","SidType":"0","SourceName":"Microsoft-Windows-LoadPerf","TaskCategory":"None","Type":"Information","User":"NOT_TRANSLATED","date_hour":"8","date_mday":"1","date_minute":"4","date_month":"august","date_second":"15","date_wday":"monday","date_year":"2016","date_zone":"local","dest":"we8855srv.waynecorpinc.local","dvc":"we8855srv","dvc_nt_host":"we8855srv","event_id":"1095","eventtype":["winapp","wineventlog_application","wineventlog_windows"],"host":"we8855srv","id":"1095","index":"botsv1","linecount":"16","punct":"//_::_==--====..==---======_____()____.___________","severity":"Information","severity_id":"4","signature_id":"1001","source":"WinEventLog:Application","sourcetype":"WinEventLog:Application","splunk_server":"kraken.local","tag":["os","windows"],"tag::eventtype":["os","windows"],"timeendpos":"23","timestartpos":"0","_bkt":"botsv1~59~25FE58F7-C438-478E-AC42-625F7A4D81D6","_cd":"59:626457250","_eventtype_color":"none","_indextime":"1473361286","_pre_msg":"08/01/2016 08:04:15 AM\nLogName=Application\nSourceName=Microsoft-Windows-LoadPerf\nEventCode=1001\nEventType=4\nType=Information\nComputerName=we8855srv.waynecorpinc.local\nUser=NOT_TRANSLATED\nSid=S-1-5-18\nSidType=0\nTaskCategory=None\nOpCode=Info\nRecordNumber=1095\nKeywords=None","_raw":"08/01/2016 08:04:15 AM\nLogName=Application\nSourceName=Microsoft-Windows-LoadPerf\nEventCode=1001\nEventType=4\nType=Information\nComputerName=we8855srv.waynecorpinc.local\nUser=NOT_TRANSLATED\nSid=S-1-5-18\nSidType=0\nTaskCategory=None\nOpCode=Info\nRecordNumber=1095\nKeywords=None\nMessage=Performance counters for the WmiApRpl (WmiApRpl) service were removed successfully. The Record Data contains the new values of the system Last Counter and Last Help registry entries.\n","_serial":"5104","_si":["kraken.local","botsv1"],"_sourcetype":"WinEventLog:Application","_time":"2016-08-01 02:04:15.000 MDT"}}
{"preview":false,"offset":5105,"result":{"ComputerName":"we9491srv.waynecorpinc.local","EventCode":"1001","EventType":"4","Keywords":"None","LogName":"Application","Message":"Performance counters for the WmiApRpl (WmiApRpl) service were removed successfully. The Record Data contains the new values of the system Last Counter and Last Help registry entries.","OpCode":"Info","RecordNumber":"1095","Sid":"S-1-5-18","SidType":"0","SourceName":"Microsoft-Windows-LoadPerf","TaskCategory":"None","Type":"Information","User":"NOT_TRANSLATED","date_hour":"8","date_mday":"1","date_minute":"1","date_month":"august","date_second":"46","date_wday":"monday","date_year":"2016","date_zone":"local","dest":"we9491srv.waynecorpinc.local","dvc":"we9491srv","dvc_nt_host":"we9491srv","event_id":"1095","eventtype":["winapp","wineventlog_application","wineventlog_windows"],"host":"we9491srv","id":"1095","index":"botsv1","linecount":"16","punct":"//_::_==--====..==---======_____()____.___________","severity":"Information","severity_id":"4","signature_id":"1001","source":"WinEventLog:Application","sourcetype":"WinEventLog:Application","splunk_server":"kraken.local","tag":["os","windows"],"tag::eventtype":["os","windows"],"timeendpos":"23","timestartpos":"0","_bkt":"botsv1~59~25FE58F7-C438-478E-AC42-625F7A4D81D6","_cd":"59:432797813","_eventtype_color":"none","_indextime":"1473358257","_pre_msg":"08/01/2016 08:01:46 AM\nLogName=Application\nSourceName=Microsoft-Windows-LoadPerf\nEventCode=1001\nEventType=4\nType=Information\nComputerName=we9491srv.waynecorpinc.local\nUser=NOT_TRANSLATED\nSid=S-1-5-18\nSidType=0\nTaskCategory=None\nOpCode=Info\nRecordNumber=1095\nKeywords=None","_raw":"08/01/2016 08:01:46 AM\nLogName=Application\nSourceName=Microsoft-Windows-LoadPerf\nEventCode=1001\nEventType=4\nType=Information\nComputerName=we9491srv.waynecorpinc.local\nUser=NOT_TRANSLATED\nSid=S-1-5-18\nSidType=0\nTaskCategory=None\nOpCode=Info\nRecordNumber=1095\nKeywords=None\nMessage=Performance counters for the WmiApRpl (WmiApRpl) service were removed successfully. The Record Data contains the new values of the system Last Counter and Last Help registry entries.\n","_serial":"5105","_si":["kraken.local","botsv1"],"_sourcetype":"WinEventLog:Application","_time":"2016-08-01 02:01:46.000 MDT"}}
{"preview":false,"offset":5106,"result":{"ComputerName":"we3720srv.waynecorpinc.local","EventCode":"1704","EventType":"4","Keywords":"Classic","LogName":"Application","Message":"Security policy in the Group policy objects has been applied successfully.","OpCode":"None","RecordNumber":"469","SourceName":"SceCli","TaskCategory":"None","Type":"Information","date_hour":"7","date_mday":"1","date_minute":"54","date_month":"august","date_second":"5","date_wday":"monday","date_year":"2016","date_zone":"local","dest":"we3720srv.waynecorpinc.local","dvc":"we3720srv","dvc_nt_host":"we3720srv","event_id":"469","eventtype":["winapp","wineventlog_application","wineventlog_windows"],"host":"we3720srv","id":"469","index":"botsv1","linecount":"13","punct":"//_::_======..=====__________.","severity":"Information","severity_id":"4","signature_id":"1704","source":"WinEventLog:Application","sourcetype":"WinEventLog:Application","splunk_server":"kraken.local","tag":["os","windows"],"tag::eventtype":["os","windows"],"timeendpos":"23","timestartpos":"0","_bkt":"botsv1~59~25FE58F7-C438-478E-AC42-625F7A4D81D6","_cd":"59:464928690","_eventtype_color":"none","_indextime":"1473358757","_pre_msg":"08/01/2016 07:54:05 AM\nLogName=Application\nSourceName=SceCli\nEventCode=1704\nEventType=4\nType=Information\nComputerName=we3720srv.waynecorpinc.local\nTaskCategory=None\nOpCode=None\nRecordNumber=469\nKeywords=Classic","_raw":"08/01/2016 07:54:05 AM\nLogName=Application\nSourceName=SceCli\nEventCode=1704\nEventType=4\nType=Information\nComputerName=we3720srv.waynecorpinc.local\nTaskCategory=None\nOpCode=None\nRecordNumber=469\nKeywords=Classic\nMessage=Security policy in the Group policy objects has been applied successfully.\n","_serial":"5106","_si":["kraken.local","botsv1"],"_sourcetype":"WinEventLog:Application","_time":"2016-08-01 01:54:05.000 MDT"}}
{"preview":false,"offset":5107,"result":{"ComputerName":"we5941srv.waynecorpinc.local","EventCode":"326","EventType":"4","Internal_Timing_Sequence":"[1] 0.000, [2] 0.000, [3] 0.000, [4] 0.000, [5] 0.000, [6] 0.000, [7] 0.000, [8] 0.000, [9] 0.000, [10] 0.000, [11] 0.000, [12] 0.000.","Keywords":"Classic","LogName":"Application","Message":"svchost (1060) The database engine attached a database (2, C:\\Windows\\system32\\LogFiles\\Sum\\SystemIdentity.mdb). (Time=0 seconds) \n \nInternal Timing Sequence: [1] 0.000, [2] 0.000, [3] 0.000, [4] 0.000, [5] 0.000, [6] 0.000, [7] 0.000, [8] 0.000, [9] 0.000, [10] 0.000, [11] 0.000, [12] 0.000. \nSaved Cache: 1 0","OpCode":"Info","RecordNumber":"891","Saved_Cache":"1 0","SourceName":"ESENT","TaskCategory":"General","Type":"Information","date_hour":"7","date_mday":"1","date_minute":"12","date_month":"august","date_second":"20","date_wday":"monday","date_year":"2016","date_zone":"local","dest":"we5941srv.waynecorpinc.local","dvc":"we5941srv","dvc_nt_host":"we5941srv","event_id":"891","eventtype":["winapp","wineventlog_application","wineventlog_windows"],"host":"we5941srv","id":"891","index":"botsv1","linecount":"16","punct":"//_::_======..=====_()_______(,_:\\\\\\\\\\.)._(=_)____","severity":"Information","severity_id":"4","signature_id":"326","source":"WinEventLog:Application","sourcetype":"WinEventLog:Application","splunk_server":"kraken.local","tag":["os","windows"],"tag::eventtype":["os","windows"],"timeendpos":"23","timestartpos":"0","_bkt":"botsv1~59~25FE58F7-C438-478E-AC42-625F7A4D81D6","_cd":"59:163901021","_eventtype_color":"none","_indextime":"1473354043","_pre_msg":"08/01/2016 07:12:20 AM\nLogName=Application\nSourceName=ESENT\nEventCode=326\nEventType=4\nType=Information\nComputerName=we5941srv.waynecorpinc.local\nTaskCategory=General\nOpCode=Info\nRecordNumber=891\nKeywords=Classic","_raw":"08/01/2016 07:12:20 AM\nLogName=Application\nSourceName=ESENT\nEventCode=326\nEventType=4\nType=Information\nComputerName=we5941srv.waynecorpinc.local\nTaskCategory=General\nOpCode=Info\nRecordNumber=891\nKeywords=Classic\nMessage=svchost (1060) The database engine attached a database (2, C:\\Windows\\system32\\LogFiles\\Sum\\SystemIdentity.mdb). (Time=0 seconds) \n \nInternal Timing Sequence: [1] 0.000, [2] 0.000, [3] 0.000, [4] 0.000, [5] 0.000, [6] 0.000, [7] 0.000, [8] 0.000, [9] 0.000, [10] 0.000, [11] 0.000, [12] 0.000. \nSaved Cache: 1 0\n","_serial":"5107","_si":["kraken.local","botsv1"],"_sourcetype":"WinEventLog:Application","_time":"2016-08-01 01:12:20.000 MDT"}}
{"preview":false,"offset":5108,"result":{"ComputerName":"we5615srv.waynecorpinc.local","EventCode":"301","EventType":"4","Keywords":"Classic","LogName":"Application","Message":"svchost (968) DS_Token_DB: The database engine has begun replaying logfile C:\\Windows\\system32\\config\\systemprofile\\AppData\\Local\\DataSharing\\Storage\\DSS.log.","OpCode":"Info","RecordNumber":"1091","SourceName":"ESENT","TaskCategory":"Logging/Recovery","Type":"Information","date_hour":"7","date_mday":"1","date_minute":"8","date_month":"august","date_second":"38","date_wday":"monday","date_year":"2016","date_zone":"local","dest":"we5615srv.waynecorpinc.local","dvc":"we5615srv","dvc_nt_host":"we5615srv","event_id":"1091","eventtype":["winapp","wineventlog_application","wineventlog_windows"],"host":"we5615srv","id":"1091","index":"botsv1","linecount":"13","punct":"//_::_======..=/====_()_:________:\\\\\\\\\\\\\\\\\\..","severity":"Information","severity_id":"4","signature_id":"301","source":"WinEventLog:Application","sourcetype":"WinEventLog:Application","splunk_server":"kraken.local","tag":["os","windows"],"tag::eventtype":["os","windows"],"timeendpos":"23","timestartpos":"0","_bkt":"botsv1~59~25FE58F7-C438-478E-AC42-625F7A4D81D6","_cd":"59:807933750","_eventtype_color":"none","_indextime":"1473364135","_pre_msg":"08/01/2016 07:08:38 AM\nLogName=Application\nSourceName=ESENT\nEventCode=301\nEventType=4\nType=Information\nComputerName=we5615srv.waynecorpinc.local\nTaskCategory=Logging/Recovery\nOpCode=Info\nRecordNumber=1091\nKeywords=Classic","_raw":"08/01/2016 07:08:38 AM\nLogName=Application\nSourceName=ESENT\nEventCode=301\nEventType=4\nType=Information\nComputerName=we5615srv.waynecorpinc.local\nTaskCategory=Logging/Recovery\nOpCode=Info\nRecordNumber=1091\nKeywords=Classic\nMessage=svchost (968) DS_Token_DB: The database engine has begun replaying logfile C:\\Windows\\system32\\config\\systemprofile\\AppData\\Local\\DataSharing\\Storage\\DSS.log.\n","_serial":"5108","_si":["kraken.local","botsv1"],"_sourcetype":"WinEventLog:Application","_time":"2016-08-01 01:08:38.000 MDT"}}
{"preview":false,"offset":5109,"result":{"ComputerName":"we9390srv.waynecorpinc.local","EventCode":"300","EventType":"4","Keywords":"Classic","LogName":"Application","Message":"svchost (968) DS_Token_DB: The database engine is initiating recovery steps.","OpCode":"Info","RecordNumber":"1090","SourceName":"ESENT","TaskCategory":"Logging/Recovery","Type":"Information","date_hour":"7","date_mday":"1","date_minute":"7","date_month":"august","date_second":"57","date_wday":"monday","date_year":"2016","date_zone":"local","dest":"we9390srv.waynecorpinc.local","dvc":"we9390srv","dvc_nt_host":"we9390srv","event_id":"1090","eventtype":["winapp","wineventlog_application","wineventlog_windows"],"host":"we9390srv","id":"1090","index":"botsv1","linecount":"13","punct":"//_::_======..=/====_()_:_______.","severity":"Information","severity_id":"4","signature_id":"300","source":"WinEventLog:Application","sourcetype":"WinEventLog:Application","splunk_server":"kraken.local","tag":["os","windows"],"tag::eventtype":["os","windows"],"timeendpos":"23","timestartpos":"0","_bkt":"botsv1~59~25FE58F7-C438-478E-AC42-625F7A4D81D6","_cd":"59:445935973","_eventtype_color":"none","_indextime":"1473358461","_pre_msg":"08/01/2016 07:07:57 AM\nLogName=Application\nSourceName=ESENT\nEventCode=300\nEventType=4\nType=Information\nComputerName=we9390srv.waynecorpinc.local\nTaskCategory=Logging/Recovery\nOpCode=Info\nRecordNumber=1090\nKeywords=Classic","_raw":"08/01/2016 07:07:57 AM\nLogName=Application\nSourceName=ESENT\nEventCode=300\nEventType=4\nType=Information\nComputerName=we9390srv.waynecorpinc.local\nTaskCategory=Logging/Recovery\nOpCode=Info\nRecordNumber=1090\nKeywords=Classic\nMessage=svchost (968) DS_Token_DB: The database engine is initiating recovery steps.\n","_serial":"5109","_si":["kraken.local","botsv1"],"_sourcetype":"WinEventLog:Application","_time":"2016-08-01 01:07:57.000 MDT"}}
{"preview":false,"offset":5110,"result":{"ComputerName":"we9980srv.waynecorpinc.local","EventCode":"327","EventType":"4","Internal_Timing_Sequence":"[1] 0.000, [2] 0.000, [3] 0.000, [4] 0.000, [5] 0.000, [6] 0.016, [7] 0.000, [8] 0.000, [9] 0.031, [10] 0.000, [11] 0.000, [12] 0.000.","Keywords":"Classic","LogName":"Application","Message":"svchost (1060) The database engine detached a database (2, C:\\Windows\\system32\\LogFiles\\Sum\\SystemIdentity.mdb). (Time=0 seconds) \n \nInternal Timing Sequence: [1] 0.000, [2] 0.000, [3] 0.000, [4] 0.000, [5] 0.000, [6] 0.016, [7] 0.000, [8] 0.000, [9] 0.031, [10] 0.000, [11] 0.000, [12] 0.000. \nRevived Cache: 0 0","OpCode":"Info","RecordNumber":"888","Revived_Cache":"0 0","SourceName":"ESENT","TaskCategory":"General","Type":"Information","date_hour":"7","date_mday":"1","date_minute":"3","date_month":"august","date_second":"32","date_wday":"monday","date_year":"2016","date_zone":"local","dest":"we9980srv.waynecorpinc.local","dvc":"we9980srv","dvc_nt_host":"we9980srv","event_id":"888","eventtype":["winapp","wineventlog_application","wineventlog_windows"],"host":"we9980srv","id":"888","index":"botsv1","linecount":"16","punct":"//_::_======..=====_()_______(,_:\\\\\\\\\\.)._(=_)____","severity":"Information","severity_id":"4","signature_id":"327","source":"WinEventLog:Application","sourcetype":"WinEventLog:Application","splunk_server":"kraken.local","tag":["os","windows"],"tag::eventtype":["os","windows"],"timeendpos":"23","timestartpos":"0","_bkt":"botsv1~59~25FE58F7-C438-478E-AC42-625F7A4D81D6","_cd":"59:98704238","_eventtype_color":"none","_indextime":"1473353028","_pre_msg":"08/01/2016 07:03:32 AM\nLogName=Application\nSourceName=ESENT\nEventCode=327\nEventType=4\nType=Information\nComputerName=we9980srv.waynecorpinc.local\nTaskCategory=General\nOpCode=Info\nRecordNumber=888\nKeywords=Classic","_raw":"08/01/2016 07:03:32 AM\nLogName=Application\nSourceName=ESENT\nEventCode=327\nEventType=4\nType=Information\nComputerName=we9980srv.waynecorpinc.local\nTaskCategory=General\nOpCode=Info\nRecordNumber=888\nKeywords=Classic\nMessage=svchost (1060) The database engine detached a database (2, C:\\Windows\\system32\\LogFiles\\Sum\\SystemIdentity.mdb). (Time=0 seconds) \n \nInternal Timing Sequence: [1] 0.000, [2] 0.000, [3] 0.000, [4] 0.000, [5] 0.000, [6] 0.016, [7] 0.000, [8] 0.000, [9] 0.031, [10] 0.000, [11] 0.000, [12] 0.000. \nRevived Cache: 0 0\n","_serial":"5110","_si":["kraken.local","botsv1"],"_sourcetype":"WinEventLog:Application","_time":"2016-08-01 01:03:32.000 MDT"}}
{"preview":false,"offset":5111,"result":{"ComputerName":"we2201srv.waynecorpinc.local","EventCode":"1704","EventType":"4","Keywords":"Classic","LogName":"Application","Message":"Security policy in the Group policy objects has been applied successfully.","OpCode":"None","RecordNumber":"886","SourceName":"SceCli","TaskCategory":"None","Type":"Information","date_hour":"6","date_mday":"1","date_minute":"39","date_month":"august","date_second":"8","date_wday":"monday","date_year":"2016","date_zone":"local","dest":"we2201srv.waynecorpinc.local","dvc":"we2201srv","dvc_nt_host":"we2201srv","event_id":"886","eventtype":["winapp","wineventlog_application","wineventlog_windows"],"host":"we2201srv","id":"886","index":"botsv1","linecount":"13","punct":"//_::_======..=====__________.","severity":"Information","severity_id":"4","signature_id":"1704","source":"WinEventLog:Application","sourcetype":"WinEventLog:Application","splunk_server":"kraken.local","tag":["os","windows"],"tag::eventtype":["os","windows"],"timeendpos":"23","timestartpos":"0","_bkt":"botsv1~59~25FE58F7-C438-478E-AC42-625F7A4D81D6","_cd":"59:864192312","_eventtype_color":"none","_indextime":"1473365022","_pre_msg":"08/01/2016 06:39:08 AM\nLogName=Application\nSourceName=SceCli\nEventCode=1704\nEventType=4\nType=Information\nComputerName=we2201srv.waynecorpinc.local\nTaskCategory=None\nOpCode=None\nRecordNumber=886\nKeywords=Classic","_raw":"08/01/2016 06:39:08 AM\nLogName=Application\nSourceName=SceCli\nEventCode=1704\nEventType=4\nType=Information\nComputerName=we2201srv.waynecorpinc.local\nTaskCategory=None\nOpCode=None\nRecordNumber=886\nKeywords=Classic\nMessage=Security policy in the Group policy objects has been applied successfully.\n","_serial":"5111","_si":["kraken.local","botsv1"],"_sourcetype":"WinEventLog:Application","_time":"2016-08-01 00:39:08.000 MDT"}}
{"preview":false,"offset":5112,"result":{"ComputerName":"we7632srv.waynecorpinc.local","EventCode":"327","EventType":"4","Internal_Timing_Sequence":"[1] 0.000, [2] 0.000, [3] 0.000, [4] 0.000, [5] 0.000, [6] 0.031, [7] 0.000, [8] 0.000, [9] 0.000, [10] 0.000, [11] 0.000, [12] 0.000.","Keywords":"Classic","LogName":"Application","Message":"svchost (1060) The database engine detached a database (2, C:\\Windows\\system32\\LogFiles\\Sum\\SystemIdentity.mdb). (Time=0 seconds) \n \nInternal Timing Sequence: [1] 0.000, [2] 0.000, [3] 0.000, [4] 0.000, [5] 0.000, [6] 0.031, [7] 0.000, [8] 0.000, [9] 0.000, [10] 0.000, [11] 0.000, [12] 0.000. \nRevived Cache: 0 0","OpCode":"Info","RecordNumber":"896","Revived_Cache":"0 0","SourceName":"ESENT","TaskCategory":"General","Type":"Information","date_hour":"6","date_mday":"1","date_minute":"36","date_month":"august","date_second":"25","date_wday":"monday","date_year":"2016","date_zone":"local","dest":"we7632srv.waynecorpinc.local","dvc":"we7632srv","dvc_nt_host":"we7632srv","event_id":"896","eventtype":["winapp","wineventlog_application","wineventlog_windows"],"host":"we7632srv","id":"896","index":"botsv1","linecount":"16","punct":"//_::_======..=====_()_______(,_:\\\\\\\\\\.)._(=_)____","severity":"Information","severity_id":"4","signature_id":"327","source":"WinEventLog:Application","sourcetype":"WinEventLog:Application","splunk_server":"kraken.local","tag":["os","windows"],"tag::eventtype":["os","windows"],"timeendpos":"23","timestartpos":"0","_bkt":"botsv1~59~25FE58F7-C438-478E-AC42-625F7A4D81D6","_cd":"59:646042698","_eventtype_color":"none","_indextime":"1473361589","_pre_msg":"08/01/2016 06:36:25 AM\nLogName=Application\nSourceName=ESENT\nEventCode=327\nEventType=4\nType=Information\nComputerName=we7632srv.waynecorpinc.local\nTaskCategory=General\nOpCode=Info\nRecordNumber=896\nKeywords=Classic","_raw":"08/01/2016 06:36:25 AM\nLogName=Application\nSourceName=ESENT\nEventCode=327\nEventType=4\nType=Information\nComputerName=we7632srv.waynecorpinc.local\nTaskCategory=General\nOpCode=Info\nRecordNumber=896\nKeywords=Classic\nMessage=svchost (1060) The database engine detached a database (2, C:\\Windows\\system32\\LogFiles\\Sum\\SystemIdentity.mdb). (Time=0 seconds) \n \nInternal Timing Sequence: [1] 0.000, [2] 0.000, [3] 0.000, [4] 0.000, [5] 0.000, [6] 0.031, [7] 0.000, [8] 0.000, [9] 0.000, [10] 0.000, [11] 0.000, [12] 0.000. \nRevived Cache: 0 0\n","_serial":"5112","_si":["kraken.local","botsv1"],"_sourcetype":"WinEventLog:Application","_time":"2016-08-01 00:36:25.000 MDT"}}
{"preview":false,"offset":5113,"result":{"ComputerName":"we6647srv.waynecorpinc.local","EventCode":"302","EventType":"4","Keywords":"Classic","LogName":"Application","Message":"svchost (968) DS_Token_DB: The database engine has successfully completed recovery steps.","OpCode":"Info","RecordNumber":"1092","SourceName":"ESENT","TaskCategory":"Logging/Recovery","Type":"Information","date_hour":"6","date_mday":"1","date_minute":"35","date_month":"august","date_second":"55","date_wday":"monday","date_year":"2016","date_zone":"local","dest":"we6647srv.waynecorpinc.local","dvc":"we6647srv","dvc_nt_host":"we6647srv","event_id":"1092","eventtype":["winapp","wineventlog_application","wineventlog_windows"],"host":"we6647srv","id":"1092","index":"botsv1","linecount":"13","punct":"//_::_======..=/====_()_:________.","severity":"Information","severity_id":"4","signature_id":"302","source":"WinEventLog:Application","sourcetype":"WinEventLog:Application","splunk_server":"kraken.local","tag":["os","windows"],"tag::eventtype":["os","windows"],"timeendpos":"23","timestartpos":"0","_bkt":"botsv1~59~25FE58F7-C438-478E-AC42-625F7A4D81D6","_cd":"59:222993524","_eventtype_color":"none","_indextime":"1473354966","_pre_msg":"08/01/2016 06:35:55 AM\nLogName=Application\nSourceName=ESENT\nEventCode=302\nEventType=4\nType=Information\nComputerName=we6647srv.waynecorpinc.local\nTaskCategory=Logging/Recovery\nOpCode=Info\nRecordNumber=1092\nKeywords=Classic","_raw":"08/01/2016 06:35:55 AM\nLogName=Application\nSourceName=ESENT\nEventCode=302\nEventType=4\nType=Information\nComputerName=we6647srv.waynecorpinc.local\nTaskCategory=Logging/Recovery\nOpCode=Info\nRecordNumber=1092\nKeywords=Classic\nMessage=svchost (968) DS_Token_DB: The database engine has successfully completed recovery steps.\n","_serial":"5113","_si":["kraken.local","botsv1"],"_sourcetype":"WinEventLog:Application","_time":"2016-08-01 00:35:55.000 MDT"}}
{"preview":false,"offset":5114,"result":{"ComputerName":"we2172srv.waynecorpinc.local","EventCode":"326","EventType":"4","Internal_Timing_Sequence":"[1] 0.000, [2] 0.000, [3] 0.000, [4] 0.000, [5] 0.000, [6] 0.000, [7] 0.000, [8] 0.000, [9] 0.000, [10] 0.000, [11] 0.000, [12] 0.000.","Keywords":"Classic","LogName":"Application","Message":"svchost (1060) The database engine attached a database (2, C:\\Windows\\system32\\LogFiles\\Sum\\SystemIdentity.mdb). (Time=0 seconds) \n \nInternal Timing Sequence: [1] 0.000, [2] 0.000, [3] 0.000, [4] 0.000, [5] 0.000, [6] 0.000, [7] 0.000, [8] 0.000, [9] 0.000, [10] 0.000, [11] 0.000, [12] 0.000. \nSaved Cache: 1 0","OpCode":"Info","RecordNumber":"895","Saved_Cache":"1 0","SourceName":"ESENT","TaskCategory":"General","Type":"Information","date_hour":"6","date_mday":"1","date_minute":"33","date_month":"august","date_second":"19","date_wday":"monday","date_year":"2016","date_zone":"local","dest":"we2172srv.waynecorpinc.local","dvc":"we2172srv","dvc_nt_host":"we2172srv","event_id":"895","eventtype":["winapp","wineventlog_application","wineventlog_windows"],"host":"we2172srv","id":"895","index":"botsv1","linecount":"16","punct":"//_::_======..=====_()_______(,_:\\\\\\\\\\.)._(=_)____","severity":"Information","severity_id":"4","signature_id":"326","source":"WinEventLog:Application","sourcetype":"WinEventLog:Application","splunk_server":"kraken.local","tag":["os","windows"],"tag::eventtype":["os","windows"],"timeendpos":"23","timestartpos":"0","_bkt":"botsv1~59~25FE58F7-C438-478E-AC42-625F7A4D81D6","_cd":"59:177337103","_eventtype_color":"none","_indextime":"1473354256","_pre_msg":"08/01/2016 06:33:19 AM\nLogName=Application\nSourceName=ESENT\nEventCode=326\nEventType=4\nType=Information\nComputerName=we2172srv.waynecorpinc.local\nTaskCategory=General\nOpCode=Info\nRecordNumber=895\nKeywords=Classic","_raw":"08/01/2016 06:33:19 AM\nLogName=Application\nSourceName=ESENT\nEventCode=326\nEventType=4\nType=Information\nComputerName=we2172srv.waynecorpinc.local\nTaskCategory=General\nOpCode=Info\nRecordNumber=895\nKeywords=Classic\nMessage=svchost (1060) The database engine attached a database (2, C:\\Windows\\system32\\LogFiles\\Sum\\SystemIdentity.mdb). (Time=0 seconds) \n \nInternal Timing Sequence: [1] 0.000, [2] 0.000, [3] 0.000, [4] 0.000, [5] 0.000, [6] 0.000, [7] 0.000, [8] 0.000, [9] 0.000, [10] 0.000, [11] 0.000, [12] 0.000. \nSaved Cache: 1 0\n","_serial":"5114","_si":["kraken.local","botsv1"],"_sourcetype":"WinEventLog:Application","_time":"2016-08-01 00:33:19.000 MDT"}}
{"preview":false,"offset":5115,"result":{"ComputerName":"we3208srv.waynecorpinc.local","EventCode":"300","EventType":"4","Keywords":"Classic","LogName":"Application","Message":"svchost (968) DS_Token_DB: The database engine is initiating recovery steps.","OpCode":"Info","RecordNumber":"1090","SourceName":"ESENT","TaskCategory":"Logging/Recovery","Type":"Information","date_hour":"6","date_mday":"1","date_minute":"29","date_month":"august","date_second":"20","date_wday":"monday","date_year":"2016","date_zone":"local","dest":"we3208srv.waynecorpinc.local","dvc":"we3208srv","dvc_nt_host":"we3208srv","event_id":"1090","eventtype":["winapp","wineventlog_application","wineventlog_windows"],"host":"we3208srv","id":"1090","index":"botsv1","linecount":"13","punct":"//_::_======..=/====_()_:_______.","severity":"Information","severity_id":"4","signature_id":"300","source":"WinEventLog:Application","sourcetype":"WinEventLog:Application","splunk_server":"kraken.local","tag":["os","windows"],"tag::eventtype":["os","windows"],"timeendpos":"23","timestartpos":"0","_bkt":"botsv1~59~25FE58F7-C438-478E-AC42-625F7A4D81D6","_cd":"59:80003360","_eventtype_color":"none","_indextime":"1473352733","_pre_msg":"08/01/2016 06:29:20 AM\nLogName=Application\nSourceName=ESENT\nEventCode=300\nEventType=4\nType=Information\nComputerName=we3208srv.waynecorpinc.local\nTaskCategory=Logging/Recovery\nOpCode=Info\nRecordNumber=1090\nKeywords=Classic","_raw":"08/01/2016 06:29:20 AM\nLogName=Application\nSourceName=ESENT\nEventCode=300\nEventType=4\nType=Information\nComputerName=we3208srv.waynecorpinc.local\nTaskCategory=Logging/Recovery\nOpCode=Info\nRecordNumber=1090\nKeywords=Classic\nMessage=svchost (968) DS_Token_DB: The database engine is initiating recovery steps.\n","_serial":"5115","_si":["kraken.local","botsv1"],"_sourcetype":"WinEventLog:Application","_time":"2016-08-01 00:29:20.000 MDT"}}
{"preview":false,"offset":5116,"result":{"ComputerName":"we4189srv.waynecorpinc.local","EventCode":"327","EventType":"4","Internal_Timing_Sequence":"[1] 0.000, [2] 0.000, [3] 0.000, [4] 0.000, [5] 0.000, [6] 0.031, [7] 0.000, [8] 0.000, [9] 0.000, [10] 0.000, [11] 0.000, [12] 0.000.","Keywords":"Classic","LogName":"Application","Message":"svchost (1060) The database engine detached a database (2, C:\\Windows\\system32\\LogFiles\\Sum\\SystemIdentity.mdb). (Time=0 seconds) \n \nInternal Timing Sequence: [1] 0.000, [2] 0.000, [3] 0.000, [4] 0.000, [5] 0.000, [6] 0.031, [7] 0.000, [8] 0.000, [9] 0.000, [10] 0.000, [11] 0.000, [12] 0.000. \nRevived Cache: 0 0","OpCode":"Info","RecordNumber":"896","Revived_Cache":"0 0","SourceName":"ESENT","TaskCategory":"General","Type":"Information","date_hour":"6","date_mday":"1","date_minute":"25","date_month":"august","date_second":"33","date_wday":"monday","date_year":"2016","date_zone":"local","dest":"we4189srv.waynecorpinc.local","dvc":"we4189srv","dvc_nt_host":"we4189srv","event_id":"896","eventtype":["winapp","wineventlog_application","wineventlog_windows"],"host":"we4189srv","id":"896","index":"botsv1","linecount":"16","punct":"//_::_======..=====_()_______(,_:\\\\\\\\\\.)._(=_)____","severity":"Information","severity_id":"4","signature_id":"327","source":"WinEventLog:Application","sourcetype":"WinEventLog:Application","splunk_server":"kraken.local","tag":["os","windows"],"tag::eventtype":["os","windows"],"timeendpos":"23","timestartpos":"0","_bkt":"botsv1~59~25FE58F7-C438-478E-AC42-625F7A4D81D6","_cd":"59:450164791","_eventtype_color":"none","_indextime":"1473358528","_pre_msg":"08/01/2016 06:25:33 AM\nLogName=Application\nSourceName=ESENT\nEventCode=327\nEventType=4\nType=Information\nComputerName=we4189srv.waynecorpinc.local\nTaskCategory=General\nOpCode=Info\nRecordNumber=896\nKeywords=Classic","_raw":"08/01/2016 06:25:33 AM\nLogName=Application\nSourceName=ESENT\nEventCode=327\nEventType=4\nType=Information\nComputerName=we4189srv.waynecorpinc.local\nTaskCategory=General\nOpCode=Info\nRecordNumber=896\nKeywords=Classic\nMessage=svchost (1060) The database engine detached a database (2, C:\\Windows\\system32\\LogFiles\\Sum\\SystemIdentity.mdb). (Time=0 seconds) \n \nInternal Timing Sequence: [1] 0.000, [2] 0.000, [3] 0.000, [4] 0.000, [5] 0.000, [6] 0.031, [7] 0.000, [8] 0.000, [9] 0.000, [10] 0.000, [11] 0.000, [12] 0.000. \nRevived Cache: 0 0\n","_serial":"5116","_si":["kraken.local","botsv1"],"_sourcetype":"WinEventLog:Application","_time":"2016-08-01 00:25:33.000 MDT"}}
