{"preview":false,"offset":5117,"result":{"ComputerName":"we4257srv.waynecorpinc.local","EventCode":"326","EventType":"4","Internal_Timing_Sequence":"[1] 0.000, [2] 0.000, [3] 0.000, [4] 0.000, [5] 0.000, [6] 0.000, [7] 0.000, [8] 0.000, [9] 0.000, [10] 0.000, [11] 0.000, [12] 0.000.","Keywords":"Classic","LogName":"Application","Message":"svchost (1060) The database engine attached a database (2, C:\\Windows\\system32\\LogFiles\\Sum\\SystemIdentity.mdb). (Time=0 seconds) \n \nInternal Timing Sequence: [1] 0.000, [2] 0.000, [3] 0.000, [4] 0.000, [5] 0.000, [6] 0.000, [7] 0.000, [8] 0.000, [9] 0.000, [10] 0.000, [11] 0.000, [12] 0.000. \nSaved Cache: 1 0","OpCode":"Info","RecordNumber":"899","Saved_Cache":"1 0","SourceName":"ESENT","TaskCategory":"General","Type":"Information","date_hour":"6","date_mday":"1","date_minute":"13","date_month":"august","date_second":"16","date_wday":"monday","date_year":"2016","date_zone":"local","dest":"we4257srv.waynecorpinc.local","dvc":"we4257srv","dvc_nt_host":"we4257srv","event_id":"899","eventtype":["winapp","wineventlog_application","wineventlog_windows"],"host":"we4257srv","id":"899","index":"botsv1","linecount":"16","punct":"//_::_======..=====_()_______(,_:\\\\\\\\\\.)._(=_)____","severity":"Information","severity_id":"4","signature_id":"326","source":"WinEventLog:Application","sourcetype":"WinEventLog:Application","splunk_server":"kraken.local","tag":["os","windows"],"tag::eventtype":["os","windows"],"timeendpos":"23","timestartpos":"0","_bkt":"botsv1~59~25FE58F7-C438-478E-AC42-625F7A4D81D6","_cd":"59:761888947","_eventtype_color":"none","_indextime":"1473363395","_pre_msg":"08/01/2016 06:13:16 AM\nLogName=Application\nSourceName=ESENT\nEventCode=326\nEventType=4\nType=Information\nComputerName=we4257srv.waynecorpinc.local\nTaskCategory=General\nOpCode=Info\nRecordNumber=899\nKeywords=Classic","_raw":"08/01/2016 06:13:16 AM\nLogName=Application\nSourceName=ESENT\nEventCode=326\nEventType=4\nType=Information\nComputerName=we4257srv.waynecorpinc.local\nTaskCategory=General\nOpCode=Info\nRecordNumber=899\nKeywords=Classic\nMessage=svchost (1060) The database engine attached a database (2, C:\\Windows\\system32\\LogFiles\\Sum\\SystemIdentity.mdb). (Time=0 seconds) \n \nInternal Timing Sequence: [1] 0.000, [2] 0.000, [3] 0.000, [4] 0.000, [5] 0.000, [6] 0.000, [7] 0.000, [8] 0.000, [9] 0.000, [10] 0.000, [11] 0.000, [12] 0.000. \nSaved Cache: 1 0\n","_serial":"5117","_si":["kraken.local","botsv1"],"_sourcetype":"WinEventLog:Application","_time":"2016-08-01 00:13:16.000 MDT"}}
{"preview":false,"offset":5118,"result":{"ComputerName":"we7075srv.waynecorpinc.local","EventCode":"105","EventType":"4","Internal_Timing_Sequence":"[1] 0.000, [2] 0.000, [3] 0.015, [4] 0.016, [5] 0.016, [6] 0.047, [7] 0.015, [8] 0.000, [9] 0.000, [10] 0.000.","Keywords":"Classic","LogName":"Application","Message":"svchost (968) DS_Token_DB: The database engine started a new instance (0). (Time=0 seconds) \n \nInternal Timing Sequence: [1] 0.000, [2] 0.000, [3] 0.015, [4] 0.016, [5] 0.016, [6] 0.047, [7] 0.015, [8] 0.000, [9] 0.000, [10] 0.000.","OpCode":"Info","RecordNumber":"1093","SourceName":"ESENT","TaskCategory":"General","Type":"Information","date_hour":"6","date_mday":"1","date_minute":"5","date_month":"august","date_second":"44","date_wday":"monday","date_year":"2016","date_zone":"local","dest":"we7075srv.waynecorpinc.local","dvc":"we7075srv","dvc_nt_host":"we7075srv","event_id":"1093","eventtype":["winapp","wineventlog_application","wineventlog_windows"],"host":"we7075srv","id":"1093","index":"botsv1","linecount":"15","punct":"//_::_======..=====_()_:________()._(=_)____:_[]_.","severity":"Information","severity_id":"4","signature_id":"105","source":"WinEventLog:Application","sourcetype":"WinEventLog:Application","splunk_server":"kraken.local","tag":["os","windows"],"tag::eventtype":["os","windows"],"timeendpos":"23","timestartpos":"0","_bkt":"botsv1~59~25FE58F7-C438-478E-AC42-625F7A4D81D6","_cd":"59:83780405","_eventtype_color":"none","_indextime":"1473352798","_pre_msg":"08/01/2016 06:05:44 AM\nLogName=Application\nSourceName=ESENT\nEventCode=105\nEventType=4\nType=Information\nComputerName=we7075srv.waynecorpinc.local\nTaskCategory=General\nOpCode=Info\nRecordNumber=1093\nKeywords=Classic","_raw":"08/01/2016 06:05:44 AM\nLogName=Application\nSourceName=ESENT\nEventCode=105\nEventType=4\nType=Information\nComputerName=we7075srv.waynecorpinc.local\nTaskCategory=General\nOpCode=Info\nRecordNumber=1093\nKeywords=Classic\nMessage=svchost (968) DS_Token_DB: The database engine started a new instance (0). (Time=0 seconds) \n \nInternal Timing Sequence: [1] 0.000, [2] 0.000, [3] 0.015, [4] 0.016, [5] 0.016, [6] 0.047, [7] 0.015, [8] 0.000, [9] 0.000, [10] 0.000.\n","_serial":"5118","_si":["kraken.local","botsv1"],"_sourcetype":"WinEventLog:Application","_time":"2016-08-01 00:05:44.000 MDT"}}
{"preview":false,"offset":5119,"result":{"ComputerName":"we1441srv.waynecorpinc.local","EventCode":"327","EventType":"4","Internal_Timing_Sequence":"[1] 0.000, [2] 0.000, [3] 0.000, [4] 0.000, [5] 0.000, [6] 0.016, [7] 0.000, [8] 0.000, [9] 0.000, [10] 0.000, [11] 0.000, [12] 0.000.","Keywords":"Classic","LogName":"Application","Message":"svchost (1060) The database engine detached a database (2, C:\\Windows\\system32\\LogFiles\\Sum\\SystemIdentity.mdb). (Time=0 seconds) \n \nInternal Timing Sequence: [1] 0.000, [2] 0.000, [3] 0.000, [4] 0.000, [5] 0.000, [6] 0.016, [7] 0.000, [8] 0.000, [9] 0.000, [10] 0.000, [11] 0.000, [12] 0.000. \nRevived Cache: 0 0","OpCode":"Info","RecordNumber":"900","Revived_Cache":"0 0","SourceName":"ESENT","TaskCategory":"General","Type":"Information","date_hour":"5","date_mday":"1","date_minute":"50","date_month":"august","date_second":"40","date_wday":"monday","date_year":"2016","date_zone":"local","dest":"we1441srv.waynecorpinc.local","dvc":"we1441srv","dvc_nt_host":"we1441srv","event_id":"900","eventtype":["winapp","wineventlog_application","wineventlog_windows"],"host":"we1441srv","id":"900","index":"botsv1","linecount":"16","punct":"//_::_======..=====_()_______(,_:\\\\\\\\\\.)._(=_)____","severity":"Information","severity_id":"4","signature_id":"327","source":"WinEventLog:Application","sourcetype":"WinEventLog:Application","splunk_server":"kraken.local","tag":["os","windows"],"tag::eventtype":["os","windows"],"timeendpos":"23","timestartpos":"0","_bkt":"botsv1~59~25FE58F7-C438-478E-AC42-625F7A4D81D6","_cd":"59:496922401","_eventtype_color":"none","_indextime":"1473359261","_pre_msg":"08/01/2016 05:50:40 AM\nLogName=Application\nSourceName=ESENT\nEventCode=327\nEventType=4\nType=Information\nComputerName=we1441srv.waynecorpinc.local\nTaskCategory=General\nOpCode=Info\nRecordNumber=900\nKeywords=Classic","_raw":"08/01/2016 05:50:40 AM\nLogName=Application\nSourceName=ESENT\nEventCode=327\nEventType=4\nType=Information\nComputerName=we1441srv.waynecorpinc.local\nTaskCategory=General\nOpCode=Info\nRecordNumber=900\nKeywords=Classic\nMessage=svchost (1060) The database engine detached a database (2, C:\\Windows\\system32\\LogFiles\\Sum\\SystemIdentity.mdb). (Time=0 seconds) \n \nInternal Timing Sequence: [1] 0.000, [2] 0.000, [3] 0.000, [4] 0.000, [5] 0.000, [6] 0.016, [7] 0.000, [8] 0.000, [9] 0.000, [10] 0.000, [11] 0.000, [12] 0.000. \nRevived Cache: 0 0\n","_serial":"5119","_si":["kraken.local","botsv1"],"_sourcetype":"WinEventLog:Application","_time":"2016-07-31 23:50:40.000 MDT"}}
{"preview":false,"offset":5120,"result":{"ComputerName":"we6824srv.waynecorpinc.local","EventCode":"326","EventType":"4","Internal_Timing_Sequence":"[1] 0.000, [2] 0.000, [3] 0.000, [4] 0.000, [5] 0.000, [6] 0.000, [7] 0.016, [8] 0.000, [9] 0.000, [10] 0.000, [11] 0.000, [12] 0.000.","Keywords":"Classic","LogName":"Application","Message":"svchost (968) DS_Token_DB: The database engine attached a database (1, C:\\Windows\\system32\\config\\systemprofile\\AppData\\Local\\DataSharing\\Storage\\DSTokenDB2.dat). (Time=0 seconds) \n \nInternal Timing Sequence: [1] 0.000, [2] 0.000, [3] 0.000, [4] 0.000, [5] 0.000, [6] 0.000, [7] 0.016, [8] 0.000, [9] 0.000, [10] 0.000, [11] 0.000, [12] 0.000. \nSaved Cache: 1 0","OpCode":"Info","RecordNumber":"1094","Saved_Cache":"1 0","SourceName":"ESENT","TaskCategory":"General","Type":"Information","date_hour":"5","date_mday":"1","date_minute":"35","date_month":"august","date_second":"15","date_wday":"monday","date_year":"2016","date_zone":"local","dest":"we6824srv.waynecorpinc.local","dvc":"we6824srv","dvc_nt_host":"we6824srv","event_id":"1094","eventtype":["winapp","wineventlog_application","wineventlog_windows"],"host":"we6824srv","id":"1094","index":"botsv1","linecount":"16","punct":"//_::_======..=====_()_:_______(,_:\\\\\\\\\\\\\\\\\\.)._(=","severity":"Information","severity_id":"4","signature_id":"326","source":"WinEventLog:Application","sourcetype":"WinEventLog:Application","splunk_server":"kraken.local","tag":["os","windows"],"tag::eventtype":["os","windows"],"timeendpos":"23","timestartpos":"0","_bkt":"botsv1~59~25FE58F7-C438-478E-AC42-625F7A4D81D6","_cd":"59:430965421","_eventtype_color":"none","_indextime":"1473358235","_pre_msg":"08/01/2016 05:35:15 AM\nLogName=Application\nSourceName=ESENT\nEventCode=326\nEventType=4\nType=Information\nComputerName=we6824srv.waynecorpinc.local\nTaskCategory=General\nOpCode=Info\nRecordNumber=1094\nKeywords=Classic","_raw":"08/01/2016 05:35:15 AM\nLogName=Application\nSourceName=ESENT\nEventCode=326\nEventType=4\nType=Information\nComputerName=we6824srv.waynecorpinc.local\nTaskCategory=General\nOpCode=Info\nRecordNumber=1094\nKeywords=Classic\nMessage=svchost (968) DS_Token_DB: The database engine attached a database (1, C:\\Windows\\system32\\config\\systemprofile\\AppData\\Local\\DataSharing\\Storage\\DSTokenDB2.dat). (Time=0 seconds) \n \nInternal Timing Sequence: [1] 0.000, [2] 0.000, [3] 0.000, [4] 0.000, [5] 0.000, [6] 0.000, [7] 0.016, [8] 0.000, [9] 0.000, [10] 0.000, [11] 0.000, [12] 0.000. \nSaved Cache: 1 0\n","_serial":"5120","_si":["kraken.local","botsv1"],"_sourcetype":"WinEventLog:Application","_time":"2016-07-31 23:35:15.000 MDT"}}
{"preview":false,"offset":5121,"result":{"ComputerName":"we8383srv.waynecorpinc.local","EventCode":"300","EventType":"4","Keywords":"Classic","LogName":"Application","Message":"svchost (968) DS_Token_DB: The database engine is initiating recovery steps.","OpCode":"Info","RecordNumber":"1090","SourceName":"ESENT","TaskCategory":"Logging/Recovery","Type":"Information","date_hour":"5","date_mday":"1","date_minute":"27","date_month":"august","date_second":"53","date_wday":"monday","date_year":"2016","date_zone":"local","dest":"we8383srv.waynecorpinc.local","dvc":"we8383srv","dvc_nt_host":"we8383srv","event_id":"1090","eventtype":["winapp","wineventlog_application","wineventlog_windows"],"host":"we8383srv","id":"1090","index":"botsv1","linecount":"13","punct":"//_::_======..=/====_()_:_______.","severity":"Information","severity_id":"4","signature_id":"300","source":"WinEventLog:Application","sourcetype":"WinEventLog:Application","splunk_server":"kraken.local","tag":["os","windows"],"tag::eventtype":["os","windows"],"timeendpos":"23","timestartpos":"0","_bkt":"botsv1~59~25FE58F7-C438-478E-AC42-625F7A4D81D6","_cd":"59:798602968","_eventtype_color":"none","_indextime":"1473363986","_pre_msg":"08/01/2016 05:27:53 AM\nLogName=Application\nSourceName=ESENT\nEventCode=300\nEventType=4\nType=Information\nComputerName=we8383srv.waynecorpinc.local\nTaskCategory=Logging/Recovery\nOpCode=Info\nRecordNumber=1090\nKeywords=Classic","_raw":"08/01/2016 05:27:53 AM\nLogName=Application\nSourceName=ESENT\nEventCode=300\nEventType=4\nType=Information\nComputerName=we8383srv.waynecorpinc.local\nTaskCategory=Logging/Recovery\nOpCode=Info\nRecordNumber=1090\nKeywords=Classic\nMessage=svchost (968) DS_Token_DB: The database engine is initiating recovery steps.\n","_serial":"5121","_si":["kraken.local","botsv1"],"_sourcetype":"WinEventLog:Application","_time":"2016-07-31 23:27:53.000 MDT"}}
{"preview":false,"offset":5122,"result":{"ComputerName":"we4124srv.waynecorpinc.local","EventCode":"1001","EventType":"4","Keywords":"None","LogName":"Application","Message":"Performance counters for the WmiApRpl (WmiApRpl) service were removed successfully. The Record Data contains the new values of the system Last Counter and Last Help registry entries.","OpCode":"Info","RecordNumber":"1095","Sid":"S-1-5-18","SidType":"0","SourceName":"Microsoft-Windows-LoadPerf","TaskCategory":"None","Type":"Information","User":"NOT_TRANSLATED","date_hour":"5","date_mday":"1","date_minute":"23","date_month":"august","date_second":"8","date_wday":"monday","date_year":"2016","date_zone":"local","dest":"we4124srv.waynecorpinc.local","dvc":"we4124srv","dvc_nt_host":"we4124srv","event_id":"1095","eventtype":["winapp","wineventlog_application","wineventlog_windows"],"host":"we4124srv","id":"1095","index":"botsv1","linecount":"16","punct":"//_::_==--====..==---======_____()____.___________","severity":"Information","severity_id":"4","signature_id":"1001","source":"WinEventLog:Application","sourcetype":"WinEventLog:Application","splunk_server":"kraken.local","tag":["os","windows"],"tag::eventtype":["os","windows"],"timeendpos":"23","timestartpos":"0","_bkt":"botsv1~59~25FE58F7-C438-478E-AC42-625F7A4D81D6","_cd":"59:662909696","_eventtype_color":"none","_indextime":"1473361855","_pre_msg":"08/01/2016 05:23:08 AM\nLogName=Application\nSourceName=Microsoft-Windows-LoadPerf\nEventCode=1001\nEventType=4\nType=Information\nComputerName=we4124srv.waynecorpinc.local\nUser=NOT_TRANSLATED\nSid=S-1-5-18\nSidType=0\nTaskCategory=None\nOpCode=Info\nRecordNumber=1095\nKeywords=None","_raw":"08/01/2016 05:23:08 AM\nLogName=Application\nSourceName=Microsoft-Windows-LoadPerf\nEventCode=1001\nEventType=4\nType=Information\nComputerName=we4124srv.waynecorpinc.local\nUser=NOT_TRANSLATED\nSid=S-1-5-18\nSidType=0\nTaskCategory=None\nOpCode=Info\nRecordNumber=1095\nKeywords=None\nMessage=Performance counters for the WmiApRpl (WmiApRpl) service were removed successfully. The Record Data contains the new values of the system Last Counter and Last Help registry entries.\n","_serial":"5122","_si":["kraken.local","botsv1"],"_sourcetype":"WinEventLog:Application","_time":"2016-07-31 23:23:08.000 MDT"}}
{"preview":false,"offset":5123,"result":{"ComputerName":"we9875srv.waynecorpinc.local","EventCode":"302","EventType":"4","Keywords":"Classic","LogName":"Application","Message":"svchost (968) DS_Token_DB: The database engine has successfully completed recovery steps.","OpCode":"Info","RecordNumber":"1092","SourceName":"ESENT","TaskCategory":"Logging/Recovery","Type":"Information","date_hour":"5","date_mday":"1","date_minute":"22","date_month":"august","date_second":"51","date_wday":"monday","date_year":"2016","date_zone":"local","dest":"we9875srv.waynecorpinc.local","dvc":"we9875srv","dvc_nt_host":"we9875srv","event_id":"1092","eventtype":["winapp","wineventlog_application","wineventlog_windows"],"host":"we9875srv","id":"1092","index":"botsv1","linecount":"13","punct":"//_::_======..=/====_()_:________.","severity":"Information","severity_id":"4","signature_id":"302","source":"WinEventLog:Application","sourcetype":"WinEventLog:Application","splunk_server":"kraken.local","tag":["os","windows"],"tag::eventtype":["os","windows"],"timeendpos":"23","timestartpos":"0","_bkt":"botsv1~59~25FE58F7-C438-478E-AC42-625F7A4D81D6","_cd":"59:335406782","_eventtype_color":"none","_indextime":"1473356736","_pre_msg":"08/01/2016 05:22:51 AM\nLogName=Application\nSourceName=ESENT\nEventCode=302\nEventType=4\nType=Information\nComputerName=we9875srv.waynecorpinc.local\nTaskCategory=Logging/Recovery\nOpCode=Info\nRecordNumber=1092\nKeywords=Classic","_raw":"08/01/2016 05:22:51 AM\nLogName=Application\nSourceName=ESENT\nEventCode=302\nEventType=4\nType=Information\nComputerName=we9875srv.waynecorpinc.local\nTaskCategory=Logging/Recovery\nOpCode=Info\nRecordNumber=1092\nKeywords=Classic\nMessage=svchost (968) DS_Token_DB: The database engine has successfully completed recovery steps.\n","_serial":"5123","_si":["kraken.local","botsv1"],"_sourcetype":"WinEventLog:Application","_time":"2016-07-31 23:22:51.000 MDT"}}
{"preview":false,"offset":5124,"result":{"ComputerName":"we3337srv.waynecorpinc.local","EventCode":"326","EventType":"4","Internal_Timing_Sequence":"[1] 0.000, [2] 0.000, [3] 0.000, [4] 0.000, [5] 0.000, [6] 0.000, [7] 0.000, [8] 0.000, [9] 0.000, [10] 0.000, [11] 0.000, [12] 0.000.","Keywords":"Classic","LogName":"Application","Message":"svchost (1060) The database engine attached a database (2, C:\\Windows\\system32\\LogFiles\\Sum\\SystemIdentity.mdb). (Time=0 seconds) \n \nInternal Timing Sequence: [1] 0.000, [2] 0.000, [3] 0.000, [4] 0.000, [5] 0.000, [6] 0.000, [7] 0.000, [8] 0.000, [9] 0.000, [10] 0.000, [11] 0.000, [12] 0.000. \nSaved Cache: 1 0","OpCode":"Info","RecordNumber":"889","Saved_Cache":"1 0","SourceName":"ESENT","TaskCategory":"General","Type":"Information","date_hour":"5","date_mday":"1","date_minute":"19","date_month":"august","date_second":"48","date_wday":"monday","date_year":"2016","date_zone":"local","dest":"we3337srv.waynecorpinc.local","dvc":"we3337srv","dvc_nt_host":"we3337srv","event_id":"889","eventtype":["winapp","wineventlog_application","wineventlog_windows"],"host":"we3337srv","id":"889","index":"botsv1","linecount":"16","punct":"//_::_======..=====_()_______(,_:\\\\\\\\\\.)._(=_)____","severity":"Information","severity_id":"4","signature_id":"326","source":"WinEventLog:Application","sourcetype":"WinEventLog:Application","splunk_server":"kraken.local","tag":["os","windows"],"tag::eventtype":["os","windows"],"timeendpos":"23","timestartpos":"0","_bkt":"botsv1~59~25FE58F7-C438-478E-AC42-625F7A4D81D6","_cd":"59:556411098","_eventtype_color":"none","_indextime":"1473360188","_pre_msg":"08/01/2016 05:19:48 AM\nLogName=Application\nSourceName=ESENT\nEventCode=326\nEventType=4\nType=Information\nComputerName=we3337srv.waynecorpinc.local\nTaskCategory=General\nOpCode=Info\nRecordNumber=889\nKeywords=Classic","_raw":"08/01/2016 05:19:48 AM\nLogName=Application\nSourceName=ESENT\nEventCode=326\nEventType=4\nType=Information\nComputerName=we3337srv.waynecorpinc.local\nTaskCategory=General\nOpCode=Info\nRecordNumber=889\nKeywords=Classic\nMessage=svchost (1060) The database engine attached a database (2, C:\\Windows\\system32\\LogFiles\\Sum\\SystemIdentity.mdb). (Time=0 seconds) \n \nInternal Timing Sequence: [1] 0.000, [2] 0.000, [3] 0.000, [4] 0.000, [5] 0.000, [6] 0.000, [7] 0.000, [8] 0.000, [9] 0.000, [10] 0.000, [11] 0.000, [12] 0.000. \nSaved Cache: 1 0\n","_serial":"5124","_si":["kraken.local","botsv1"],"_sourcetype":"WinEventLog:Application","_time":"2016-07-31 23:19:48.000 MDT"}}
{"preview":false,"offset":5125,"result":{"ComputerName":"we8954srv.waynecorpinc.local","EventCode":"327","EventType":"4","Internal_Timing_Sequence":"[1] 0.000, [2] 0.000, [3] 0.000, [4] 0.000, [5] 0.000, [6] 0.015, [7] 0.000, [8] 0.000, [9] 0.000, [10] 0.000, [11] 0.000, [12] 0.000.","Keywords":"Classic","LogName":"Application","Message":"svchost (1060) The database engine detached a database (2, C:\\Windows\\system32\\LogFiles\\Sum\\SystemIdentity.mdb). (Time=0 seconds) \n \nInternal Timing Sequence: [1] 0.000, [2] 0.000, [3] 0.000, [4] 0.000, [5] 0.000, [6] 0.015, [7] 0.000, [8] 0.000, [9] 0.000, [10] 0.000, [11] 0.000, [12] 0.000. \nRevived Cache: 0 0","OpCode":"Info","RecordNumber":"894","Revived_Cache":"0 0","SourceName":"ESENT","TaskCategory":"General","Type":"Information","date_hour":"5","date_mday":"1","date_minute":"7","date_month":"august","date_second":"2","date_wday":"monday","date_year":"2016","date_zone":"local","dest":"we8954srv.waynecorpinc.local","dvc":"we8954srv","dvc_nt_host":"we8954srv","event_id":"894","eventtype":["winapp","wineventlog_application","wineventlog_windows"],"host":"we8954srv","id":"894","index":"botsv1","linecount":"16","punct":"//_::_======..=====_()_______(,_:\\\\\\\\\\.)._(=_)____","severity":"Information","severity_id":"4","signature_id":"327","source":"WinEventLog:Application","sourcetype":"WinEventLog:Application","splunk_server":"kraken.local","tag":["os","windows"],"tag::eventtype":["os","windows"],"timeendpos":"23","timestartpos":"0","_bkt":"botsv1~59~25FE58F7-C438-478E-AC42-625F7A4D81D6","_cd":"59:177891549","_eventtype_color":"none","_indextime":"1473354263","_pre_msg":"08/01/2016 05:07:02 AM\nLogName=Application\nSourceName=ESENT\nEventCode=327\nEventType=4\nType=Information\nComputerName=we8954srv.waynecorpinc.local\nTaskCategory=General\nOpCode=Info\nRecordNumber=894\nKeywords=Classic","_raw":"08/01/2016 05:07:02 AM\nLogName=Application\nSourceName=ESENT\nEventCode=327\nEventType=4\nType=Information\nComputerName=we8954srv.waynecorpinc.local\nTaskCategory=General\nOpCode=Info\nRecordNumber=894\nKeywords=Classic\nMessage=svchost (1060) The database engine detached a database (2, C:\\Windows\\system32\\LogFiles\\Sum\\SystemIdentity.mdb). (Time=0 seconds) \n \nInternal Timing Sequence: [1] 0.000, [2] 0.000, [3] 0.000, [4] 0.000, [5] 0.000, [6] 0.015, [7] 0.000, [8] 0.000, [9] 0.000, [10] 0.000, [11] 0.000, [12] 0.000. \nRevived Cache: 0 0\n","_serial":"5125","_si":["kraken.local","botsv1"],"_sourcetype":"WinEventLog:Application","_time":"2016-07-31 23:07:02.000 MDT"}}
{"preview":false,"offset":5126,"result":{"ComputerName":"we6304srv.waynecorpinc.local","EventCode":"1704","EventType":"4","Keywords":"Classic","LogName":"Application","Message":"Security policy in the Group policy objects has been applied successfully.","OpCode":"None","RecordNumber":"469","SourceName":"SceCli","TaskCategory":"None","Type":"Information","date_hour":"4","date_mday":"1","date_minute":"45","date_month":"august","date_second":"3","date_wday":"monday","date_year":"2016","date_zone":"local","dest":"we6304srv.waynecorpinc.local","dvc":"we6304srv","dvc_nt_host":"we6304srv","event_id":"469","eventtype":["winapp","wineventlog_application","wineventlog_windows"],"host":"we6304srv","id":"469","index":"botsv1","linecount":"13","punct":"//_::_======..=====__________.","severity":"Information","severity_id":"4","signature_id":"1704","source":"WinEventLog:Application","sourcetype":"WinEventLog:Application","splunk_server":"kraken.local","tag":["os","windows"],"tag::eventtype":["os","windows"],"timeendpos":"23","timestartpos":"0","_bkt":"botsv1~59~25FE58F7-C438-478E-AC42-625F7A4D81D6","_cd":"59:331555856","_eventtype_color":"none","_indextime":"1473356676","_pre_msg":"08/01/2016 04:45:03 AM\nLogName=Application\nSourceName=SceCli\nEventCode=1704\nEventType=4\nType=Information\nComputerName=we6304srv.waynecorpinc.local\nTaskCategory=None\nOpCode=None\nRecordNumber=469\nKeywords=Classic","_raw":"08/01/2016 04:45:03 AM\nLogName=Application\nSourceName=SceCli\nEventCode=1704\nEventType=4\nType=Information\nComputerName=we6304srv.waynecorpinc.local\nTaskCategory=None\nOpCode=None\nRecordNumber=469\nKeywords=Classic\nMessage=Security policy in the Group policy objects has been applied successfully.\n","_serial":"5126","_si":["kraken.local","botsv1"],"_sourcetype":"WinEventLog:Application","_time":"2016-07-31 22:45:03.000 MDT"}}
{"preview":false,"offset":5127,"result":{"ComputerName":"we9121srv.waynecorpinc.local","EventCode":"1704","EventType":"4","Keywords":"Classic","LogName":"Application","Message":"Security policy in the Group policy objects has been applied successfully.","OpCode":"None","RecordNumber":"469","SourceName":"SceCli","TaskCategory":"None","Type":"Information","date_hour":"4","date_mday":"1","date_minute":"36","date_month":"august","date_second":"21","date_wday":"monday","date_year":"2016","date_zone":"local","dest":"we9121srv.waynecorpinc.local","dvc":"we9121srv","dvc_nt_host":"we9121srv","event_id":"469","eventtype":["winapp","wineventlog_application","wineventlog_windows"],"host":"we9121srv","id":"469","index":"botsv1","linecount":"13","punct":"//_::_======..=====__________.","severity":"Information","severity_id":"4","signature_id":"1704","source":"WinEventLog:Application","sourcetype":"WinEventLog:Application","splunk_server":"kraken.local","tag":["os","windows"],"tag::eventtype":["os","windows"],"timeendpos":"23","timestartpos":"0","_bkt":"botsv1~59~25FE58F7-C438-478E-AC42-625F7A4D81D6","_cd":"59:663210453","_eventtype_color":"none","_indextime":"1473361858","_pre_msg":"08/01/2016 04:36:21 AM\nLogName=Application\nSourceName=SceCli\nEventCode=1704\nEventType=4\nType=Information\nComputerName=we9121srv.waynecorpinc.local\nTaskCategory=None\nOpCode=None\nRecordNumber=469\nKeywords=Classic","_raw":"08/01/2016 04:36:21 AM\nLogName=Application\nSourceName=SceCli\nEventCode=1704\nEventType=4\nType=Information\nComputerName=we9121srv.waynecorpinc.local\nTaskCategory=None\nOpCode=None\nRecordNumber=469\nKeywords=Classic\nMessage=Security policy in the Group policy objects has been applied successfully.\n","_serial":"5127","_si":["kraken.local","botsv1"],"_sourcetype":"WinEventLog:Application","_time":"2016-07-31 22:36:21.000 MDT"}}
{"preview":false,"offset":5128,"result":{"ComputerName":"we4781srv.waynecorpinc.local","EventCode":"105","EventType":"4","Internal_Timing_Sequence":"[1] 0.000, [2] 0.000, [3] 0.015, [4] 0.016, [5] 0.016, [6] 0.047, [7] 0.015, [8] 0.000, [9] 0.000, [10] 0.000.","Keywords":"Classic","LogName":"Application","Message":"svchost (968) DS_Token_DB: The database engine started a new instance (0). (Time=0 seconds) \n \nInternal Timing Sequence: [1] 0.000, [2] 0.000, [3] 0.015, [4] 0.016, [5] 0.016, [6] 0.047, [7] 0.015, [8] 0.000, [9] 0.000, [10] 0.000.","OpCode":"Info","RecordNumber":"1093","SourceName":"ESENT","TaskCategory":"General","Type":"Information","date_hour":"4","date_mday":"1","date_minute":"35","date_month":"august","date_second":"27","date_wday":"monday","date_year":"2016","date_zone":"local","dest":"we4781srv.waynecorpinc.local","dvc":"we4781srv","dvc_nt_host":"we4781srv","event_id":"1093","eventtype":["winapp","wineventlog_application","wineventlog_windows"],"host":"we4781srv","id":"1093","index":"botsv1","linecount":"15","punct":"//_::_======..=====_()_:________()._(=_)____:_[]_.","severity":"Information","severity_id":"4","signature_id":"105","source":"WinEventLog:Application","sourcetype":"WinEventLog:Application","splunk_server":"kraken.local","tag":["os","windows"],"tag::eventtype":["os","windows"],"timeendpos":"23","timestartpos":"0","_bkt":"botsv1~59~25FE58F7-C438-478E-AC42-625F7A4D81D6","_cd":"59:398737778","_eventtype_color":"none","_indextime":"1473357727","_pre_msg":"08/01/2016 04:35:27 AM\nLogName=Application\nSourceName=ESENT\nEventCode=105\nEventType=4\nType=Information\nComputerName=we4781srv.waynecorpinc.local\nTaskCategory=General\nOpCode=Info\nRecordNumber=1093\nKeywords=Classic","_raw":"08/01/2016 04:35:27 AM\nLogName=Application\nSourceName=ESENT\nEventCode=105\nEventType=4\nType=Information\nComputerName=we4781srv.waynecorpinc.local\nTaskCategory=General\nOpCode=Info\nRecordNumber=1093\nKeywords=Classic\nMessage=svchost (968) DS_Token_DB: The database engine started a new instance (0). (Time=0 seconds) \n \nInternal Timing Sequence: [1] 0.000, [2] 0.000, [3] 0.015, [4] 0.016, [5] 0.016, [6] 0.047, [7] 0.015, [8] 0.000, [9] 0.000, [10] 0.000.\n","_serial":"5128","_si":["kraken.local","botsv1"],"_sourcetype":"WinEventLog:Application","_time":"2016-07-31 22:35:27.000 MDT"}}
{"preview":false,"offset":5129,"result":{"ComputerName":"we2239srv.waynecorpinc.local","EventCode":"327","EventType":"4","Internal_Timing_Sequence":"[1] 0.000, [2] 0.000, [3] 0.000, [4] 0.000, [5] 0.000, [6] 0.015, [7] 0.000, [8] 0.000, [9] 0.000, [10] 0.000, [11] 0.000, [12] 0.000.","Keywords":"Classic","LogName":"Application","Message":"svchost (1060) The database engine detached a database (2, C:\\Windows\\system32\\LogFiles\\Sum\\SystemIdentity.mdb). (Time=0 seconds) \n \nInternal Timing Sequence: [1] 0.000, [2] 0.000, [3] 0.000, [4] 0.000, [5] 0.000, [6] 0.015, [7] 0.000, [8] 0.000, [9] 0.000, [10] 0.000, [11] 0.000, [12] 0.000. \nRevived Cache: 0 0","OpCode":"Info","RecordNumber":"894","Revived_Cache":"0 0","SourceName":"ESENT","TaskCategory":"General","Type":"Information","date_hour":"4","date_mday":"1","date_minute":"32","date_month":"august","date_second":"49","date_wday":"monday","date_year":"2016","date_zone":"local","dest":"we2239srv.waynecorpinc.local","dvc":"we2239srv","dvc_nt_host":"we2239srv","event_id":"894","eventtype":["winapp","wineventlog_application","wineventlog_windows"],"host":"we2239srv","id":"894","index":"botsv1","linecount":"16","punct":"//_::_======..=====_()_______(,_:\\\\\\\\\\.)._(=_)____","severity":"Information","severity_id":"4","signature_id":"327","source":"WinEventLog:Application","sourcetype":"WinEventLog:Application","splunk_server":"kraken.local","tag":["os","windows"],"tag::eventtype":["os","windows"],"timeendpos":"23","timestartpos":"0","_bkt":"botsv1~59~25FE58F7-C438-478E-AC42-625F7A4D81D6","_cd":"59:134439331","_eventtype_color":"none","_indextime":"1473353581","_pre_msg":"08/01/2016 04:32:49 AM\nLogName=Application\nSourceName=ESENT\nEventCode=327\nEventType=4\nType=Information\nComputerName=we2239srv.waynecorpinc.local\nTaskCategory=General\nOpCode=Info\nRecordNumber=894\nKeywords=Classic","_raw":"08/01/2016 04:32:49 AM\nLogName=Application\nSourceName=ESENT\nEventCode=327\nEventType=4\nType=Information\nComputerName=we2239srv.waynecorpinc.local\nTaskCategory=General\nOpCode=Info\nRecordNumber=894\nKeywords=Classic\nMessage=svchost (1060) The database engine detached a database (2, C:\\Windows\\system32\\LogFiles\\Sum\\SystemIdentity.mdb). (Time=0 seconds) \n \nInternal Timing Sequence: [1] 0.000, [2] 0.000, [3] 0.000, [4] 0.000, [5] 0.000, [6] 0.015, [7] 0.000, [8] 0.000, [9] 0.000, [10] 0.000, [11] 0.000, [12] 0.000. \nRevived Cache: 0 0\n","_serial":"5129","_si":["kraken.local","botsv1"],"_sourcetype":"WinEventLog:Application","_time":"2016-07-31 22:32:49.000 MDT"}}
{"preview":false,"offset":5130,"result":{"ComputerName":"we9748srv.waynecorpinc.local","EventCode":"327","EventType":"4","Internal_Timing_Sequence":"[1] 0.000, [2] 0.000, [3] 0.000, [4] 0.000, [5] 0.000, [6] 0.031, [7] 0.000, [8] 0.000, [9] 0.000, [10] 0.000, [11] 0.000, [12] 0.000.","Keywords":"Classic","LogName":"Application","Message":"svchost (1060) The database engine detached a database (2, C:\\Windows\\system32\\LogFiles\\Sum\\SystemIdentity.mdb). (Time=0 seconds) \n \nInternal Timing Sequence: [1] 0.000, [2] 0.000, [3] 0.000, [4] 0.000, [5] 0.000, [6] 0.031, [7] 0.000, [8] 0.000, [9] 0.000, [10] 0.000, [11] 0.000, [12] 0.000. \nRevived Cache: 0 0","OpCode":"Info","RecordNumber":"896","Revived_Cache":"0 0","SourceName":"ESENT","TaskCategory":"General","Type":"Information","date_hour":"4","date_mday":"1","date_minute":"4","date_month":"august","date_second":"10","date_wday":"monday","date_year":"2016","date_zone":"local","dest":"we9748srv.waynecorpinc.local","dvc":"we9748srv","dvc_nt_host":"we9748srv","event_id":"896","eventtype":["winapp","wineventlog_application","wineventlog_windows"],"host":"we9748srv","id":"896","index":"botsv1","linecount":"16","punct":"//_::_======..=====_()_______(,_:\\\\\\\\\\.)._(=_)____","severity":"Information","severity_id":"4","signature_id":"327","source":"WinEventLog:Application","sourcetype":"WinEventLog:Application","splunk_server":"kraken.local","tag":["os","windows"],"tag::eventtype":["os","windows"],"timeendpos":"23","timestartpos":"0","_bkt":"botsv1~59~25FE58F7-C438-478E-AC42-625F7A4D81D6","_cd":"59:769760174","_eventtype_color":"none","_indextime":"1473363519","_pre_msg":"08/01/2016 04:04:10 AM\nLogName=Application\nSourceName=ESENT\nEventCode=327\nEventType=4\nType=Information\nComputerName=we9748srv.waynecorpinc.local\nTaskCategory=General\nOpCode=Info\nRecordNumber=896\nKeywords=Classic","_raw":"08/01/2016 04:04:10 AM\nLogName=Application\nSourceName=ESENT\nEventCode=327\nEventType=4\nType=Information\nComputerName=we9748srv.waynecorpinc.local\nTaskCategory=General\nOpCode=Info\nRecordNumber=896\nKeywords=Classic\nMessage=svchost (1060) The database engine detached a database (2, C:\\Windows\\system32\\LogFiles\\Sum\\SystemIdentity.mdb). (Time=0 seconds) \n \nInternal Timing Sequence: [1] 0.000, [2] 0.000, [3] 0.000, [4] 0.000, [5] 0.000, [6] 0.031, [7] 0.000, [8] 0.000, [9] 0.000, [10] 0.000, [11] 0.000, [12] 0.000. \nRevived Cache: 0 0\n","_serial":"5130","_si":["kraken.local","botsv1"],"_sourcetype":"WinEventLog:Application","_time":"2016-07-31 22:04:10.000 MDT"}}
{"preview":false,"offset":5131,"result":{"ComputerName":"we1084srv.waynecorpinc.local","EventCode":"327","EventType":"4","Internal_Timing_Sequence":"[1] 0.000, [2] 0.000, [3] 0.000, [4] 0.000, [5] 0.000, [6] 0.015, [7] 0.000, [8] 0.000, [9] 0.000, [10] 0.000, [11] 0.000, [12] 0.000.","Keywords":"Classic","LogName":"Application","Message":"svchost (1060) The database engine detached a database (2, C:\\Windows\\system32\\LogFiles\\Sum\\SystemIdentity.mdb). (Time=0 seconds) \n \nInternal Timing Sequence: [1] 0.000, [2] 0.000, [3] 0.000, [4] 0.000, [5] 0.000, [6] 0.015, [7] 0.000, [8] 0.000, [9] 0.000, [10] 0.000, [11] 0.000, [12] 0.000. \nRevived Cache: 0 0","OpCode":"Info","RecordNumber":"898","Revived_Cache":"0 0","SourceName":"ESENT","TaskCategory":"General","Type":"Information","date_hour":"4","date_mday":"1","date_minute":"0","date_month":"august","date_second":"7","date_wday":"monday","date_year":"2016","date_zone":"local","dest":"we1084srv.waynecorpinc.local","dvc":"we1084srv","dvc_nt_host":"we1084srv","event_id":"898","eventtype":["winapp","wineventlog_application","wineventlog_windows"],"host":"we1084srv","id":"898","index":"botsv1","linecount":"16","punct":"//_::_======..=====_()_______(,_:\\\\\\\\\\.)._(=_)____","severity":"Information","severity_id":"4","signature_id":"327","source":"WinEventLog:Application","sourcetype":"WinEventLog:Application","splunk_server":"kraken.local","tag":["os","windows"],"tag::eventtype":["os","windows"],"timeendpos":"23","timestartpos":"0","_bkt":"botsv1~59~25FE58F7-C438-478E-AC42-625F7A4D81D6","_cd":"59:259838732","_eventtype_color":"none","_indextime":"1473355554","_pre_msg":"08/01/2016 04:00:07 AM\nLogName=Application\nSourceName=ESENT\nEventCode=327\nEventType=4\nType=Information\nComputerName=we1084srv.waynecorpinc.local\nTaskCategory=General\nOpCode=Info\nRecordNumber=898\nKeywords=Classic","_raw":"08/01/2016 04:00:07 AM\nLogName=Application\nSourceName=ESENT\nEventCode=327\nEventType=4\nType=Information\nComputerName=we1084srv.waynecorpinc.local\nTaskCategory=General\nOpCode=Info\nRecordNumber=898\nKeywords=Classic\nMessage=svchost (1060) The database engine detached a database (2, C:\\Windows\\system32\\LogFiles\\Sum\\SystemIdentity.mdb). (Time=0 seconds) \n \nInternal Timing Sequence: [1] 0.000, [2] 0.000, [3] 0.000, [4] 0.000, [5] 0.000, [6] 0.015, [7] 0.000, [8] 0.000, [9] 0.000, [10] 0.000, [11] 0.000, [12] 0.000. \nRevived Cache: 0 0\n","_serial":"5131","_si":["kraken.local","botsv1"],"_sourcetype":"WinEventLog:Application","_time":"2016-07-31 22:00:07.000 MDT"}}
{"preview":false,"offset":5132,"result":{"ComputerName":"we6677srv.waynecorpinc.local","EventCode":"327","EventType":"4","Internal_Timing_Sequence":"[1] 0.000, [2] 0.000, [3] 0.000, [4] 0.000, [5] 0.000, [6] 0.015, [7] 0.000, [8] 0.000, [9] 0.000, [10] 0.000, [11] 0.000, [12] 0.000.","Keywords":"Classic","LogName":"Application","Message":"svchost (1060) The database engine detached a database (2, C:\\Windows\\system32\\LogFiles\\Sum\\SystemIdentity.mdb). (Time=0 seconds) \n \nInternal Timing Sequence: [1] 0.000, [2] 0.000, [3] 0.000, [4] 0.000, [5] 0.000, [6] 0.015, [7] 0.000, [8] 0.000, [9] 0.000, [10] 0.000, [11] 0.000, [12] 0.000. \nRevived Cache: 0 0","OpCode":"Info","RecordNumber":"898","Revived_Cache":"0 0","SourceName":"ESENT","TaskCategory":"General","Type":"Information","date_hour":"3","date_mday":"1","date_minute":"48","date_month":"august","date_second":"55","date_wday":"monday","date_year":"2016","date_zone":"local","dest":"we6677srv.waynecorpinc.local","dvc":"we6677srv","dvc_nt_host":"we6677srv","event_id":"898","eventtype":["winapp","wineventlog_application","wineventlog_windows"],"host":"we6677srv","id":"898","index":"botsv1","linecount":"16","punct":"//_::_======..=====_()_______(,_:\\\\\\\\\\.)._(=_)____","severity":"Information","severity_id":"4","signature_id":"327","source":"WinEventLog:Application","sourcetype":"WinEventLog:Application","splunk_server":"kraken.local","tag":["os","windows"],"tag::eventtype":["os","windows"],"timeendpos":"23","timestartpos":"0","_bkt":"botsv1~59~25FE58F7-C438-478E-AC42-625F7A4D81D6","_cd":"59:176666909","_eventtype_color":"none","_indextime":"1473354246","_pre_msg":"08/01/2016 03:48:55 AM\nLogName=Application\nSourceName=ESENT\nEventCode=327\nEventType=4\nType=Information\nComputerName=we6677srv.waynecorpinc.local\nTaskCategory=General\nOpCode=Info\nRecordNumber=898\nKeywords=Classic","_raw":"08/01/2016 03:48:55 AM\nLogName=Application\nSourceName=ESENT\nEventCode=327\nEventType=4\nType=Information\nComputerName=we6677srv.waynecorpinc.local\nTaskCategory=General\nOpCode=Info\nRecordNumber=898\nKeywords=Classic\nMessage=svchost (1060) The database engine detached a database (2, C:\\Windows\\system32\\LogFiles\\Sum\\SystemIdentity.mdb). (Time=0 seconds) \n \nInternal Timing Sequence: [1] 0.000, [2] 0.000, [3] 0.000, [4] 0.000, [5] 0.000, [6] 0.015, [7] 0.000, [8] 0.000, [9] 0.000, [10] 0.000, [11] 0.000, [12] 0.000. \nRevived Cache: 0 0\n","_serial":"5132","_si":["kraken.local","botsv1"],"_sourcetype":"WinEventLog:Application","_time":"2016-07-31 21:48:55.000 MDT"}}
{"preview":false,"offset":5133,"result":{"ComputerName":"we3009srv.waynecorpinc.local","EventCode":"327","EventType":"4","Internal_Timing_Sequence":"[1] 0.000, [2] 0.000, [3] 0.000, [4] 0.000, [5] 0.000, [6] 0.015, [7] 0.000, [8] 0.000, [9] 0.000, [10] 0.000, [11] 0.000, [12] 0.000.","Keywords":"Classic","LogName":"Application","Message":"svchost (1060) The database engine detached a database (2, C:\\Windows\\system32\\LogFiles\\Sum\\SystemIdentity.mdb). (Time=0 seconds) \n \nInternal Timing Sequence: [1] 0.000, [2] 0.000, [3] 0.000, [4] 0.000, [5] 0.000, [6] 0.015, [7] 0.000, [8] 0.000, [9] 0.000, [10] 0.000, [11] 0.000, [12] 0.000. \nRevived Cache: 0 0","OpCode":"Info","RecordNumber":"890","Revived_Cache":"0 0","SourceName":"ESENT","TaskCategory":"General","Type":"Information","date_hour":"3","date_mday":"1","date_minute":"35","date_month":"august","date_second":"58","date_wday":"monday","date_year":"2016","date_zone":"local","dest":"we3009srv.waynecorpinc.local","dvc":"we3009srv","dvc_nt_host":"we3009srv","event_id":"890","eventtype":["winapp","wineventlog_application","wineventlog_windows"],"host":"we3009srv","id":"890","index":"botsv1","linecount":"16","punct":"//_::_======..=====_()_______(,_:\\\\\\\\\\.)._(=_)____","severity":"Information","severity_id":"4","signature_id":"327","source":"WinEventLog:Application","sourcetype":"WinEventLog:Application","splunk_server":"kraken.local","tag":["os","windows"],"tag::eventtype":["os","windows"],"timeendpos":"23","timestartpos":"0","_bkt":"botsv1~59~25FE58F7-C438-478E-AC42-625F7A4D81D6","_cd":"59:380285679","_eventtype_color":"none","_indextime":"1473357435","_pre_msg":"08/01/2016 03:35:58 AM\nLogName=Application\nSourceName=ESENT\nEventCode=327\nEventType=4\nType=Information\nComputerName=we3009srv.waynecorpinc.local\nTaskCategory=General\nOpCode=Info\nRecordNumber=890\nKeywords=Classic","_raw":"08/01/2016 03:35:58 AM\nLogName=Application\nSourceName=ESENT\nEventCode=327\nEventType=4\nType=Information\nComputerName=we3009srv.waynecorpinc.local\nTaskCategory=General\nOpCode=Info\nRecordNumber=890\nKeywords=Classic\nMessage=svchost (1060) The database engine detached a database (2, C:\\Windows\\system32\\LogFiles\\Sum\\SystemIdentity.mdb). (Time=0 seconds) \n \nInternal Timing Sequence: [1] 0.000, [2] 0.000, [3] 0.000, [4] 0.000, [5] 0.000, [6] 0.015, [7] 0.000, [8] 0.000, [9] 0.000, [10] 0.000, [11] 0.000, [12] 0.000. \nRevived Cache: 0 0\n","_serial":"5133","_si":["kraken.local","botsv1"],"_sourcetype":"WinEventLog:Application","_time":"2016-07-31 21:35:58.000 MDT"}}
{"preview":false,"offset":5134,"result":{"ComputerName":"we1063srv.waynecorpinc.local","EventCode":"1001","EventType":"4","Keywords":"None","LogName":"Application","Message":"Performance counters for the WmiApRpl (WmiApRpl) service were removed successfully. The Record Data contains the new values of the system Last Counter and Last Help registry entries.","OpCode":"Info","RecordNumber":"1095","Sid":"S-1-5-18","SidType":"0","SourceName":"Microsoft-Windows-LoadPerf","TaskCategory":"None","Type":"Information","User":"NOT_TRANSLATED","date_hour":"3","date_mday":"1","date_minute":"33","date_month":"august","date_second":"13","date_wday":"monday","date_year":"2016","date_zone":"local","dest":"we1063srv.waynecorpinc.local","dvc":"we1063srv","dvc_nt_host":"we1063srv","event_id":"1095","eventtype":["winapp","wineventlog_application","wineventlog_windows"],"host":"we1063srv","id":"1095","index":"botsv1","linecount":"16","punct":"//_::_==--====..==---======_____()____.___________","severity":"Information","severity_id":"4","signature_id":"1001","source":"WinEventLog:Application","sourcetype":"WinEventLog:Application","splunk_server":"kraken.local","tag":["os","windows"],"tag::eventtype":["os","windows"],"timeendpos":"23","timestartpos":"0","_bkt":"botsv1~59~25FE58F7-C438-478E-AC42-625F7A4D81D6","_cd":"59:399080699","_eventtype_color":"none","_indextime":"1473357731","_pre_msg":"08/01/2016 03:33:13 AM\nLogName=Application\nSourceName=Microsoft-Windows-LoadPerf\nEventCode=1001\nEventType=4\nType=Information\nComputerName=we1063srv.waynecorpinc.local\nUser=NOT_TRANSLATED\nSid=S-1-5-18\nSidType=0\nTaskCategory=None\nOpCode=Info\nRecordNumber=1095\nKeywords=None","_raw":"08/01/2016 03:33:13 AM\nLogName=Application\nSourceName=Microsoft-Windows-LoadPerf\nEventCode=1001\nEventType=4\nType=Information\nComputerName=we1063srv.waynecorpinc.local\nUser=NOT_TRANSLATED\nSid=S-1-5-18\nSidType=0\nTaskCategory=None\nOpCode=Info\nRecordNumber=1095\nKeywords=None\nMessage=Performance counters for the WmiApRpl (WmiApRpl) service were removed successfully. The Record Data contains the new values of the system Last Counter and Last Help registry entries.\n","_serial":"5134","_si":["kraken.local","botsv1"],"_sourcetype":"WinEventLog:Application","_time":"2016-07-31 21:33:13.000 MDT"}}
{"preview":false,"offset":5135,"result":{"ComputerName":"we3454srv.waynecorpinc.local","EventCode":"327","EventType":"4","Internal_Timing_Sequence":"[1] 0.000, [2] 0.000, [3] 0.000, [4] 0.000, [5] 0.000, [6] 0.016, [7] 0.000, [8] 0.000, [9] 0.031, [10] 0.000, [11] 0.000, [12] 0.000.","Keywords":"Classic","LogName":"Application","Message":"svchost (1060) The database engine detached a database (2, C:\\Windows\\system32\\LogFiles\\Sum\\SystemIdentity.mdb). (Time=0 seconds) \n \nInternal Timing Sequence: [1] 0.000, [2] 0.000, [3] 0.000, [4] 0.000, [5] 0.000, [6] 0.016, [7] 0.000, [8] 0.000, [9] 0.031, [10] 0.000, [11] 0.000, [12] 0.000. \nRevived Cache: 0 0","OpCode":"Info","RecordNumber":"888","Revived_Cache":"0 0","SourceName":"ESENT","TaskCategory":"General","Type":"Information","date_hour":"3","date_mday":"1","date_minute":"31","date_month":"august","date_second":"40","date_wday":"monday","date_year":"2016","date_zone":"local","dest":"we3454srv.waynecorpinc.local","dvc":"we3454srv","dvc_nt_host":"we3454srv","event_id":"888","eventtype":["winapp","wineventlog_application","wineventlog_windows"],"host":"we3454srv","id":"888","index":"botsv1","linecount":"16","punct":"//_::_======..=====_()_______(,_:\\\\\\\\\\.)._(=_)____","severity":"Information","severity_id":"4","signature_id":"327","source":"WinEventLog:Application","sourcetype":"WinEventLog:Application","splunk_server":"kraken.local","tag":["os","windows"],"tag::eventtype":["os","windows"],"timeendpos":"23","timestartpos":"0","_bkt":"botsv1~59~25FE58F7-C438-478E-AC42-625F7A4D81D6","_cd":"59:247762522","_eventtype_color":"none","_indextime":"1473355363","_pre_msg":"08/01/2016 03:31:40 AM\nLogName=Application\nSourceName=ESENT\nEventCode=327\nEventType=4\nType=Information\nComputerName=we3454srv.waynecorpinc.local\nTaskCategory=General\nOpCode=Info\nRecordNumber=888\nKeywords=Classic","_raw":"08/01/2016 03:31:40 AM\nLogName=Application\nSourceName=ESENT\nEventCode=327\nEventType=4\nType=Information\nComputerName=we3454srv.waynecorpinc.local\nTaskCategory=General\nOpCode=Info\nRecordNumber=888\nKeywords=Classic\nMessage=svchost (1060) The database engine detached a database (2, C:\\Windows\\system32\\LogFiles\\Sum\\SystemIdentity.mdb). (Time=0 seconds) \n \nInternal Timing Sequence: [1] 0.000, [2] 0.000, [3] 0.000, [4] 0.000, [5] 0.000, [6] 0.016, [7] 0.000, [8] 0.000, [9] 0.031, [10] 0.000, [11] 0.000, [12] 0.000. \nRevived Cache: 0 0\n","_serial":"5135","_si":["kraken.local","botsv1"],"_sourcetype":"WinEventLog:Application","_time":"2016-07-31 21:31:40.000 MDT"}}
{"preview":false,"offset":5136,"result":{"ComputerName":"we3705srv.waynecorpinc.local","EventCode":"327","EventType":"4","Internal_Timing_Sequence":"[1] 0.000, [2] 0.000, [3] 0.000, [4] 0.000, [5] 0.000, [6] 0.015, [7] 0.000, [8] 0.000, [9] 0.000, [10] 0.000, [11] 0.000, [12] 0.000.","Keywords":"Classic","LogName":"Application","Message":"svchost (1060) The database engine detached a database (2, C:\\Windows\\system32\\LogFiles\\Sum\\SystemIdentity.mdb). (Time=0 seconds) \n \nInternal Timing Sequence: [1] 0.000, [2] 0.000, [3] 0.000, [4] 0.000, [5] 0.000, [6] 0.015, [7] 0.000, [8] 0.000, [9] 0.000, [10] 0.000, [11] 0.000, [12] 0.000. \nRevived Cache: 0 0","OpCode":"Info","RecordNumber":"898","Revived_Cache":"0 0","SourceName":"ESENT","TaskCategory":"General","Type":"Information","date_hour":"3","date_mday":"1","date_minute":"22","date_month":"august","date_second":"46","date_wday":"monday","date_year":"2016","date_zone":"local","dest":"we3705srv.waynecorpinc.local","dvc":"we3705srv","dvc_nt_host":"we3705srv","event_id":"898","eventtype":["winapp","wineventlog_application","wineventlog_windows"],"host":"we3705srv","id":"898","index":"botsv1","linecount":"16","punct":"//_::_======..=====_()_______(,_:\\\\\\\\\\.)._(=_)____","severity":"Information","severity_id":"4","signature_id":"327","source":"WinEventLog:Application","sourcetype":"WinEventLog:Application","splunk_server":"kraken.local","tag":["os","windows"],"tag::eventtype":["os","windows"],"timeendpos":"23","timestartpos":"0","_bkt":"botsv1~59~25FE58F7-C438-478E-AC42-625F7A4D81D6","_cd":"59:806951105","_eventtype_color":"none","_indextime":"1473364122","_pre_msg":"08/01/2016 03:22:46 AM\nLogName=Application\nSourceName=ESENT\nEventCode=327\nEventType=4\nType=Information\nComputerName=we3705srv.waynecorpinc.local\nTaskCategory=General\nOpCode=Info\nRecordNumber=898\nKeywords=Classic","_raw":"08/01/2016 03:22:46 AM\nLogName=Application\nSourceName=ESENT\nEventCode=327\nEventType=4\nType=Information\nComputerName=we3705srv.waynecorpinc.local\nTaskCategory=General\nOpCode=Info\nRecordNumber=898\nKeywords=Classic\nMessage=svchost (1060) The database engine detached a database (2, C:\\Windows\\system32\\LogFiles\\Sum\\SystemIdentity.mdb). (Time=0 seconds) \n \nInternal Timing Sequence: [1] 0.000, [2] 0.000, [3] 0.000, [4] 0.000, [5] 0.000, [6] 0.015, [7] 0.000, [8] 0.000, [9] 0.000, [10] 0.000, [11] 0.000, [12] 0.000. \nRevived Cache: 0 0\n","_serial":"5136","_si":["kraken.local","botsv1"],"_sourcetype":"WinEventLog:Application","_time":"2016-07-31 21:22:46.000 MDT"}}
