{"preview":false,"offset":5158,"result":{"ComputerName":"we4597srv.waynecorpinc.local","EventCode":"326","EventType":"4","Internal_Timing_Sequence":"[1] 0.000, [2] 0.000, [3] 0.000, [4] 0.000, [5] 0.000, [6] 0.000, [7] 0.000, [8] 0.000, [9] 0.000, [10] 0.000, [11] 0.000, [12] 0.000.","Keywords":"Classic","LogName":"Application","Message":"svchost (1060) The database engine attached a database (2, C:\\Windows\\system32\\LogFiles\\Sum\\SystemIdentity.mdb). (Time=0 seconds) \n \nInternal Timing Sequence: [1] 0.000, [2] 0.000, [3] 0.000, [4] 0.000, [5] 0.000, [6] 0.000, [7] 0.000, [8] 0.000, [9] 0.000, [10] 0.000, [11] 0.000, [12] 0.000. \nSaved Cache: 1 0","OpCode":"Info","RecordNumber":"893","Saved_Cache":"1 0","SourceName":"ESENT","TaskCategory":"General","Type":"Information","date_hour":"0","date_mday":"1","date_minute":"49","date_month":"august","date_second":"51","date_wday":"monday","date_year":"2016","date_zone":"local","dest":"we4597srv.waynecorpinc.local","dvc":"we4597srv","dvc_nt_host":"we4597srv","event_id":"893","eventtype":["winapp","wineventlog_application","wineventlog_windows"],"host":"we4597srv","id":"893","index":"botsv1","linecount":"16","punct":"//_::_======..=====_()_______(,_:\\\\\\\\\\.)._(=_)____","severity":"Information","severity_id":"4","signature_id":"326","source":"WinEventLog:Application","sourcetype":"WinEventLog:Application","splunk_server":"kraken.local","tag":["os","windows"],"tag::eventtype":["os","windows"],"timeendpos":"23","timestartpos":"0","_bkt":"botsv1~59~25FE58F7-C438-478E-AC42-625F7A4D81D6","_cd":"59:908821535","_eventtype_color":"none","_indextime":"1473365789","_pre_msg":"08/01/2016 00:49:51 AM\nLogName=Application\nSourceName=ESENT\nEventCode=326\nEventType=4\nType=Information\nComputerName=we4597srv.waynecorpinc.local\nTaskCategory=General\nOpCode=Info\nRecordNumber=893\nKeywords=Classic","_raw":"08/01/2016 00:49:51 AM\nLogName=Application\nSourceName=ESENT\nEventCode=326\nEventType=4\nType=Information\nComputerName=we4597srv.waynecorpinc.local\nTaskCategory=General\nOpCode=Info\nRecordNumber=893\nKeywords=Classic\nMessage=svchost (1060) The database engine attached a database (2, C:\\Windows\\system32\\LogFiles\\Sum\\SystemIdentity.mdb). (Time=0 seconds) \n \nInternal Timing Sequence: [1] 0.000, [2] 0.000, [3] 0.000, [4] 0.000, [5] 0.000, [6] 0.000, [7] 0.000, [8] 0.000, [9] 0.000, [10] 0.000, [11] 0.000, [12] 0.000. \nSaved Cache: 1 0\n","_serial":"5158","_si":["kraken.local","botsv1"],"_sourcetype":"WinEventLog:Application","_time":"2016-07-31 18:49:51.000 MDT"}}
{"preview":false,"offset":5159,"result":{"ComputerName":"we9010srv.waynecorpinc.local","EventCode":"326","EventType":"4","Internal_Timing_Sequence":"[1] 0.000, [2] 0.000, [3] 0.000, [4] 0.000, [5] 0.000, [6] 0.000, [7] 0.000, [8] 0.000, [9] 0.000, [10] 0.000, [11] 0.000, [12] 0.000.","Keywords":"Classic","LogName":"Application","Message":"svchost (1060) The database engine attached a database (2, C:\\Windows\\system32\\LogFiles\\Sum\\SystemIdentity.mdb). (Time=0 seconds) \n \nInternal Timing Sequence: [1] 0.000, [2] 0.000, [3] 0.000, [4] 0.000, [5] 0.000, [6] 0.000, [7] 0.000, [8] 0.000, [9] 0.000, [10] 0.000, [11] 0.000, [12] 0.000. \nSaved Cache: 1 0","OpCode":"Info","RecordNumber":"893","Saved_Cache":"1 0","SourceName":"ESENT","TaskCategory":"General","Type":"Information","date_hour":"0","date_mday":"1","date_minute":"49","date_month":"august","date_second":"38","date_wday":"monday","date_year":"2016","date_zone":"local","dest":"we9010srv.waynecorpinc.local","dvc":"we9010srv","dvc_nt_host":"we9010srv","event_id":"893","eventtype":["winapp","wineventlog_application","wineventlog_windows"],"host":"we9010srv","id":"893","index":"botsv1","linecount":"16","punct":"//_::_======..=====_()_______(,_:\\\\\\\\\\.)._(=_)____","severity":"Information","severity_id":"4","signature_id":"326","source":"WinEventLog:Application","sourcetype":"WinEventLog:Application","splunk_server":"kraken.local","tag":["os","windows"],"tag::eventtype":["os","windows"],"timeendpos":"23","timestartpos":"0","_bkt":"botsv1~59~25FE58F7-C438-478E-AC42-625F7A4D81D6","_cd":"59:298592837","_eventtype_color":"none","_indextime":"1473356155","_pre_msg":"08/01/2016 00:49:38 AM\nLogName=Application\nSourceName=ESENT\nEventCode=326\nEventType=4\nType=Information\nComputerName=we9010srv.waynecorpinc.local\nTaskCategory=General\nOpCode=Info\nRecordNumber=893\nKeywords=Classic","_raw":"08/01/2016 00:49:38 AM\nLogName=Application\nSourceName=ESENT\nEventCode=326\nEventType=4\nType=Information\nComputerName=we9010srv.waynecorpinc.local\nTaskCategory=General\nOpCode=Info\nRecordNumber=893\nKeywords=Classic\nMessage=svchost (1060) The database engine attached a database (2, C:\\Windows\\system32\\LogFiles\\Sum\\SystemIdentity.mdb). (Time=0 seconds) \n \nInternal Timing Sequence: [1] 0.000, [2] 0.000, [3] 0.000, [4] 0.000, [5] 0.000, [6] 0.000, [7] 0.000, [8] 0.000, [9] 0.000, [10] 0.000, [11] 0.000, [12] 0.000. \nSaved Cache: 1 0\n","_serial":"5159","_si":["kraken.local","botsv1"],"_sourcetype":"WinEventLog:Application","_time":"2016-07-31 18:49:38.000 MDT"}}
{"preview":false,"offset":5160,"result":{"ComputerName":"we3997srv.waynecorpinc.local","EventCode":"327","EventType":"4","Internal_Timing_Sequence":"[1] 0.000, [2] 0.000, [3] 0.000, [4] 0.000, [5] 0.000, [6] 0.015, [7] 0.000, [8] 0.000, [9] 0.000, [10] 0.000, [11] 0.000, [12] 0.000.","Keywords":"Classic","LogName":"Application","Message":"svchost (1060) The database engine detached a database (2, C:\\Windows\\system32\\LogFiles\\Sum\\SystemIdentity.mdb). (Time=0 seconds) \n \nInternal Timing Sequence: [1] 0.000, [2] 0.000, [3] 0.000, [4] 0.000, [5] 0.000, [6] 0.015, [7] 0.000, [8] 0.000, [9] 0.000, [10] 0.000, [11] 0.000, [12] 0.000. \nRevived Cache: 0 0","OpCode":"Info","RecordNumber":"890","Revived_Cache":"0 0","SourceName":"ESENT","TaskCategory":"General","Type":"Information","date_hour":"0","date_mday":"1","date_minute":"46","date_month":"august","date_second":"48","date_wday":"monday","date_year":"2016","date_zone":"local","dest":"we3997srv.waynecorpinc.local","dvc":"we3997srv","dvc_nt_host":"we3997srv","event_id":"890","eventtype":["winapp","wineventlog_application","wineventlog_windows"],"host":"we3997srv","id":"890","index":"botsv1","linecount":"16","punct":"//_::_======..=====_()_______(,_:\\\\\\\\\\.)._(=_)____","severity":"Information","severity_id":"4","signature_id":"327","source":"WinEventLog:Application","sourcetype":"WinEventLog:Application","splunk_server":"kraken.local","tag":["os","windows"],"tag::eventtype":["os","windows"],"timeendpos":"23","timestartpos":"0","_bkt":"botsv1~59~25FE58F7-C438-478E-AC42-625F7A4D81D6","_cd":"59:908972878","_eventtype_color":"none","_indextime":"1473365791","_pre_msg":"08/01/2016 00:46:48 AM\nLogName=Application\nSourceName=ESENT\nEventCode=327\nEventType=4\nType=Information\nComputerName=we3997srv.waynecorpinc.local\nTaskCategory=General\nOpCode=Info\nRecordNumber=890\nKeywords=Classic","_raw":"08/01/2016 00:46:48 AM\nLogName=Application\nSourceName=ESENT\nEventCode=327\nEventType=4\nType=Information\nComputerName=we3997srv.waynecorpinc.local\nTaskCategory=General\nOpCode=Info\nRecordNumber=890\nKeywords=Classic\nMessage=svchost (1060) The database engine detached a database (2, C:\\Windows\\system32\\LogFiles\\Sum\\SystemIdentity.mdb). (Time=0 seconds) \n \nInternal Timing Sequence: [1] 0.000, [2] 0.000, [3] 0.000, [4] 0.000, [5] 0.000, [6] 0.015, [7] 0.000, [8] 0.000, [9] 0.000, [10] 0.000, [11] 0.000, [12] 0.000. \nRevived Cache: 0 0\n","_serial":"5160","_si":["kraken.local","botsv1"],"_sourcetype":"WinEventLog:Application","_time":"2016-07-31 18:46:48.000 MDT"}}
{"preview":false,"offset":5161,"result":{"ComputerName":"we2462srv.waynecorpinc.local","EventCode":"102","EventType":"4","Keywords":"Classic","LogName":"Application","Message":"svchost (968) DS_Token_DB: The database engine (10.00.10586.0000) is starting a new instance (0).","OpCode":"Info","RecordNumber":"1089","SourceName":"ESENT","TaskCategory":"General","Type":"Information","date_hour":"0","date_mday":"1","date_minute":"36","date_month":"august","date_second":"0","date_wday":"monday","date_year":"2016","date_zone":"local","dest":"we2462srv.waynecorpinc.local","dvc":"we2462srv","dvc_nt_host":"we2462srv","event_id":"1089","eventtype":["winapp","wineventlog_application","wineventlog_windows"],"host":"we2462srv","id":"1089","index":"botsv1","linecount":"13","punct":"//_::_======..=====_()_:____(...)______().","severity":"Information","severity_id":"4","signature_id":"102","source":"WinEventLog:Application","sourcetype":"WinEventLog:Application","splunk_server":"kraken.local","tag":["os","windows"],"tag::eventtype":["os","windows"],"timeendpos":"23","timestartpos":"0","_bkt":"botsv1~59~25FE58F7-C438-478E-AC42-625F7A4D81D6","_cd":"59:107315316","_eventtype_color":"none","_indextime":"1473353158","_pre_msg":"08/01/2016 00:36:00 AM\nLogName=Application\nSourceName=ESENT\nEventCode=102\nEventType=4\nType=Information\nComputerName=we2462srv.waynecorpinc.local\nTaskCategory=General\nOpCode=Info\nRecordNumber=1089\nKeywords=Classic","_raw":"08/01/2016 00:36:00 AM\nLogName=Application\nSourceName=ESENT\nEventCode=102\nEventType=4\nType=Information\nComputerName=we2462srv.waynecorpinc.local\nTaskCategory=General\nOpCode=Info\nRecordNumber=1089\nKeywords=Classic\nMessage=svchost (968) DS_Token_DB: The database engine (10.00.10586.0000) is starting a new instance (0).\n","_serial":"5161","_si":["kraken.local","botsv1"],"_sourcetype":"WinEventLog:Application","_time":"2016-07-31 18:36:00.000 MDT"}}
{"preview":false,"offset":5162,"result":{"ComputerName":"we7497srv.waynecorpinc.local","EventCode":"301","EventType":"4","Keywords":"Classic","LogName":"Application","Message":"svchost (968) DS_Token_DB: The database engine has begun replaying logfile C:\\Windows\\system32\\config\\systemprofile\\AppData\\Local\\DataSharing\\Storage\\DSS.log.","OpCode":"Info","RecordNumber":"1091","SourceName":"ESENT","TaskCategory":"Logging/Recovery","Type":"Information","date_hour":"0","date_mday":"1","date_minute":"35","date_month":"august","date_second":"22","date_wday":"monday","date_year":"2016","date_zone":"local","dest":"we7497srv.waynecorpinc.local","dvc":"we7497srv","dvc_nt_host":"we7497srv","event_id":"1091","eventtype":["winapp","wineventlog_application","wineventlog_windows"],"host":"we7497srv","id":"1091","index":"botsv1","linecount":"13","punct":"//_::_======..=/====_()_:________:\\\\\\\\\\\\\\\\\\..","severity":"Information","severity_id":"4","signature_id":"301","source":"WinEventLog:Application","sourcetype":"WinEventLog:Application","splunk_server":"kraken.local","tag":["os","windows"],"tag::eventtype":["os","windows"],"timeendpos":"23","timestartpos":"0","_bkt":"botsv1~59~25FE58F7-C438-478E-AC42-625F7A4D81D6","_cd":"59:255743111","_eventtype_color":"none","_indextime":"1473355492","_pre_msg":"08/01/2016 00:35:22 AM\nLogName=Application\nSourceName=ESENT\nEventCode=301\nEventType=4\nType=Information\nComputerName=we7497srv.waynecorpinc.local\nTaskCategory=Logging/Recovery\nOpCode=Info\nRecordNumber=1091\nKeywords=Classic","_raw":"08/01/2016 00:35:22 AM\nLogName=Application\nSourceName=ESENT\nEventCode=301\nEventType=4\nType=Information\nComputerName=we7497srv.waynecorpinc.local\nTaskCategory=Logging/Recovery\nOpCode=Info\nRecordNumber=1091\nKeywords=Classic\nMessage=svchost (968) DS_Token_DB: The database engine has begun replaying logfile C:\\Windows\\system32\\config\\systemprofile\\AppData\\Local\\DataSharing\\Storage\\DSS.log.\n","_serial":"5162","_si":["kraken.local","botsv1"],"_sourcetype":"WinEventLog:Application","_time":"2016-07-31 18:35:22.000 MDT"}}
{"preview":false,"offset":5163,"result":{"ComputerName":"we2995srv.waynecorpinc.local","EventCode":"327","EventType":"4","Internal_Timing_Sequence":"[1] 0.000, [2] 0.000, [3] 0.000, [4] 0.000, [5] 0.000, [6] 0.015, [7] 0.000, [8] 0.000, [9] 0.000, [10] 0.000, [11] 0.000, [12] 0.000.","Keywords":"Classic","LogName":"Application","Message":"svchost (1060) The database engine detached a database (2, C:\\Windows\\system32\\LogFiles\\Sum\\SystemIdentity.mdb). (Time=0 seconds) \n \nInternal Timing Sequence: [1] 0.000, [2] 0.000, [3] 0.000, [4] 0.000, [5] 0.000, [6] 0.015, [7] 0.000, [8] 0.000, [9] 0.000, [10] 0.000, [11] 0.000, [12] 0.000. \nRevived Cache: 0 0","OpCode":"Info","RecordNumber":"890","Revived_Cache":"0 0","SourceName":"ESENT","TaskCategory":"General","Type":"Information","date_hour":"0","date_mday":"1","date_minute":"32","date_month":"august","date_second":"3","date_wday":"monday","date_year":"2016","date_zone":"local","dest":"we2995srv.waynecorpinc.local","dvc":"we2995srv","dvc_nt_host":"we2995srv","event_id":"890","eventtype":["winapp","wineventlog_application","wineventlog_windows"],"host":"we2995srv","id":"890","index":"botsv1","linecount":"16","punct":"//_::_======..=====_()_______(,_:\\\\\\\\\\.)._(=_)____","severity":"Information","severity_id":"4","signature_id":"327","source":"WinEventLog:Application","sourcetype":"WinEventLog:Application","splunk_server":"kraken.local","tag":["os","windows"],"tag::eventtype":["os","windows"],"timeendpos":"23","timestartpos":"0","_bkt":"botsv1~59~25FE58F7-C438-478E-AC42-625F7A4D81D6","_cd":"59:38528537","_eventtype_color":"none","_indextime":"1473352087","_pre_msg":"08/01/2016 00:32:03 AM\nLogName=Application\nSourceName=ESENT\nEventCode=327\nEventType=4\nType=Information\nComputerName=we2995srv.waynecorpinc.local\nTaskCategory=General\nOpCode=Info\nRecordNumber=890\nKeywords=Classic","_raw":"08/01/2016 00:32:03 AM\nLogName=Application\nSourceName=ESENT\nEventCode=327\nEventType=4\nType=Information\nComputerName=we2995srv.waynecorpinc.local\nTaskCategory=General\nOpCode=Info\nRecordNumber=890\nKeywords=Classic\nMessage=svchost (1060) The database engine detached a database (2, C:\\Windows\\system32\\LogFiles\\Sum\\SystemIdentity.mdb). (Time=0 seconds) \n \nInternal Timing Sequence: [1] 0.000, [2] 0.000, [3] 0.000, [4] 0.000, [5] 0.000, [6] 0.015, [7] 0.000, [8] 0.000, [9] 0.000, [10] 0.000, [11] 0.000, [12] 0.000. \nRevived Cache: 0 0\n","_serial":"5163","_si":["kraken.local","botsv1"],"_sourcetype":"WinEventLog:Application","_time":"2016-07-31 18:32:03.000 MDT"}}
{"preview":false,"offset":5164,"result":{"ComputerName":"we9287srv.waynecorpinc.local","EventCode":"327","EventType":"4","Internal_Timing_Sequence":"[1] 0.000, [2] 0.000, [3] 0.000, [4] 0.000, [5] 0.000, [6] 0.031, [7] 0.000, [8] 0.000, [9] 0.000, [10] 0.000, [11] 0.000, [12] 0.000.","Keywords":"Classic","LogName":"Application","Message":"svchost (1060) The database engine detached a database (2, C:\\Windows\\system32\\LogFiles\\Sum\\SystemIdentity.mdb). (Time=0 seconds) \n \nInternal Timing Sequence: [1] 0.000, [2] 0.000, [3] 0.000, [4] 0.000, [5] 0.000, [6] 0.031, [7] 0.000, [8] 0.000, [9] 0.000, [10] 0.000, [11] 0.000, [12] 0.000. \nRevived Cache: 0 0","OpCode":"Info","RecordNumber":"892","Revived_Cache":"0 0","SourceName":"ESENT","TaskCategory":"General","Type":"Information","date_hour":"0","date_mday":"1","date_minute":"27","date_month":"august","date_second":"44","date_wday":"monday","date_year":"2016","date_zone":"local","dest":"we9287srv.waynecorpinc.local","dvc":"we9287srv","dvc_nt_host":"we9287srv","event_id":"892","eventtype":["winapp","wineventlog_application","wineventlog_windows"],"host":"we9287srv","id":"892","index":"botsv1","linecount":"16","punct":"//_::_======..=====_()_______(,_:\\\\\\\\\\.)._(=_)____","severity":"Information","severity_id":"4","signature_id":"327","source":"WinEventLog:Application","sourcetype":"WinEventLog:Application","splunk_server":"kraken.local","tag":["os","windows"],"tag::eventtype":["os","windows"],"timeendpos":"23","timestartpos":"0","_bkt":"botsv1~59~25FE58F7-C438-478E-AC42-625F7A4D81D6","_cd":"59:556400661","_eventtype_color":"none","_indextime":"1473360188","_pre_msg":"08/01/2016 00:27:44 AM\nLogName=Application\nSourceName=ESENT\nEventCode=327\nEventType=4\nType=Information\nComputerName=we9287srv.waynecorpinc.local\nTaskCategory=General\nOpCode=Info\nRecordNumber=892\nKeywords=Classic","_raw":"08/01/2016 00:27:44 AM\nLogName=Application\nSourceName=ESENT\nEventCode=327\nEventType=4\nType=Information\nComputerName=we9287srv.waynecorpinc.local\nTaskCategory=General\nOpCode=Info\nRecordNumber=892\nKeywords=Classic\nMessage=svchost (1060) The database engine detached a database (2, C:\\Windows\\system32\\LogFiles\\Sum\\SystemIdentity.mdb). (Time=0 seconds) \n \nInternal Timing Sequence: [1] 0.000, [2] 0.000, [3] 0.000, [4] 0.000, [5] 0.000, [6] 0.031, [7] 0.000, [8] 0.000, [9] 0.000, [10] 0.000, [11] 0.000, [12] 0.000. \nRevived Cache: 0 0\n","_serial":"5164","_si":["kraken.local","botsv1"],"_sourcetype":"WinEventLog:Application","_time":"2016-07-31 18:27:44.000 MDT"}}
{"preview":false,"offset":5165,"result":{"ComputerName":"we2154srv.waynecorpinc.local","EventCode":"327","EventType":"4","Internal_Timing_Sequence":"[1] 0.000, [2] 0.000, [3] 0.000, [4] 0.000, [5] 0.000, [6] 0.016, [7] 0.000, [8] 0.000, [9] 0.031, [10] 0.000, [11] 0.000, [12] 0.000.","Keywords":"Classic","LogName":"Application","Message":"svchost (1060) The database engine detached a database (2, C:\\Windows\\system32\\LogFiles\\Sum\\SystemIdentity.mdb). (Time=0 seconds) \n \nInternal Timing Sequence: [1] 0.000, [2] 0.000, [3] 0.000, [4] 0.000, [5] 0.000, [6] 0.016, [7] 0.000, [8] 0.000, [9] 0.031, [10] 0.000, [11] 0.000, [12] 0.000. \nRevived Cache: 0 0","OpCode":"Info","RecordNumber":"888","Revived_Cache":"0 0","SourceName":"ESENT","TaskCategory":"General","Type":"Information","date_hour":"0","date_mday":"1","date_minute":"24","date_month":"august","date_second":"10","date_wday":"monday","date_year":"2016","date_zone":"local","dest":"we2154srv.waynecorpinc.local","dvc":"we2154srv","dvc_nt_host":"we2154srv","event_id":"888","eventtype":["winapp","wineventlog_application","wineventlog_windows"],"host":"we2154srv","id":"888","index":"botsv1","linecount":"16","punct":"//_::_======..=====_()_______(,_:\\\\\\\\\\.)._(=_)____","severity":"Information","severity_id":"4","signature_id":"327","source":"WinEventLog:Application","sourcetype":"WinEventLog:Application","splunk_server":"kraken.local","tag":["os","windows"],"tag::eventtype":["os","windows"],"timeendpos":"23","timestartpos":"0","_bkt":"botsv1~59~25FE58F7-C438-478E-AC42-625F7A4D81D6","_cd":"59:713988068","_eventtype_color":"none","_indextime":"1473362661","_pre_msg":"08/01/2016 00:24:10 AM\nLogName=Application\nSourceName=ESENT\nEventCode=327\nEventType=4\nType=Information\nComputerName=we2154srv.waynecorpinc.local\nTaskCategory=General\nOpCode=Info\nRecordNumber=888\nKeywords=Classic","_raw":"08/01/2016 00:24:10 AM\nLogName=Application\nSourceName=ESENT\nEventCode=327\nEventType=4\nType=Information\nComputerName=we2154srv.waynecorpinc.local\nTaskCategory=General\nOpCode=Info\nRecordNumber=888\nKeywords=Classic\nMessage=svchost (1060) The database engine detached a database (2, C:\\Windows\\system32\\LogFiles\\Sum\\SystemIdentity.mdb). (Time=0 seconds) \n \nInternal Timing Sequence: [1] 0.000, [2] 0.000, [3] 0.000, [4] 0.000, [5] 0.000, [6] 0.016, [7] 0.000, [8] 0.000, [9] 0.031, [10] 0.000, [11] 0.000, [12] 0.000. \nRevived Cache: 0 0\n","_serial":"5165","_si":["kraken.local","botsv1"],"_sourcetype":"WinEventLog:Application","_time":"2016-07-31 18:24:10.000 MDT"}}
{"preview":false,"offset":5166,"result":{"ComputerName":"we5866srv.waynecorpinc.local","EventCode":"302","EventType":"4","Keywords":"Classic","LogName":"Application","Message":"svchost (968) DS_Token_DB: The database engine has successfully completed recovery steps.","OpCode":"Info","RecordNumber":"1092","SourceName":"ESENT","TaskCategory":"Logging/Recovery","Type":"Information","date_hour":"0","date_mday":"1","date_minute":"23","date_month":"august","date_second":"0","date_wday":"monday","date_year":"2016","date_zone":"local","dest":"we5866srv.waynecorpinc.local","dvc":"we5866srv","dvc_nt_host":"we5866srv","event_id":"1092","eventtype":["winapp","wineventlog_application","wineventlog_windows"],"host":"we5866srv","id":"1092","index":"botsv1","linecount":"13","punct":"//_::_======..=/====_()_:________.","severity":"Information","severity_id":"4","signature_id":"302","source":"WinEventLog:Application","sourcetype":"WinEventLog:Application","splunk_server":"kraken.local","tag":["os","windows"],"tag::eventtype":["os","windows"],"timeendpos":"23","timestartpos":"0","_bkt":"botsv1~59~25FE58F7-C438-478E-AC42-625F7A4D81D6","_cd":"59:816220503","_eventtype_color":"none","_indextime":"1473364275","_pre_msg":"08/01/2016 00:23:00 AM\nLogName=Application\nSourceName=ESENT\nEventCode=302\nEventType=4\nType=Information\nComputerName=we5866srv.waynecorpinc.local\nTaskCategory=Logging/Recovery\nOpCode=Info\nRecordNumber=1092\nKeywords=Classic","_raw":"08/01/2016 00:23:00 AM\nLogName=Application\nSourceName=ESENT\nEventCode=302\nEventType=4\nType=Information\nComputerName=we5866srv.waynecorpinc.local\nTaskCategory=Logging/Recovery\nOpCode=Info\nRecordNumber=1092\nKeywords=Classic\nMessage=svchost (968) DS_Token_DB: The database engine has successfully completed recovery steps.\n","_serial":"5166","_si":["kraken.local","botsv1"],"_sourcetype":"WinEventLog:Application","_time":"2016-07-31 18:23:00.000 MDT"}}
{"preview":false,"offset":5167,"result":{"ComputerName":"we7002srv.waynecorpinc.local","EventCode":"326","EventType":"4","Internal_Timing_Sequence":"[1] 0.000, [2] 0.000, [3] 0.000, [4] 0.000, [5] 0.000, [6] 0.000, [7] 0.016, [8] 0.000, [9] 0.000, [10] 0.000, [11] 0.000, [12] 0.000.","Keywords":"Classic","LogName":"Application","Message":"svchost (968) DS_Token_DB: The database engine attached a database (1, C:\\Windows\\system32\\config\\systemprofile\\AppData\\Local\\DataSharing\\Storage\\DSTokenDB2.dat). (Time=0 seconds) \n \nInternal Timing Sequence: [1] 0.000, [2] 0.000, [3] 0.000, [4] 0.000, [5] 0.000, [6] 0.000, [7] 0.016, [8] 0.000, [9] 0.000, [10] 0.000, [11] 0.000, [12] 0.000. \nSaved Cache: 1 0","OpCode":"Info","RecordNumber":"1094","Saved_Cache":"1 0","SourceName":"ESENT","TaskCategory":"General","Type":"Information","date_hour":"0","date_mday":"1","date_minute":"16","date_month":"august","date_second":"46","date_wday":"monday","date_year":"2016","date_zone":"local","dest":"we7002srv.waynecorpinc.local","dvc":"we7002srv","dvc_nt_host":"we7002srv","event_id":"1094","eventtype":["winapp","wineventlog_application","wineventlog_windows"],"host":"we7002srv","id":"1094","index":"botsv1","linecount":"16","punct":"//_::_======..=====_()_:_______(,_:\\\\\\\\\\\\\\\\\\.)._(=","severity":"Information","severity_id":"4","signature_id":"326","source":"WinEventLog:Application","sourcetype":"WinEventLog:Application","splunk_server":"kraken.local","tag":["os","windows"],"tag::eventtype":["os","windows"],"timeendpos":"23","timestartpos":"0","_bkt":"botsv1~59~25FE58F7-C438-478E-AC42-625F7A4D81D6","_cd":"59:626976724","_eventtype_color":"none","_indextime":"1473361293","_pre_msg":"08/01/2016 00:16:46 AM\nLogName=Application\nSourceName=ESENT\nEventCode=326\nEventType=4\nType=Information\nComputerName=we7002srv.waynecorpinc.local\nTaskCategory=General\nOpCode=Info\nRecordNumber=1094\nKeywords=Classic","_raw":"08/01/2016 00:16:46 AM\nLogName=Application\nSourceName=ESENT\nEventCode=326\nEventType=4\nType=Information\nComputerName=we7002srv.waynecorpinc.local\nTaskCategory=General\nOpCode=Info\nRecordNumber=1094\nKeywords=Classic\nMessage=svchost (968) DS_Token_DB: The database engine attached a database (1, C:\\Windows\\system32\\config\\systemprofile\\AppData\\Local\\DataSharing\\Storage\\DSTokenDB2.dat). (Time=0 seconds) \n \nInternal Timing Sequence: [1] 0.000, [2] 0.000, [3] 0.000, [4] 0.000, [5] 0.000, [6] 0.000, [7] 0.016, [8] 0.000, [9] 0.000, [10] 0.000, [11] 0.000, [12] 0.000. \nSaved Cache: 1 0\n","_serial":"5167","_si":["kraken.local","botsv1"],"_sourcetype":"WinEventLog:Application","_time":"2016-07-31 18:16:46.000 MDT"}}
{"preview":false,"offset":5168,"result":{"ComputerName":"we1698srv.waynecorpinc.local","EventCode":"327","EventType":"4","Internal_Timing_Sequence":"[1] 0.000, [2] 0.000, [3] 0.000, [4] 0.000, [5] 0.000, [6] 0.015, [7] 0.000, [8] 0.000, [9] 0.000, [10] 0.000, [11] 0.000, [12] 0.000.","Keywords":"Classic","LogName":"Application","Message":"svchost (1060) The database engine detached a database (2, C:\\Windows\\system32\\LogFiles\\Sum\\SystemIdentity.mdb). (Time=0 seconds) \n \nInternal Timing Sequence: [1] 0.000, [2] 0.000, [3] 0.000, [4] 0.000, [5] 0.000, [6] 0.015, [7] 0.000, [8] 0.000, [9] 0.000, [10] 0.000, [11] 0.000, [12] 0.000. \nRevived Cache: 0 0","OpCode":"Info","RecordNumber":"898","Revived_Cache":"0 0","SourceName":"ESENT","TaskCategory":"General","Type":"Information","date_hour":"0","date_mday":"1","date_minute":"16","date_month":"august","date_second":"37","date_wday":"monday","date_year":"2016","date_zone":"local","dest":"we1698srv.waynecorpinc.local","dvc":"we1698srv","dvc_nt_host":"we1698srv","event_id":"898","eventtype":["winapp","wineventlog_application","wineventlog_windows"],"host":"we1698srv","id":"898","index":"botsv1","linecount":"16","punct":"//_::_======..=====_()_______(,_:\\\\\\\\\\.)._(=_)____","severity":"Information","severity_id":"4","signature_id":"327","source":"WinEventLog:Application","sourcetype":"WinEventLog:Application","splunk_server":"kraken.local","tag":["os","windows"],"tag::eventtype":["os","windows"],"timeendpos":"23","timestartpos":"0","_bkt":"botsv1~59~25FE58F7-C438-478E-AC42-625F7A4D81D6","_cd":"59:908940565","_eventtype_color":"none","_indextime":"1473365791","_pre_msg":"08/01/2016 00:16:37 AM\nLogName=Application\nSourceName=ESENT\nEventCode=327\nEventType=4\nType=Information\nComputerName=we1698srv.waynecorpinc.local\nTaskCategory=General\nOpCode=Info\nRecordNumber=898\nKeywords=Classic","_raw":"08/01/2016 00:16:37 AM\nLogName=Application\nSourceName=ESENT\nEventCode=327\nEventType=4\nType=Information\nComputerName=we1698srv.waynecorpinc.local\nTaskCategory=General\nOpCode=Info\nRecordNumber=898\nKeywords=Classic\nMessage=svchost (1060) The database engine detached a database (2, C:\\Windows\\system32\\LogFiles\\Sum\\SystemIdentity.mdb). (Time=0 seconds) \n \nInternal Timing Sequence: [1] 0.000, [2] 0.000, [3] 0.000, [4] 0.000, [5] 0.000, [6] 0.015, [7] 0.000, [8] 0.000, [9] 0.000, [10] 0.000, [11] 0.000, [12] 0.000. \nRevived Cache: 0 0\n","_serial":"5168","_si":["kraken.local","botsv1"],"_sourcetype":"WinEventLog:Application","_time":"2016-07-31 18:16:37.000 MDT"}}
{"preview":false,"offset":5169,"result":{"ComputerName":"we4716srv.waynecorpinc.local","EventCode":"1704","EventType":"4","Keywords":"Classic","LogName":"Application","Message":"Security policy in the Group policy objects has been applied successfully.","OpCode":"None","RecordNumber":"469","SourceName":"SceCli","TaskCategory":"None","Type":"Information","date_hour":"0","date_mday":"1","date_minute":"15","date_month":"august","date_second":"55","date_wday":"monday","date_year":"2016","date_zone":"local","dest":"we4716srv.waynecorpinc.local","dvc":"we4716srv","dvc_nt_host":"we4716srv","event_id":"469","eventtype":["winapp","wineventlog_application","wineventlog_windows"],"host":"we4716srv","id":"469","index":"botsv1","linecount":"13","punct":"//_::_======..=====__________.","severity":"Information","severity_id":"4","signature_id":"1704","source":"WinEventLog:Application","sourcetype":"WinEventLog:Application","splunk_server":"kraken.local","tag":["os","windows"],"tag::eventtype":["os","windows"],"timeendpos":"23","timestartpos":"0","_bkt":"botsv1~59~25FE58F7-C438-478E-AC42-625F7A4D81D6","_cd":"59:141354387","_eventtype_color":"none","_indextime":"1473353689","_pre_msg":"08/01/2016 00:15:55 AM\nLogName=Application\nSourceName=SceCli\nEventCode=1704\nEventType=4\nType=Information\nComputerName=we4716srv.waynecorpinc.local\nTaskCategory=None\nOpCode=None\nRecordNumber=469\nKeywords=Classic","_raw":"08/01/2016 00:15:55 AM\nLogName=Application\nSourceName=SceCli\nEventCode=1704\nEventType=4\nType=Information\nComputerName=we4716srv.waynecorpinc.local\nTaskCategory=None\nOpCode=None\nRecordNumber=469\nKeywords=Classic\nMessage=Security policy in the Group policy objects has been applied successfully.\n","_serial":"5169","_si":["kraken.local","botsv1"],"_sourcetype":"WinEventLog:Application","_time":"2016-07-31 18:15:55.000 MDT"}}
{"preview":false,"offset":5170,"result":{"ComputerName":"we5602srv.waynecorpinc.local","EventCode":"326","EventType":"4","Internal_Timing_Sequence":"[1] 0.000, [2] 0.000, [3] 0.000, [4] 0.000, [5] 0.000, [6] 0.000, [7] 0.000, [8] 0.000, [9] 0.000, [10] 0.000, [11] 0.000, [12] 0.000.","Keywords":"Classic","LogName":"Application","Message":"svchost (1060) The database engine attached a database (2, C:\\Windows\\system32\\LogFiles\\Sum\\SystemIdentity.mdb). (Time=0 seconds) \n \nInternal Timing Sequence: [1] 0.000, [2] 0.000, [3] 0.000, [4] 0.000, [5] 0.000, [6] 0.000, [7] 0.000, [8] 0.000, [9] 0.000, [10] 0.000, [11] 0.000, [12] 0.000. \nSaved Cache: 1 0","OpCode":"Info","RecordNumber":"889","Saved_Cache":"1 0","SourceName":"ESENT","TaskCategory":"General","Type":"Information","date_hour":"0","date_mday":"1","date_minute":"14","date_month":"august","date_second":"9","date_wday":"monday","date_year":"2016","date_zone":"local","dest":"we5602srv.waynecorpinc.local","dvc":"we5602srv","dvc_nt_host":"we5602srv","event_id":"889","eventtype":["winapp","wineventlog_application","wineventlog_windows"],"host":"we5602srv","id":"889","index":"botsv1","linecount":"16","punct":"//_::_======..=====_()_______(,_:\\\\\\\\\\.)._(=_)____","severity":"Information","severity_id":"4","signature_id":"326","source":"WinEventLog:Application","sourcetype":"WinEventLog:Application","splunk_server":"kraken.local","tag":["os","windows"],"tag::eventtype":["os","windows"],"timeendpos":"23","timestartpos":"0","_bkt":"botsv1~59~25FE58F7-C438-478E-AC42-625F7A4D81D6","_cd":"59:604703020","_eventtype_color":"none","_indextime":"1473360942","_pre_msg":"08/01/2016 00:14:09 AM\nLogName=Application\nSourceName=ESENT\nEventCode=326\nEventType=4\nType=Information\nComputerName=we5602srv.waynecorpinc.local\nTaskCategory=General\nOpCode=Info\nRecordNumber=889\nKeywords=Classic","_raw":"08/01/2016 00:14:09 AM\nLogName=Application\nSourceName=ESENT\nEventCode=326\nEventType=4\nType=Information\nComputerName=we5602srv.waynecorpinc.local\nTaskCategory=General\nOpCode=Info\nRecordNumber=889\nKeywords=Classic\nMessage=svchost (1060) The database engine attached a database (2, C:\\Windows\\system32\\LogFiles\\Sum\\SystemIdentity.mdb). (Time=0 seconds) \n \nInternal Timing Sequence: [1] 0.000, [2] 0.000, [3] 0.000, [4] 0.000, [5] 0.000, [6] 0.000, [7] 0.000, [8] 0.000, [9] 0.000, [10] 0.000, [11] 0.000, [12] 0.000. \nSaved Cache: 1 0\n","_serial":"5170","_si":["kraken.local","botsv1"],"_sourcetype":"WinEventLog:Application","_time":"2016-07-31 18:14:09.000 MDT"}}
{"preview":false,"offset":5171,"result":{"ComputerName":"we1510srv.waynecorpinc.local","EventCode":"102","EventType":"4","Keywords":"Classic","LogName":"Application","Message":"svchost (968) DS_Token_DB: The database engine (10.00.10586.0000) is starting a new instance (0).","OpCode":"Info","RecordNumber":"1089","SourceName":"ESENT","TaskCategory":"General","Type":"Information","date_hour":"0","date_mday":"1","date_minute":"11","date_month":"august","date_second":"18","date_wday":"monday","date_year":"2016","date_zone":"local","dest":"we1510srv.waynecorpinc.local","dvc":"we1510srv","dvc_nt_host":"we1510srv","event_id":"1089","eventtype":["winapp","wineventlog_application","wineventlog_windows"],"host":"we1510srv","id":"1089","index":"botsv1","linecount":"13","punct":"//_::_======..=====_()_:____(...)______().","severity":"Information","severity_id":"4","signature_id":"102","source":"WinEventLog:Application","sourcetype":"WinEventLog:Application","splunk_server":"kraken.local","tag":["os","windows"],"tag::eventtype":["os","windows"],"timeendpos":"23","timestartpos":"0","_bkt":"botsv1~59~25FE58F7-C438-478E-AC42-625F7A4D81D6","_cd":"59:423120326","_eventtype_color":"none","_indextime":"1473358103","_pre_msg":"08/01/2016 00:11:18 AM\nLogName=Application\nSourceName=ESENT\nEventCode=102\nEventType=4\nType=Information\nComputerName=we1510srv.waynecorpinc.local\nTaskCategory=General\nOpCode=Info\nRecordNumber=1089\nKeywords=Classic","_raw":"08/01/2016 00:11:18 AM\nLogName=Application\nSourceName=ESENT\nEventCode=102\nEventType=4\nType=Information\nComputerName=we1510srv.waynecorpinc.local\nTaskCategory=General\nOpCode=Info\nRecordNumber=1089\nKeywords=Classic\nMessage=svchost (968) DS_Token_DB: The database engine (10.00.10586.0000) is starting a new instance (0).\n","_serial":"5171","_si":["kraken.local","botsv1"],"_sourcetype":"WinEventLog:Application","_time":"2016-07-31 18:11:18.000 MDT"}}
{"preview":false,"offset":5172,"result":{"ComputerName":"we8140srv.waynecorpinc.local","EventCode":"326","EventType":"4","Internal_Timing_Sequence":"[1] 0.000, [2] 0.000, [3] 0.000, [4] 0.000, [5] 0.000, [6] 0.000, [7] 0.000, [8] 0.000, [9] 0.000, [10] 0.000, [11] 0.000, [12] 0.000.","Keywords":"Classic","LogName":"Application","Message":"svchost (1060) The database engine attached a database (2, C:\\Windows\\system32\\LogFiles\\Sum\\SystemIdentity.mdb). (Time=0 seconds) \n \nInternal Timing Sequence: [1] 0.000, [2] 0.000, [3] 0.000, [4] 0.000, [5] 0.000, [6] 0.000, [7] 0.000, [8] 0.000, [9] 0.000, [10] 0.000, [11] 0.000, [12] 0.000. \nSaved Cache: 1 0","OpCode":"Info","RecordNumber":"891","Saved_Cache":"1 0","SourceName":"ESENT","TaskCategory":"General","Type":"Information","date_hour":"0","date_mday":"1","date_minute":"6","date_month":"august","date_second":"15","date_wday":"monday","date_year":"2016","date_zone":"local","dest":"we8140srv.waynecorpinc.local","dvc":"we8140srv","dvc_nt_host":"we8140srv","event_id":"891","eventtype":["winapp","wineventlog_application","wineventlog_windows"],"host":"we8140srv","id":"891","index":"botsv1","linecount":"16","punct":"//_::_======..=====_()_______(,_:\\\\\\\\\\.)._(=_)____","severity":"Information","severity_id":"4","signature_id":"326","source":"WinEventLog:Application","sourcetype":"WinEventLog:Application","splunk_server":"kraken.local","tag":["os","windows"],"tag::eventtype":["os","windows"],"timeendpos":"23","timestartpos":"0","_bkt":"botsv1~59~25FE58F7-C438-478E-AC42-625F7A4D81D6","_cd":"59:706703118","_eventtype_color":"none","_indextime":"1473362537","_pre_msg":"08/01/2016 00:06:15 AM\nLogName=Application\nSourceName=ESENT\nEventCode=326\nEventType=4\nType=Information\nComputerName=we8140srv.waynecorpinc.local\nTaskCategory=General\nOpCode=Info\nRecordNumber=891\nKeywords=Classic","_raw":"08/01/2016 00:06:15 AM\nLogName=Application\nSourceName=ESENT\nEventCode=326\nEventType=4\nType=Information\nComputerName=we8140srv.waynecorpinc.local\nTaskCategory=General\nOpCode=Info\nRecordNumber=891\nKeywords=Classic\nMessage=svchost (1060) The database engine attached a database (2, C:\\Windows\\system32\\LogFiles\\Sum\\SystemIdentity.mdb). (Time=0 seconds) \n \nInternal Timing Sequence: [1] 0.000, [2] 0.000, [3] 0.000, [4] 0.000, [5] 0.000, [6] 0.000, [7] 0.000, [8] 0.000, [9] 0.000, [10] 0.000, [11] 0.000, [12] 0.000. \nSaved Cache: 1 0\n","_serial":"5172","_si":["kraken.local","botsv1"],"_sourcetype":"WinEventLog:Application","_time":"2016-07-31 18:06:15.000 MDT"}}
{"preview":false,"lastrow":true}
